[0.010s] Invoking command in '/workspaces/safe_teleop_slave_ws/build/safe_teleop_realtime': AMENT_PREFIX_PATH=/workspaces/safe_teleop_slave_ws/install/safe_teleop_core:${AMENT_PREFIX_PATH} CMAKE_PREFIX_PATH=/workspaces/safe_teleop_slave_ws/install/safe_teleop_core:/opt/ros/jazzy LD_LIBRARY_PATH=/workspaces/safe_teleop_slave_ws/install/safe_teleop_core/lib:${LD_LIBRARY_PATH} PYTHONPATH=/workspaces/safe_teleop_slave_ws/install/safe_teleop_core/lib/python3.12/site-packages:${PYTHONPATH} /usr/bin/cmake --build /workspaces/safe_teleop_slave_ws/build/safe_teleop_realtime -- -j32 -l32
[0.059s] [ 33%] Built target safety_monitor_node
[0.063s] [ 66%] Built target collision_detector_node
[0.064s] [ 83%] Building CXX object CMakeFiles/depth_to_pointcloud_node.dir/src/depth_to_pointcloud_node.cpp.o
[9.496s] [100%] Linking CXX executable depth_to_pointcloud_node
[9.612s] [100%] Built target depth_to_pointcloud_node
[9.619s] Invoked command in '/workspaces/safe_teleop_slave_ws/build/safe_teleop_realtime' returned '0': AMENT_PREFIX_PATH=/workspaces/safe_teleop_slave_ws/install/safe_teleop_core:${AMENT_PREFIX_PATH} CMAKE_PREFIX_PATH=/workspaces/safe_teleop_slave_ws/install/safe_teleop_core:/opt/ros/jazzy LD_LIBRARY_PATH=/workspaces/safe_teleop_slave_ws/install/safe_teleop_core/lib:${LD_LIBRARY_PATH} PYTHONPATH=/workspaces/safe_teleop_slave_ws/install/safe_teleop_core/lib/python3.12/site-packages:${PYTHONPATH} /usr/bin/cmake --build /workspaces/safe_teleop_slave_ws/build/safe_teleop_realtime -- -j32 -l32
[9.627s] Invoking command in '/workspaces/safe_teleop_slave_ws/build/safe_teleop_realtime': AMENT_PREFIX_PATH=/workspaces/safe_teleop_slave_ws/install/safe_teleop_core:${AMENT_PREFIX_PATH} CMAKE_PREFIX_PATH=/workspaces/safe_teleop_slave_ws/install/safe_teleop_core:/opt/ros/jazzy LD_LIBRARY_PATH=/workspaces/safe_teleop_slave_ws/install/safe_teleop_core/lib:${LD_LIBRARY_PATH} PYTHONPATH=/workspaces/safe_teleop_slave_ws/install/safe_teleop_core/lib/python3.12/site-packages:${PYTHONPATH} /usr/bin/cmake --install /workspaces/safe_teleop_slave_ws/build/safe_teleop_realtime
[9.632s] -- Install configuration: ""
[9.632s] -- Up-to-date: /workspaces/safe_teleop_slave_ws/install/safe_teleop_realtime/lib/safe_teleop_realtime/collision_detector_node
[9.632s] -- Up-to-date: /workspaces/safe_teleop_slave_ws/install/safe_teleop_realtime/lib/safe_teleop_realtime/safety_monitor_node
[9.632s] -- Installing: /workspaces/safe_teleop_slave_ws/install/safe_teleop_realtime/lib/safe_teleop_realtime/depth_to_pointcloud_node
[9.634s] -- Set non-toolchain portion of runtime path of "/workspaces/safe_teleop_slave_ws/install/safe_teleop_realtime/lib/safe_teleop_realtime/depth_to_pointcloud_node" to ""
[9.635s] -- Up-to-date: /workspaces/safe_teleop_slave_ws/install/safe_teleop_realtime/include
[9.635s] -- Up-to-date: /workspaces/safe_teleop_slave_ws/install/safe_teleop_realtime/include/safe_teleop_realtime
[9.635s] -- Up-to-date: /workspaces/safe_teleop_slave_ws/install/safe_teleop_realtime/share/safe_teleop_realtime/launch
[9.635s] -- Up-to-date: /workspaces/safe_teleop_slave_ws/install/safe_teleop_realtime/share/safe_teleop_realtime/launch/realtime_safety.launch.py
[9.635s] -- Up-to-date: /workspaces/safe_teleop_slave_ws/install/safe_teleop_realtime/share/safe_teleop_realtime/config
[9.635s] -- Up-to-date: /workspaces/safe_teleop_slave_ws/install/safe_teleop_realtime/share/safe_teleop_realtime/config/depth_to_pointcloud_config.yaml
[9.635s] -- Up-to-date: /workspaces/safe_teleop_slave_ws/install/safe_teleop_realtime/share/safe_teleop_realtime/config/collision_detector_config.yaml
[9.635s] -- Up-to-date: /workspaces/safe_teleop_slave_ws/install/safe_teleop_realtime/share/ament_index/resource_index/package_run_dependencies/safe_teleop_realtime
[9.635s] -- Up-to-date: /workspaces/safe_teleop_slave_ws/install/safe_teleop_realtime/share/ament_index/resource_index/parent_prefix_path/safe_teleop_realtime
[9.635s] -- Up-to-date: /workspaces/safe_teleop_slave_ws/install/safe_teleop_realtime/share/safe_teleop_realtime/environment/ament_prefix_path.sh
[9.635s] -- Up-to-date: /workspaces/safe_teleop_slave_ws/install/safe_teleop_realtime/share/safe_teleop_realtime/environment/ament_prefix_path.dsv
[9.635s] -- Up-to-date: /workspaces/safe_teleop_slave_ws/install/safe_teleop_realtime/share/safe_teleop_realtime/environment/path.sh
[9.635s] -- Up-to-date: /workspaces/safe_teleop_slave_ws/install/safe_teleop_realtime/share/safe_teleop_realtime/environment/path.dsv
[9.635s] -- Up-to-date: /workspaces/safe_teleop_slave_ws/install/safe_teleop_realtime/share/safe_teleop_realtime/local_setup.bash
[9.635s] -- Up-to-date: /workspaces/safe_teleop_slave_ws/install/safe_teleop_realtime/share/safe_teleop_realtime/local_setup.sh
[9.635s] -- Up-to-date: /workspaces/safe_teleop_slave_ws/install/safe_teleop_realtime/share/safe_teleop_realtime/local_setup.zsh
[9.635s] -- Up-to-date: /workspaces/safe_teleop_slave_ws/install/safe_teleop_realtime/share/safe_teleop_realtime/local_setup.dsv
[9.635s] -- Installing: /workspaces/safe_teleop_slave_ws/install/safe_teleop_realtime/share/safe_teleop_realtime/package.dsv
[9.635s] -- Up-to-date: /workspaces/safe_teleop_slave_ws/install/safe_teleop_realtime/share/ament_index/resource_index/packages/safe_teleop_realtime
[9.635s] -- Up-to-date: /workspaces/safe_teleop_slave_ws/install/safe_teleop_realtime/share/safe_teleop_realtime/cmake/safe_teleop_realtimeConfig.cmake
[9.635s] -- Up-to-date: /workspaces/safe_teleop_slave_ws/install/safe_teleop_realtime/share/safe_teleop_realtime/cmake/safe_teleop_realtimeConfig-version.cmake
[9.635s] -- Up-to-date: /workspaces/safe_teleop_slave_ws/install/safe_teleop_realtime/share/safe_teleop_realtime/package.xml
[9.637s] Invoked command in '/workspaces/safe_teleop_slave_ws/build/safe_teleop_realtime' returned '0': AMENT_PREFIX_PATH=/workspaces/safe_teleop_slave_ws/install/safe_teleop_core:${AMENT_PREFIX_PATH} CMAKE_PREFIX_PATH=/workspaces/safe_teleop_slave_ws/install/safe_teleop_core:/opt/ros/jazzy LD_LIBRARY_PATH=/workspaces/safe_teleop_slave_ws/install/safe_teleop_core/lib:${LD_LIBRARY_PATH} PYTHONPATH=/workspaces/safe_teleop_slave_ws/install/safe_teleop_core/lib/python3.12/site-packages:${PYTHONPATH} /usr/bin/cmake --install /workspaces/safe_teleop_slave_ws/build/safe_teleop_realtime
