[0.008s] Invoking command in '/workspaces/safe_teleop_slave_ws/build/safe_teleop_realtime': AMENT_PREFIX_PATH=/workspaces/safe_teleop_slave_ws/install/safe_teleop_core:${AMENT_PREFIX_PATH} CMAKE_PREFIX_PATH=/workspaces/safe_teleop_slave_ws/install/safe_teleop_core:/opt/ros/jazzy LD_LIBRARY_PATH=/workspaces/safe_teleop_slave_ws/install/safe_teleop_core/lib:${LD_LIBRARY_PATH} PYTHONPATH=/workspaces/safe_teleop_slave_ws/install/safe_teleop_core/lib/python3.12/site-packages:${PYTHONPATH} /usr/bin/cmake /workspaces/safe_teleop_slave_ws/src/safe_teleop_realtime -DCMAKE_BUILD_TYPE=Release -DCMAKE_INSTALL_PREFIX=/workspaces/safe_teleop_slave_ws/install/safe_teleop_realtime
[0.046s] -- The C compiler identification is GNU 13.3.0
[0.086s] -- The CXX compiler identification is GNU 13.3.0
[0.098s] -- Detecting C compiler ABI info
[0.163s] -- Detecting C compiler ABI info - done
[0.169s] -- Check for working C compiler: /usr/bin/cc - skipped
[0.169s] -- Detecting C compile features
[0.169s] -- Detecting C compile features - done
[0.176s] -- Detecting CXX compiler ABI info
[0.253s] -- Detecting CXX compiler ABI info - done
[0.259s] -- Check for working CXX compiler: /usr/bin/c++ - skipped
[0.259s] -- Detecting CXX compile features
[0.259s] -- Detecting CXX compile features - done
[0.262s] -- Found ament_cmake: 2.5.5 (/opt/ros/jazzy/share/ament_cmake/cmake)
[0.345s] -- Found Python3: /usr/bin/python3 (found version "3.12.3") found components: Interpreter 
[0.421s] -- Found rclcpp: 28.1.16 (/opt/ros/jazzy/share/rclcpp/cmake)
[0.453s] -- Found rosidl_generator_c: 4.6.7 (/opt/ros/jazzy/share/rosidl_generator_c/cmake)
[0.463s] -- Found rosidl_generator_cpp: 4.6.7 (/opt/ros/jazzy/share/rosidl_generator_cpp/cmake)
[0.474s] -- Using all available rosidl_typesupport_c: rosidl_typesupport_fastrtps_c;rosidl_typesupport_introspection_c
[0.487s] -- Using all available rosidl_typesupport_cpp: rosidl_typesupport_fastrtps_cpp;rosidl_typesupport_introspection_cpp
[0.541s] -- Found rmw_implementation_cmake: 7.3.3 (/opt/ros/jazzy/share/rmw_implementation_cmake/cmake)
[0.543s] -- Found rmw_fastrtps_cpp: 8.4.3 (/opt/ros/jazzy/share/rmw_fastrtps_cpp/cmake)
[0.607s] -- Found OpenSSL: /usr/lib/x86_64-linux-gnu/libcrypto.so (found version "3.0.13")  
[0.621s] -- Found FastRTPS: /opt/ros/jazzy/include (Required is at least version "2.13") 
[0.637s] -- Using RMW implementation 'rmw_fastrtps_cpp' as default
[0.688s] -- Found std_msgs: 5.3.6 (/opt/ros/jazzy/share/std_msgs/cmake)
[0.698s] -- Found sensor_msgs: 5.3.6 (/opt/ros/jazzy/share/sensor_msgs/cmake)
[0.727s] -- Found tf2_ros: 0.36.19 (/opt/ros/jazzy/share/tf2_ros/cmake)
[0.824s] -- Found tf2_geometry_msgs: 0.36.19 (/opt/ros/jazzy/share/tf2_geometry_msgs/cmake)
[0.840s] -- Found eigen3_cmake_module: 0.3.0 (/opt/ros/jazzy/share/eigen3_cmake_module/cmake)
[0.841s] -- Found Eigen3: TRUE (found version "3.4.0") 
[0.841s] -- Ensuring Eigen3 include directory is part of orocos-kdl CMake target
[0.844s] -- Found nvblox_msgs: 4.1.0 (/opt/ros/jazzy/share/nvblox_msgs/cmake)
[0.860s] -- Found safe_teleop_core: 0.1.0 (/workspaces/safe_teleop_slave_ws/install/safe_teleop_core/share/safe_teleop_core/cmake)
[0.903s] -- Found Boost: /usr/lib/x86_64-linux-gnu/cmake/Boost-1.83.0/BoostConfig.cmake (found suitable version "1.83.0", minimum required is "1.65.0") found components: system filesystem iostreams serialization 
[0.903s] CMake Warning (dev) at /usr/lib/x86_64-linux-gnu/cmake/pcl/Modules/FindFLANN.cmake:45 (find_package):
[0.903s]   Policy CMP0144 is not set: find_package uses upper-case <PACKAGENAME>_ROOT
[0.904s]   variables.  Run "cmake --help-policy CMP0144" for policy details.  Use the
[0.904s]   cmake_policy command to set the policy and suppress this warning.
[0.904s] 
[0.904s]   CMake variable FLANN_ROOT is set to:
[0.904s] 
[0.904s]     /usr
[0.904s] 
[0.904s]   For compatibility, find_package is ignoring the variable, but code in a
[0.904s]   .cmake module might still use it.
[0.904s] Call Stack (most recent call first):
[0.904s]   /usr/lib/x86_64-linux-gnu/cmake/pcl/PCLConfig.cmake:261 (find_package)
[0.904s]   /usr/lib/x86_64-linux-gnu/cmake/pcl/PCLConfig.cmake:306 (find_flann)
[0.904s]   /usr/lib/x86_64-linux-gnu/cmake/pcl/PCLConfig.cmake:570 (find_external_library)
[0.904s]   CMakeLists.txt:24 (find_package)
[0.904s] This warning is for project developers.  Use -Wno-dev to suppress it.
[0.904s] 
[0.904s] -- Found flann version 1.9.2
[1.121s] -- Found OpenMP_CXX: -fopenmp (found version "4.5") 
[1.121s] -- Found OpenMP: TRUE (found version "4.5") found components: CXX 
[1.121s] -- looking for PCL_COMMON
[1.122s] -- Found PCL_COMMON: /usr/lib/x86_64-linux-gnu/libpcl_common.so  
[1.122s] -- looking for PCL_KDTREE
[1.122s] -- Found PCL_KDTREE: /usr/lib/x86_64-linux-gnu/libpcl_kdtree.so  
[1.122s] -- looking for PCL_OCTREE
[1.123s] -- Found PCL_OCTREE: /usr/lib/x86_64-linux-gnu/libpcl_octree.so  
[1.123s] -- looking for PCL_SEARCH
[1.123s] -- Found PCL_SEARCH: /usr/lib/x86_64-linux-gnu/libpcl_search.so  
[1.124s] -- looking for PCL_SAMPLE_CONSENSUS
[1.124s] -- Found PCL_SAMPLE_CONSENSUS: /usr/lib/x86_64-linux-gnu/libpcl_sample_consensus.so  
[1.124s] -- looking for PCL_FILTERS
[1.125s] -- Found PCL_FILTERS: /usr/lib/x86_64-linux-gnu/libpcl_filters.so  
[1.125s] -- Found PCL: pcl_common;pcl_kdtree;pcl_octree;pcl_search;pcl_sample_consensus;pcl_filters;Boost::system;Boost::filesystem;Boost::iostreams;Boost::serialization;FLANN::FLANN  
[1.127s] -- Found pcl_conversions: 2.6.2 (/opt/ros/jazzy/share/pcl_conversions/cmake)
[1.157s] -- Found ament_lint_auto: 0.17.4 (/opt/ros/jazzy/share/ament_lint_auto/cmake)
[1.233s] -- Added test 'copyright' to check source files copyright and LICENSE
[1.234s] -- Added test 'cppcheck' to perform static code analysis on C / C++ code
[1.234s] -- Configured cppcheck include dirs: /workspaces/safe_teleop_slave_ws/src/safe_teleop_realtime/include
[1.234s] -- Configured cppcheck exclude dirs and/or files: 
[1.235s] -- Added test 'cpplint' to check C / C++ code against the Google style
[1.235s] -- Configured cpplint exclude dirs and/or files: 
[1.236s] -- Added test 'flake8' to check Python code syntax and style conventions
[1.236s] -- Configured 'flake8' exclude dirs and/or files: 
[1.236s] -- Added test 'lint_cmake' to check CMake code style
[1.236s] -- Added test 'pep257' to check Python code against some of the docstring style conventions in PEP 257
[1.237s] -- Added test 'uncrustify' to check C / C++ code style
[1.237s] -- Configured uncrustify additional arguments: 
[1.238s] -- Added test 'xmllint' to check XML markup files
[1.239s] -- Configuring done (1.2s)
[1.269s] -- Generating done (0.0s)
[1.274s] -- Build files have been written to: /workspaces/safe_teleop_slave_ws/build/safe_teleop_realtime
[1.286s] Invoked command in '/workspaces/safe_teleop_slave_ws/build/safe_teleop_realtime' returned '0': AMENT_PREFIX_PATH=/workspaces/safe_teleop_slave_ws/install/safe_teleop_core:${AMENT_PREFIX_PATH} CMAKE_PREFIX_PATH=/workspaces/safe_teleop_slave_ws/install/safe_teleop_core:/opt/ros/jazzy LD_LIBRARY_PATH=/workspaces/safe_teleop_slave_ws/install/safe_teleop_core/lib:${LD_LIBRARY_PATH} PYTHONPATH=/workspaces/safe_teleop_slave_ws/install/safe_teleop_core/lib/python3.12/site-packages:${PYTHONPATH} /usr/bin/cmake /workspaces/safe_teleop_slave_ws/src/safe_teleop_realtime -DCMAKE_BUILD_TYPE=Release -DCMAKE_INSTALL_PREFIX=/workspaces/safe_teleop_slave_ws/install/safe_teleop_realtime
[1.286s] Invoking command in '/workspaces/safe_teleop_slave_ws/build/safe_teleop_realtime': AMENT_PREFIX_PATH=/workspaces/safe_teleop_slave_ws/install/safe_teleop_core:${AMENT_PREFIX_PATH} CMAKE_PREFIX_PATH=/workspaces/safe_teleop_slave_ws/install/safe_teleop_core:/opt/ros/jazzy LD_LIBRARY_PATH=/workspaces/safe_teleop_slave_ws/install/safe_teleop_core/lib:${LD_LIBRARY_PATH} PYTHONPATH=/workspaces/safe_teleop_slave_ws/install/safe_teleop_core/lib/python3.12/site-packages:${PYTHONPATH} /usr/bin/cmake --build /workspaces/safe_teleop_slave_ws/build/safe_teleop_realtime -- -j32 -l32
[1.326s] [ 33%] Building CXX object CMakeFiles/depth_to_pointcloud_node.dir/src/depth_to_pointcloud_node.cpp.o
[1.326s] [ 33%] Building CXX object CMakeFiles/safety_monitor_node.dir/src/safety_monitor_node.cpp.o
[1.326s] [ 50%] Building CXX object CMakeFiles/collision_detector_node.dir/src/collision_detector_node.cpp.o
[4.730s] /workspaces/safe_teleop_slave_ws/src/safe_teleop_realtime/src/collision_detector_node.cpp: In member function ‘safe_teleop_core::msg::CollisionWarning safe_teleop::CollisionDetectorNode::check_esdf_collision(const geometry_msgs::msg::Pose&, double)’:
[4.730s] /workspaces/safe_teleop_slave_ws/src/safe_teleop_realtime/src/collision_detector_node.cpp:337:41: warning: unused parameter ‘robot_pose’ [-Wunused-parameter]
[4.730s]   337 |         const geometry_msgs::msg::Pose& robot_pose,
[4.730s]       |         ~~~~~~~~~~~~~~~~~~~~~~~~~~~~~~~~^~~~~~~~~~
[8.232s] [ 66%] Linking CXX executable safety_monitor_node
[8.339s] [ 66%] Built target safety_monitor_node
[10.352s] [ 83%] Linking CXX executable depth_to_pointcloud_node
[10.458s] [ 83%] Built target depth_to_pointcloud_node
[15.562s] [100%] Linking CXX executable collision_detector_node
[15.864s] [100%] Built target collision_detector_node
[15.873s] Invoked command in '/workspaces/safe_teleop_slave_ws/build/safe_teleop_realtime' returned '0': AMENT_PREFIX_PATH=/workspaces/safe_teleop_slave_ws/install/safe_teleop_core:${AMENT_PREFIX_PATH} CMAKE_PREFIX_PATH=/workspaces/safe_teleop_slave_ws/install/safe_teleop_core:/opt/ros/jazzy LD_LIBRARY_PATH=/workspaces/safe_teleop_slave_ws/install/safe_teleop_core/lib:${LD_LIBRARY_PATH} PYTHONPATH=/workspaces/safe_teleop_slave_ws/install/safe_teleop_core/lib/python3.12/site-packages:${PYTHONPATH} /usr/bin/cmake --build /workspaces/safe_teleop_slave_ws/build/safe_teleop_realtime -- -j32 -l32
[15.881s] Invoking command in '/workspaces/safe_teleop_slave_ws/build/safe_teleop_realtime': AMENT_PREFIX_PATH=/workspaces/safe_teleop_slave_ws/install/safe_teleop_core:${AMENT_PREFIX_PATH} CMAKE_PREFIX_PATH=/workspaces/safe_teleop_slave_ws/install/safe_teleop_core:/opt/ros/jazzy LD_LIBRARY_PATH=/workspaces/safe_teleop_slave_ws/install/safe_teleop_core/lib:${LD_LIBRARY_PATH} PYTHONPATH=/workspaces/safe_teleop_slave_ws/install/safe_teleop_core/lib/python3.12/site-packages:${PYTHONPATH} /usr/bin/cmake --install /workspaces/safe_teleop_slave_ws/build/safe_teleop_realtime
[15.887s] -- Install configuration: "Release"
[15.887s] -- Installing: /workspaces/safe_teleop_slave_ws/install/safe_teleop_realtime/lib/safe_teleop_realtime/collision_detector_node
[15.889s] -- Set non-toolchain portion of runtime path of "/workspaces/safe_teleop_slave_ws/install/safe_teleop_realtime/lib/safe_teleop_realtime/collision_detector_node" to ""
[15.889s] -- Installing: /workspaces/safe_teleop_slave_ws/install/safe_teleop_realtime/lib/safe_teleop_realtime/safety_monitor_node
[15.890s] -- Set non-toolchain portion of runtime path of "/workspaces/safe_teleop_slave_ws/install/safe_teleop_realtime/lib/safe_teleop_realtime/safety_monitor_node" to ""
[15.890s] -- Installing: /workspaces/safe_teleop_slave_ws/install/safe_teleop_realtime/lib/safe_teleop_realtime/depth_to_pointcloud_node
[15.892s] -- Set non-toolchain portion of runtime path of "/workspaces/safe_teleop_slave_ws/install/safe_teleop_realtime/lib/safe_teleop_realtime/depth_to_pointcloud_node" to ""
[15.892s] -- Installing: /workspaces/safe_teleop_slave_ws/install/safe_teleop_realtime/include
[15.892s] -- Installing: /workspaces/safe_teleop_slave_ws/install/safe_teleop_realtime/include/safe_teleop_realtime
[15.892s] -- Installing: /workspaces/safe_teleop_slave_ws/install/safe_teleop_realtime/share/safe_teleop_realtime/launch
[15.893s] -- Installing: /workspaces/safe_teleop_slave_ws/install/safe_teleop_realtime/share/safe_teleop_realtime/launch/realtime_safety.launch.py
[15.893s] -- Installing: /workspaces/safe_teleop_slave_ws/install/safe_teleop_realtime/share/safe_teleop_realtime/config
[15.893s] -- Installing: /workspaces/safe_teleop_slave_ws/install/safe_teleop_realtime/share/safe_teleop_realtime/config/depth_to_pointcloud_config.yaml
[15.893s] -- Installing: /workspaces/safe_teleop_slave_ws/install/safe_teleop_realtime/share/safe_teleop_realtime/config/collision_detector_config.yaml
[15.893s] -- Installing: /workspaces/safe_teleop_slave_ws/install/safe_teleop_realtime/share/ament_index/resource_index/package_run_dependencies/safe_teleop_realtime
[15.893s] -- Installing: /workspaces/safe_teleop_slave_ws/install/safe_teleop_realtime/share/ament_index/resource_index/parent_prefix_path/safe_teleop_realtime
[15.893s] -- Installing: /workspaces/safe_teleop_slave_ws/install/safe_teleop_realtime/share/safe_teleop_realtime/environment/ament_prefix_path.sh
[15.893s] -- Installing: /workspaces/safe_teleop_slave_ws/install/safe_teleop_realtime/share/safe_teleop_realtime/environment/ament_prefix_path.dsv
[15.894s] -- Installing: /workspaces/safe_teleop_slave_ws/install/safe_teleop_realtime/share/safe_teleop_realtime/environment/path.sh
[15.894s] -- Installing: /workspaces/safe_teleop_slave_ws/install/safe_teleop_realtime/share/safe_teleop_realtime/environment/path.dsv
[15.894s] -- Installing: /workspaces/safe_teleop_slave_ws/install/safe_teleop_realtime/share/safe_teleop_realtime/local_setup.bash
[15.894s] -- Installing: /workspaces/safe_teleop_slave_ws/install/safe_teleop_realtime/share/safe_teleop_realtime/local_setup.sh
[15.894s] -- Installing: /workspaces/safe_teleop_slave_ws/install/safe_teleop_realtime/share/safe_teleop_realtime/local_setup.zsh
[15.894s] -- Installing: /workspaces/safe_teleop_slave_ws/install/safe_teleop_realtime/share/safe_teleop_realtime/local_setup.dsv
[15.894s] -- Installing: /workspaces/safe_teleop_slave_ws/install/safe_teleop_realtime/share/safe_teleop_realtime/package.dsv
[15.895s] -- Installing: /workspaces/safe_teleop_slave_ws/install/safe_teleop_realtime/share/ament_index/resource_index/packages/safe_teleop_realtime
[15.895s] -- Installing: /workspaces/safe_teleop_slave_ws/install/safe_teleop_realtime/share/safe_teleop_realtime/cmake/safe_teleop_realtimeConfig.cmake
[15.895s] -- Installing: /workspaces/safe_teleop_slave_ws/install/safe_teleop_realtime/share/safe_teleop_realtime/cmake/safe_teleop_realtimeConfig-version.cmake
[15.895s] -- Installing: /workspaces/safe_teleop_slave_ws/install/safe_teleop_realtime/share/safe_teleop_realtime/package.xml
[15.896s] Invoked command in '/workspaces/safe_teleop_slave_ws/build/safe_teleop_realtime' returned '0': AMENT_PREFIX_PATH=/workspaces/safe_teleop_slave_ws/install/safe_teleop_core:${AMENT_PREFIX_PATH} CMAKE_PREFIX_PATH=/workspaces/safe_teleop_slave_ws/install/safe_teleop_core:/opt/ros/jazzy LD_LIBRARY_PATH=/workspaces/safe_teleop_slave_ws/install/safe_teleop_core/lib:${LD_LIBRARY_PATH} PYTHONPATH=/workspaces/safe_teleop_slave_ws/install/safe_teleop_core/lib/python3.12/site-packages:${PYTHONPATH} /usr/bin/cmake --install /workspaces/safe_teleop_slave_ws/build/safe_teleop_realtime
