[0.061s] DEBUG:colcon:Command line arguments: ['/usr/bin/colcon', 'build', '--packages-select', 'safe_teleop_core', '--cmake-args', '-DCMAKE_BUILD_TYPE=Release']
[0.061s] DEBUG:colcon:Parsed command line arguments: Namespace(log_base=None, log_level=None, verb_name='build', build_base='build', install_base='install', merge_install=False, symlink_install=False, test_result_base=None, continue_on_error=False, executor='parallel', parallel_workers=32, event_handlers=None, ignore_user_meta=False, metas=['./colcon.meta'], base_paths=['.'], packages_ignore=None, packages_ignore_regex=None, paths=None, packages_up_to=None, packages_up_to_regex=None, packages_above=None, packages_above_and_dependencies=None, packages_above_depth=None, packages_select_by_dep=None, packages_skip_by_dep=None, packages_skip_up_to=None, packages_select_build_failed=False, packages_skip_build_finished=False, packages_select_test_failures=False, packages_skip_test_passed=False, packages_select=['safe_teleop_core'], packages_skip=None, packages_select_regex=None, packages_skip_regex=None, packages_start=None, packages_end=None, allow_overriding=[], cmake_args=['-DCMAKE_BUILD_TYPE=Release'], cmake_target=None, cmake_target_skip_unavailable=False, cmake_clean_cache=False, cmake_clean_first=False, cmake_force_configure=False, ament_cmake_args=None, catkin_cmake_args=None, catkin_skip_building_tests=False, verb_parser=<colcon_defaults.argument_parser.defaults.DefaultArgumentsDecorator object at 0x70b16e831e80>, verb_extension=<colcon_core.verb.build.BuildVerb object at 0x70b16e831c70>, main=<bound method BuildVerb.main of <colcon_core.verb.build.BuildVerb object at 0x70b16e831c70>>)
[0.086s] Level 1:colcon.colcon_core.package_discovery:discover_packages(colcon_meta) check parameters
[0.087s] Level 1:colcon.colcon_core.package_discovery:discover_packages(recursive) check parameters
[0.087s] Level 1:colcon.colcon_core.package_discovery:discover_packages(ignore) check parameters
[0.087s] Level 1:colcon.colcon_core.package_discovery:discover_packages(path) check parameters
[0.087s] Level 1:colcon.colcon_core.package_discovery:discover_packages(colcon_meta) discover
[0.087s] Level 1:colcon.colcon_core.package_discovery:discover_packages(recursive) discover
[0.087s] INFO:colcon.colcon_core.package_discovery:Crawling recursively for packages in '/workspaces/safe_teleop_slave_ws'
[0.087s] Level 1:colcon.colcon_core.package_identification:_identify(.) by extensions ['ignore', 'ignore_ament_install']
[0.087s] Level 1:colcon.colcon_core.package_identification:_identify(.) by extension 'ignore'
[0.087s] Level 1:colcon.colcon_core.package_identification:_identify(.) by extension 'ignore_ament_install'
[0.087s] Level 1:colcon.colcon_core.package_identification:_identify(.) by extensions ['colcon_pkg']
[0.087s] Level 1:colcon.colcon_core.package_identification:_identify(.) by extension 'colcon_pkg'
[0.087s] Level 1:colcon.colcon_core.package_identification:_identify(.) by extensions ['colcon_meta']
[0.087s] Level 1:colcon.colcon_core.package_identification:_identify(.) by extension 'colcon_meta'
[0.087s] Level 1:colcon.colcon_core.package_identification:_identify(.) by extensions ['ros']
[0.087s] Level 1:colcon.colcon_core.package_identification:_identify(.) by extension 'ros'
[0.102s] Level 1:colcon.colcon_core.package_identification:_identify(.) by extensions ['cmake', 'python']
[0.102s] Level 1:colcon.colcon_core.package_identification:_identify(.) by extension 'cmake'
[0.102s] Level 1:colcon.colcon_core.package_identification:_identify(.) by extension 'python'
[0.102s] Level 1:colcon.colcon_core.package_identification:_identify(.) by extensions ['python_setup_py']
[0.102s] Level 1:colcon.colcon_core.package_identification:_identify(.) by extension 'python_setup_py'
[0.102s] Level 1:colcon.colcon_core.package_identification:_identify(build) by extensions ['ignore', 'ignore_ament_install']
[0.102s] Level 1:colcon.colcon_core.package_identification:_identify(build) by extension 'ignore'
[0.102s] Level 1:colcon.colcon_core.package_identification:_identify(build) ignored
[0.103s] Level 1:colcon.colcon_core.package_identification:_identify(docker) by extensions ['ignore', 'ignore_ament_install']
[0.103s] Level 1:colcon.colcon_core.package_identification:_identify(docker) by extension 'ignore'
[0.103s] Level 1:colcon.colcon_core.package_identification:_identify(docker) by extension 'ignore_ament_install'
[0.103s] Level 1:colcon.colcon_core.package_identification:_identify(docker) by extensions ['colcon_pkg']
[0.103s] Level 1:colcon.colcon_core.package_identification:_identify(docker) by extension 'colcon_pkg'
[0.103s] Level 1:colcon.colcon_core.package_identification:_identify(docker) by extensions ['colcon_meta']
[0.103s] Level 1:colcon.colcon_core.package_identification:_identify(docker) by extension 'colcon_meta'
[0.103s] Level 1:colcon.colcon_core.package_identification:_identify(docker) by extensions ['ros']
[0.103s] Level 1:colcon.colcon_core.package_identification:_identify(docker) by extension 'ros'
[0.103s] Level 1:colcon.colcon_core.package_identification:_identify(docker) by extensions ['cmake', 'python']
[0.103s] Level 1:colcon.colcon_core.package_identification:_identify(docker) by extension 'cmake'
[0.103s] Level 1:colcon.colcon_core.package_identification:_identify(docker) by extension 'python'
[0.103s] Level 1:colcon.colcon_core.package_identification:_identify(docker) by extensions ['python_setup_py']
[0.103s] Level 1:colcon.colcon_core.package_identification:_identify(docker) by extension 'python_setup_py'
[0.103s] Level 1:colcon.colcon_core.package_identification:_identify(install) by extensions ['ignore', 'ignore_ament_install']
[0.103s] Level 1:colcon.colcon_core.package_identification:_identify(install) by extension 'ignore'
[0.103s] Level 1:colcon.colcon_core.package_identification:_identify(install) ignored
[0.103s] Level 1:colcon.colcon_core.package_identification:_identify(log) by extensions ['ignore', 'ignore_ament_install']
[0.103s] Level 1:colcon.colcon_core.package_identification:_identify(log) by extension 'ignore'
[0.103s] Level 1:colcon.colcon_core.package_identification:_identify(log) ignored
[0.103s] Level 1:colcon.colcon_core.package_identification:_identify(src) by extensions ['ignore', 'ignore_ament_install']
[0.103s] Level 1:colcon.colcon_core.package_identification:_identify(src) by extension 'ignore'
[0.103s] Level 1:colcon.colcon_core.package_identification:_identify(src) by extension 'ignore_ament_install'
[0.103s] Level 1:colcon.colcon_core.package_identification:_identify(src) by extensions ['colcon_pkg']
[0.103s] Level 1:colcon.colcon_core.package_identification:_identify(src) by extension 'colcon_pkg'
[0.103s] Level 1:colcon.colcon_core.package_identification:_identify(src) by extensions ['colcon_meta']
[0.103s] Level 1:colcon.colcon_core.package_identification:_identify(src) by extension 'colcon_meta'
[0.103s] Level 1:colcon.colcon_core.package_identification:_identify(src) by extensions ['ros']
[0.103s] Level 1:colcon.colcon_core.package_identification:_identify(src) by extension 'ros'
[0.103s] Level 1:colcon.colcon_core.package_identification:_identify(src) by extensions ['cmake', 'python']
[0.103s] Level 1:colcon.colcon_core.package_identification:_identify(src) by extension 'cmake'
[0.103s] Level 1:colcon.colcon_core.package_identification:_identify(src) by extension 'python'
[0.103s] Level 1:colcon.colcon_core.package_identification:_identify(src) by extensions ['python_setup_py']
[0.103s] Level 1:colcon.colcon_core.package_identification:_identify(src) by extension 'python_setup_py'
[0.103s] Level 1:colcon.colcon_core.package_identification:_identify(src/safe_teleop_core) by extensions ['ignore', 'ignore_ament_install']
[0.103s] Level 1:colcon.colcon_core.package_identification:_identify(src/safe_teleop_core) by extension 'ignore'
[0.103s] Level 1:colcon.colcon_core.package_identification:_identify(src/safe_teleop_core) by extension 'ignore_ament_install'
[0.103s] Level 1:colcon.colcon_core.package_identification:_identify(src/safe_teleop_core) by extensions ['colcon_pkg']
[0.103s] Level 1:colcon.colcon_core.package_identification:_identify(src/safe_teleop_core) by extension 'colcon_pkg'
[0.103s] Level 1:colcon.colcon_core.package_identification:_identify(src/safe_teleop_core) by extensions ['colcon_meta']
[0.103s] Level 1:colcon.colcon_core.package_identification:_identify(src/safe_teleop_core) by extension 'colcon_meta'
[0.103s] Level 1:colcon.colcon_core.package_identification:_identify(src/safe_teleop_core) by extensions ['ros']
[0.103s] Level 1:colcon.colcon_core.package_identification:_identify(src/safe_teleop_core) by extension 'ros'
[0.105s] DEBUG:colcon.colcon_core.package_identification:Package 'src/safe_teleop_core' with type 'ros.ament_cmake' and name 'safe_teleop_core'
[0.105s] Level 1:colcon.colcon_core.package_identification:_identify(src/safe_teleop_emergency) by extensions ['ignore', 'ignore_ament_install']
[0.105s] Level 1:colcon.colcon_core.package_identification:_identify(src/safe_teleop_emergency) by extension 'ignore'
[0.105s] Level 1:colcon.colcon_core.package_identification:_identify(src/safe_teleop_emergency) by extension 'ignore_ament_install'
[0.105s] Level 1:colcon.colcon_core.package_identification:_identify(src/safe_teleop_emergency) by extensions ['colcon_pkg']
[0.105s] Level 1:colcon.colcon_core.package_identification:_identify(src/safe_teleop_emergency) by extension 'colcon_pkg'
[0.105s] Level 1:colcon.colcon_core.package_identification:_identify(src/safe_teleop_emergency) by extensions ['colcon_meta']
[0.105s] Level 1:colcon.colcon_core.package_identification:_identify(src/safe_teleop_emergency) by extension 'colcon_meta'
[0.105s] Level 1:colcon.colcon_core.package_identification:_identify(src/safe_teleop_emergency) by extensions ['ros']
[0.105s] Level 1:colcon.colcon_core.package_identification:_identify(src/safe_teleop_emergency) by extension 'ros'
[0.105s] Level 1:colcon.colcon_core.package_identification:_identify(src/safe_teleop_emergency) by extensions ['cmake', 'python']
[0.105s] Level 1:colcon.colcon_core.package_identification:_identify(src/safe_teleop_emergency) by extension 'cmake'
[0.105s] Level 1:colcon.colcon_core.package_identification:_identify(src/safe_teleop_emergency) by extension 'python'
[0.105s] Level 1:colcon.colcon_core.package_identification:_identify(src/safe_teleop_emergency) by extensions ['python_setup_py']
[0.105s] Level 1:colcon.colcon_core.package_identification:_identify(src/safe_teleop_emergency) by extension 'python_setup_py'
[0.105s] Level 1:colcon.colcon_core.package_identification:_identify(src/safe_teleop_emergency/include) by extensions ['ignore', 'ignore_ament_install']
[0.105s] Level 1:colcon.colcon_core.package_identification:_identify(src/safe_teleop_emergency/include) by extension 'ignore'
[0.105s] Level 1:colcon.colcon_core.package_identification:_identify(src/safe_teleop_emergency/include) by extension 'ignore_ament_install'
[0.105s] Level 1:colcon.colcon_core.package_identification:_identify(src/safe_teleop_emergency/include) by extensions ['colcon_pkg']
[0.105s] Level 1:colcon.colcon_core.package_identification:_identify(src/safe_teleop_emergency/include) by extension 'colcon_pkg'
[0.105s] Level 1:colcon.colcon_core.package_identification:_identify(src/safe_teleop_emergency/include) by extensions ['colcon_meta']
[0.105s] Level 1:colcon.colcon_core.package_identification:_identify(src/safe_teleop_emergency/include) by extension 'colcon_meta'
[0.105s] Level 1:colcon.colcon_core.package_identification:_identify(src/safe_teleop_emergency/include) by extensions ['ros']
[0.106s] Level 1:colcon.colcon_core.package_identification:_identify(src/safe_teleop_emergency/include) by extension 'ros'
[0.106s] Level 1:colcon.colcon_core.package_identification:_identify(src/safe_teleop_emergency/include) by extensions ['cmake', 'python']
[0.106s] Level 1:colcon.colcon_core.package_identification:_identify(src/safe_teleop_emergency/include) by extension 'cmake'
[0.106s] Level 1:colcon.colcon_core.package_identification:_identify(src/safe_teleop_emergency/include) by extension 'python'
[0.106s] Level 1:colcon.colcon_core.package_identification:_identify(src/safe_teleop_emergency/include) by extensions ['python_setup_py']
[0.106s] Level 1:colcon.colcon_core.package_identification:_identify(src/safe_teleop_emergency/include) by extension 'python_setup_py'
[0.106s] Level 1:colcon.colcon_core.package_identification:_identify(src/safe_teleop_emergency/include/safe_teleop_emergency) by extensions ['ignore', 'ignore_ament_install']
[0.106s] Level 1:colcon.colcon_core.package_identification:_identify(src/safe_teleop_emergency/include/safe_teleop_emergency) by extension 'ignore'
[0.106s] Level 1:colcon.colcon_core.package_identification:_identify(src/safe_teleop_emergency/include/safe_teleop_emergency) by extension 'ignore_ament_install'
[0.106s] Level 1:colcon.colcon_core.package_identification:_identify(src/safe_teleop_emergency/include/safe_teleop_emergency) by extensions ['colcon_pkg']
[0.106s] Level 1:colcon.colcon_core.package_identification:_identify(src/safe_teleop_emergency/include/safe_teleop_emergency) by extension 'colcon_pkg'
[0.106s] Level 1:colcon.colcon_core.package_identification:_identify(src/safe_teleop_emergency/include/safe_teleop_emergency) by extensions ['colcon_meta']
[0.106s] Level 1:colcon.colcon_core.package_identification:_identify(src/safe_teleop_emergency/include/safe_teleop_emergency) by extension 'colcon_meta'
[0.106s] Level 1:colcon.colcon_core.package_identification:_identify(src/safe_teleop_emergency/include/safe_teleop_emergency) by extensions ['ros']
[0.106s] Level 1:colcon.colcon_core.package_identification:_identify(src/safe_teleop_emergency/include/safe_teleop_emergency) by extension 'ros'
[0.106s] Level 1:colcon.colcon_core.package_identification:_identify(src/safe_teleop_emergency/include/safe_teleop_emergency) by extensions ['cmake', 'python']
[0.106s] Level 1:colcon.colcon_core.package_identification:_identify(src/safe_teleop_emergency/include/safe_teleop_emergency) by extension 'cmake'
[0.106s] Level 1:colcon.colcon_core.package_identification:_identify(src/safe_teleop_emergency/include/safe_teleop_emergency) by extension 'python'
[0.106s] Level 1:colcon.colcon_core.package_identification:_identify(src/safe_teleop_emergency/include/safe_teleop_emergency) by extensions ['python_setup_py']
[0.106s] Level 1:colcon.colcon_core.package_identification:_identify(src/safe_teleop_emergency/include/safe_teleop_emergency) by extension 'python_setup_py'
[0.106s] Level 1:colcon.colcon_core.package_identification:_identify(src/safe_teleop_emergency/launch) by extensions ['ignore', 'ignore_ament_install']
[0.106s] Level 1:colcon.colcon_core.package_identification:_identify(src/safe_teleop_emergency/launch) by extension 'ignore'
[0.106s] Level 1:colcon.colcon_core.package_identification:_identify(src/safe_teleop_emergency/launch) by extension 'ignore_ament_install'
[0.106s] Level 1:colcon.colcon_core.package_identification:_identify(src/safe_teleop_emergency/launch) by extensions ['colcon_pkg']
[0.106s] Level 1:colcon.colcon_core.package_identification:_identify(src/safe_teleop_emergency/launch) by extension 'colcon_pkg'
[0.106s] Level 1:colcon.colcon_core.package_identification:_identify(src/safe_teleop_emergency/launch) by extensions ['colcon_meta']
[0.106s] Level 1:colcon.colcon_core.package_identification:_identify(src/safe_teleop_emergency/launch) by extension 'colcon_meta'
[0.106s] Level 1:colcon.colcon_core.package_identification:_identify(src/safe_teleop_emergency/launch) by extensions ['ros']
[0.106s] Level 1:colcon.colcon_core.package_identification:_identify(src/safe_teleop_emergency/launch) by extension 'ros'
[0.106s] Level 1:colcon.colcon_core.package_identification:_identify(src/safe_teleop_emergency/launch) by extensions ['cmake', 'python']
[0.106s] Level 1:colcon.colcon_core.package_identification:_identify(src/safe_teleop_emergency/launch) by extension 'cmake'
[0.106s] Level 1:colcon.colcon_core.package_identification:_identify(src/safe_teleop_emergency/launch) by extension 'python'
[0.106s] Level 1:colcon.colcon_core.package_identification:_identify(src/safe_teleop_emergency/launch) by extensions ['python_setup_py']
[0.106s] Level 1:colcon.colcon_core.package_identification:_identify(src/safe_teleop_emergency/launch) by extension 'python_setup_py'
[0.106s] Level 1:colcon.colcon_core.package_identification:_identify(src/safe_teleop_emergency/src) by extensions ['ignore', 'ignore_ament_install']
[0.106s] Level 1:colcon.colcon_core.package_identification:_identify(src/safe_teleop_emergency/src) by extension 'ignore'
[0.106s] Level 1:colcon.colcon_core.package_identification:_identify(src/safe_teleop_emergency/src) by extension 'ignore_ament_install'
[0.106s] Level 1:colcon.colcon_core.package_identification:_identify(src/safe_teleop_emergency/src) by extensions ['colcon_pkg']
[0.106s] Level 1:colcon.colcon_core.package_identification:_identify(src/safe_teleop_emergency/src) by extension 'colcon_pkg'
[0.106s] Level 1:colcon.colcon_core.package_identification:_identify(src/safe_teleop_emergency/src) by extensions ['colcon_meta']
[0.106s] Level 1:colcon.colcon_core.package_identification:_identify(src/safe_teleop_emergency/src) by extension 'colcon_meta'
[0.106s] Level 1:colcon.colcon_core.package_identification:_identify(src/safe_teleop_emergency/src) by extensions ['ros']
[0.106s] Level 1:colcon.colcon_core.package_identification:_identify(src/safe_teleop_emergency/src) by extension 'ros'
[0.106s] Level 1:colcon.colcon_core.package_identification:_identify(src/safe_teleop_emergency/src) by extensions ['cmake', 'python']
[0.107s] Level 1:colcon.colcon_core.package_identification:_identify(src/safe_teleop_emergency/src) by extension 'cmake'
[0.107s] Level 1:colcon.colcon_core.package_identification:_identify(src/safe_teleop_emergency/src) by extension 'python'
[0.107s] Level 1:colcon.colcon_core.package_identification:_identify(src/safe_teleop_emergency/src) by extensions ['python_setup_py']
[0.107s] Level 1:colcon.colcon_core.package_identification:_identify(src/safe_teleop_emergency/src) by extension 'python_setup_py'
[0.107s] Level 1:colcon.colcon_core.package_identification:_identify(src/safe_teleop_realtime) by extensions ['ignore', 'ignore_ament_install']
[0.107s] Level 1:colcon.colcon_core.package_identification:_identify(src/safe_teleop_realtime) by extension 'ignore'
[0.107s] Level 1:colcon.colcon_core.package_identification:_identify(src/safe_teleop_realtime) by extension 'ignore_ament_install'
[0.107s] Level 1:colcon.colcon_core.package_identification:_identify(src/safe_teleop_realtime) by extensions ['colcon_pkg']
[0.107s] Level 1:colcon.colcon_core.package_identification:_identify(src/safe_teleop_realtime) by extension 'colcon_pkg'
[0.107s] Level 1:colcon.colcon_core.package_identification:_identify(src/safe_teleop_realtime) by extensions ['colcon_meta']
[0.107s] Level 1:colcon.colcon_core.package_identification:_identify(src/safe_teleop_realtime) by extension 'colcon_meta'
[0.107s] Level 1:colcon.colcon_core.package_identification:_identify(src/safe_teleop_realtime) by extensions ['ros']
[0.107s] Level 1:colcon.colcon_core.package_identification:_identify(src/safe_teleop_realtime) by extension 'ros'
[0.107s] DEBUG:colcon.colcon_core.package_identification:Package 'src/safe_teleop_realtime' with type 'ros.ament_cmake' and name 'safe_teleop_realtime'
[0.107s] Level 1:colcon.colcon_core.package_identification:_identify(src/safe_teleop_slave_bringup) by extensions ['ignore', 'ignore_ament_install']
[0.107s] Level 1:colcon.colcon_core.package_identification:_identify(src/safe_teleop_slave_bringup) by extension 'ignore'
[0.107s] Level 1:colcon.colcon_core.package_identification:_identify(src/safe_teleop_slave_bringup) by extension 'ignore_ament_install'
[0.107s] Level 1:colcon.colcon_core.package_identification:_identify(src/safe_teleop_slave_bringup) by extensions ['colcon_pkg']
[0.107s] Level 1:colcon.colcon_core.package_identification:_identify(src/safe_teleop_slave_bringup) by extension 'colcon_pkg'
[0.107s] Level 1:colcon.colcon_core.package_identification:_identify(src/safe_teleop_slave_bringup) by extensions ['colcon_meta']
[0.108s] Level 1:colcon.colcon_core.package_identification:_identify(src/safe_teleop_slave_bringup) by extension 'colcon_meta'
[0.108s] Level 1:colcon.colcon_core.package_identification:_identify(src/safe_teleop_slave_bringup) by extensions ['ros']
[0.108s] Level 1:colcon.colcon_core.package_identification:_identify(src/safe_teleop_slave_bringup) by extension 'ros'
[0.108s] DEBUG:colcon.colcon_core.package_identification:Package 'src/safe_teleop_slave_bringup' with type 'ros.ament_cmake' and name 'safe_teleop_slave_bringup'
[0.108s] Level 1:colcon.colcon_core.package_discovery:discover_packages(recursive) using defaults
[0.108s] Level 1:colcon.colcon_core.package_discovery:discover_packages(ignore) discover
[0.108s] Level 1:colcon.colcon_core.package_discovery:discover_packages(ignore) using defaults
[0.108s] Level 1:colcon.colcon_core.package_discovery:discover_packages(path) discover
[0.108s] Level 1:colcon.colcon_core.package_discovery:discover_packages(path) using defaults
[0.119s] INFO:colcon.colcon_core.package_selection:Skipping not selected package 'safe_teleop_realtime' in 'src/safe_teleop_realtime'
[0.119s] INFO:colcon.colcon_core.package_selection:Skipping not selected package 'safe_teleop_slave_bringup' in 'src/safe_teleop_slave_bringup'
[0.119s] Level 1:colcon.colcon_core.package_discovery:discover_packages(prefix_path) check parameters
[0.119s] Level 1:colcon.colcon_core.package_discovery:discover_packages(prefix_path) discover
[0.121s] DEBUG:colcon.colcon_installed_package_information.package_discovery:Found 279 installed packages in /opt/ros/jazzy
[0.121s] Level 1:colcon.colcon_core.package_discovery:discover_packages(prefix_path) using defaults
[0.142s] Level 5:colcon.colcon_core.verb:set package 'safe_teleop_core' build argument 'cmake_args' from command line to '['-DCMAKE_BUILD_TYPE=Release']'
[0.142s] Level 5:colcon.colcon_core.verb:set package 'safe_teleop_core' build argument 'cmake_target' from command line to 'None'
[0.142s] Level 5:colcon.colcon_core.verb:set package 'safe_teleop_core' build argument 'cmake_target_skip_unavailable' from command line to 'False'
[0.142s] Level 5:colcon.colcon_core.verb:set package 'safe_teleop_core' build argument 'cmake_clean_cache' from command line to 'False'
[0.142s] Level 5:colcon.colcon_core.verb:set package 'safe_teleop_core' build argument 'cmake_clean_first' from command line to 'False'
[0.142s] Level 5:colcon.colcon_core.verb:set package 'safe_teleop_core' build argument 'cmake_force_configure' from command line to 'False'
[0.142s] Level 5:colcon.colcon_core.verb:set package 'safe_teleop_core' build argument 'ament_cmake_args' from command line to 'None'
[0.142s] Level 5:colcon.colcon_core.verb:set package 'safe_teleop_core' build argument 'catkin_cmake_args' from command line to 'None'
[0.142s] Level 5:colcon.colcon_core.verb:set package 'safe_teleop_core' build argument 'catkin_skip_building_tests' from command line to 'False'
[0.142s] DEBUG:colcon.colcon_core.verb:Building package 'safe_teleop_core' with the following arguments: {'ament_cmake_args': None, 'build_base': '/workspaces/safe_teleop_slave_ws/build/safe_teleop_core', 'catkin_cmake_args': None, 'catkin_skip_building_tests': False, 'cmake_args': ['-DCMAKE_BUILD_TYPE=Release'], 'cmake_clean_cache': False, 'cmake_clean_first': False, 'cmake_force_configure': False, 'cmake_target': None, 'cmake_target_skip_unavailable': False, 'install_base': '/workspaces/safe_teleop_slave_ws/install/safe_teleop_core', 'merge_install': False, 'path': '/workspaces/safe_teleop_slave_ws/src/safe_teleop_core', 'symlink_install': False, 'test_result_base': None}
[0.142s] INFO:colcon.colcon_core.executor:Executing jobs using 'parallel' executor
[0.143s] DEBUG:colcon.colcon_parallel_executor.executor.parallel:run_until_complete
[0.143s] INFO:colcon.colcon_ros.task.ament_cmake.build:Building ROS package in '/workspaces/safe_teleop_slave_ws/src/safe_teleop_core' with build type 'ament_cmake'
[0.143s] INFO:colcon.colcon_cmake.task.cmake.build:Building CMake package in '/workspaces/safe_teleop_slave_ws/src/safe_teleop_core'
[0.144s] INFO:colcon.colcon_core.plugin_system:Skipping extension 'colcon_core.shell.bat': Not used on non-Windows systems
[0.144s] INFO:colcon.colcon_core.shell:Skip shell extension 'powershell' for command environment: Not usable outside of PowerShell
[0.144s] DEBUG:colcon.colcon_core.shell:Skip shell extension 'dsv' for command environment
[0.149s] DEBUG:colcon.colcon_core.event_handler.log_command:Invoking command in '/workspaces/safe_teleop_slave_ws/build/safe_teleop_core': CMAKE_PREFIX_PATH=/opt/ros/jazzy /usr/bin/cmake /workspaces/safe_teleop_slave_ws/src/safe_teleop_core -DCMAKE_BUILD_TYPE=Release -DCMAKE_INSTALL_PREFIX=/workspaces/safe_teleop_slave_ws/install/safe_teleop_core
[2.297s] DEBUG:colcon.colcon_core.event_handler.log_command:Invoked command in '/workspaces/safe_teleop_slave_ws/build/safe_teleop_core' returned '0': CMAKE_PREFIX_PATH=/opt/ros/jazzy /usr/bin/cmake /workspaces/safe_teleop_slave_ws/src/safe_teleop_core -DCMAKE_BUILD_TYPE=Release -DCMAKE_INSTALL_PREFIX=/workspaces/safe_teleop_slave_ws/install/safe_teleop_core
[2.297s] DEBUG:colcon.colcon_core.event_handler.log_command:Invoking command in '/workspaces/safe_teleop_slave_ws/build/safe_teleop_core': CMAKE_PREFIX_PATH=/opt/ros/jazzy /usr/bin/cmake --build /workspaces/safe_teleop_slave_ws/build/safe_teleop_core -- -j32 -l32
[6.814s] DEBUG:colcon.colcon_core.event_handler.log_command:Invoked command in '/workspaces/safe_teleop_slave_ws/build/safe_teleop_core' returned '0': CMAKE_PREFIX_PATH=/opt/ros/jazzy /usr/bin/cmake --build /workspaces/safe_teleop_slave_ws/build/safe_teleop_core -- -j32 -l32
[6.821s] DEBUG:colcon.colcon_core.event_handler.log_command:Invoking command in '/workspaces/safe_teleop_slave_ws/build/safe_teleop_core': CMAKE_PREFIX_PATH=/opt/ros/jazzy /usr/bin/cmake --install /workspaces/safe_teleop_slave_ws/build/safe_teleop_core
[6.905s] Level 1:colcon.colcon_core.environment:create_environment_scripts_only(safe_teleop_core)
[6.906s] DEBUG:colcon.colcon_core.event_handler.log_command:Invoked command in '/workspaces/safe_teleop_slave_ws/build/safe_teleop_core' returned '0': CMAKE_PREFIX_PATH=/opt/ros/jazzy /usr/bin/cmake --install /workspaces/safe_teleop_slave_ws/build/safe_teleop_core
[6.907s] Level 1:colcon.colcon_core.environment:checking '/workspaces/safe_teleop_slave_ws/install/safe_teleop_core' for CMake module files
[6.907s] Level 1:colcon.colcon_core.environment:checking '/workspaces/safe_teleop_slave_ws/install/safe_teleop_core' for CMake config files
[6.908s] Level 1:colcon.colcon_core.shell:create_environment_hook('safe_teleop_core', 'cmake_prefix_path')
[6.908s] INFO:colcon.colcon_core.shell:Creating environment hook '/workspaces/safe_teleop_slave_ws/install/safe_teleop_core/share/safe_teleop_core/hook/cmake_prefix_path.ps1'
[6.908s] INFO:colcon.colcon_core.shell:Creating environment descriptor '/workspaces/safe_teleop_slave_ws/install/safe_teleop_core/share/safe_teleop_core/hook/cmake_prefix_path.dsv'
[6.909s] INFO:colcon.colcon_core.shell:Creating environment hook '/workspaces/safe_teleop_slave_ws/install/safe_teleop_core/share/safe_teleop_core/hook/cmake_prefix_path.sh'
[6.909s] Level 1:colcon.colcon_core.environment:checking '/workspaces/safe_teleop_slave_ws/install/safe_teleop_core/lib'
[6.909s] Level 1:colcon.colcon_core.shell:create_environment_hook('safe_teleop_core', 'ld_library_path_lib')
[6.909s] INFO:colcon.colcon_core.shell:Creating environment hook '/workspaces/safe_teleop_slave_ws/install/safe_teleop_core/share/safe_teleop_core/hook/ld_library_path_lib.ps1'
[6.910s] INFO:colcon.colcon_core.shell:Creating environment descriptor '/workspaces/safe_teleop_slave_ws/install/safe_teleop_core/share/safe_teleop_core/hook/ld_library_path_lib.dsv'
[6.910s] INFO:colcon.colcon_core.shell:Creating environment hook '/workspaces/safe_teleop_slave_ws/install/safe_teleop_core/share/safe_teleop_core/hook/ld_library_path_lib.sh'
[6.910s] Level 1:colcon.colcon_core.environment:checking '/workspaces/safe_teleop_slave_ws/install/safe_teleop_core/bin'
[6.910s] Level 1:colcon.colcon_core.environment:checking '/workspaces/safe_teleop_slave_ws/install/safe_teleop_core/lib/pkgconfig/safe_teleop_core.pc'
[6.910s] Level 1:colcon.colcon_core.environment:checking '/workspaces/safe_teleop_slave_ws/install/safe_teleop_core/lib/python3.12/site-packages'
[6.910s] Level 1:colcon.colcon_core.shell:create_environment_hook('safe_teleop_core', 'pythonpath')
[6.911s] INFO:colcon.colcon_core.shell:Creating environment hook '/workspaces/safe_teleop_slave_ws/install/safe_teleop_core/share/safe_teleop_core/hook/pythonpath.ps1'
[6.911s] INFO:colcon.colcon_core.shell:Creating environment descriptor '/workspaces/safe_teleop_slave_ws/install/safe_teleop_core/share/safe_teleop_core/hook/pythonpath.dsv'
[6.911s] INFO:colcon.colcon_core.shell:Creating environment hook '/workspaces/safe_teleop_slave_ws/install/safe_teleop_core/share/safe_teleop_core/hook/pythonpath.sh'
[6.911s] Level 1:colcon.colcon_core.environment:checking '/workspaces/safe_teleop_slave_ws/install/safe_teleop_core/bin'
[6.911s] INFO:colcon.colcon_core.shell:Creating package script '/workspaces/safe_teleop_slave_ws/install/safe_teleop_core/share/safe_teleop_core/package.ps1'
[6.912s] INFO:colcon.colcon_core.shell:Creating package descriptor '/workspaces/safe_teleop_slave_ws/install/safe_teleop_core/share/safe_teleop_core/package.dsv'
[6.912s] INFO:colcon.colcon_core.shell:Creating package script '/workspaces/safe_teleop_slave_ws/install/safe_teleop_core/share/safe_teleop_core/package.sh'
[6.912s] INFO:colcon.colcon_core.shell:Creating package script '/workspaces/safe_teleop_slave_ws/install/safe_teleop_core/share/safe_teleop_core/package.bash'
[6.913s] INFO:colcon.colcon_core.shell:Creating package script '/workspaces/safe_teleop_slave_ws/install/safe_teleop_core/share/safe_teleop_core/package.zsh'
[6.913s] Level 1:colcon.colcon_core.environment:create_file_with_runtime_dependencies(/workspaces/safe_teleop_slave_ws/install/safe_teleop_core/share/colcon-core/packages/safe_teleop_core)
[6.913s] Level 1:colcon.colcon_core.environment:create_environment_scripts_only(safe_teleop_core)
[6.913s] Level 1:colcon.colcon_core.environment:checking '/workspaces/safe_teleop_slave_ws/install/safe_teleop_core' for CMake module files
[6.914s] Level 1:colcon.colcon_core.environment:checking '/workspaces/safe_teleop_slave_ws/install/safe_teleop_core' for CMake config files
[6.914s] Level 1:colcon.colcon_core.shell:create_environment_hook('safe_teleop_core', 'cmake_prefix_path')
[6.914s] INFO:colcon.colcon_core.shell:Creating environment hook '/workspaces/safe_teleop_slave_ws/install/safe_teleop_core/share/safe_teleop_core/hook/cmake_prefix_path.ps1'
[6.915s] INFO:colcon.colcon_core.shell:Creating environment descriptor '/workspaces/safe_teleop_slave_ws/install/safe_teleop_core/share/safe_teleop_core/hook/cmake_prefix_path.dsv'
[6.915s] INFO:colcon.colcon_core.shell:Creating environment hook '/workspaces/safe_teleop_slave_ws/install/safe_teleop_core/share/safe_teleop_core/hook/cmake_prefix_path.sh'
[6.915s] Level 1:colcon.colcon_core.environment:checking '/workspaces/safe_teleop_slave_ws/install/safe_teleop_core/lib'
[6.915s] Level 1:colcon.colcon_core.shell:create_environment_hook('safe_teleop_core', 'ld_library_path_lib')
[6.915s] INFO:colcon.colcon_core.shell:Creating environment hook '/workspaces/safe_teleop_slave_ws/install/safe_teleop_core/share/safe_teleop_core/hook/ld_library_path_lib.ps1'
[6.915s] INFO:colcon.colcon_core.shell:Creating environment descriptor '/workspaces/safe_teleop_slave_ws/install/safe_teleop_core/share/safe_teleop_core/hook/ld_library_path_lib.dsv'
[6.916s] INFO:colcon.colcon_core.shell:Creating environment hook '/workspaces/safe_teleop_slave_ws/install/safe_teleop_core/share/safe_teleop_core/hook/ld_library_path_lib.sh'
[6.916s] Level 1:colcon.colcon_core.environment:checking '/workspaces/safe_teleop_slave_ws/install/safe_teleop_core/bin'
[6.916s] Level 1:colcon.colcon_core.environment:checking '/workspaces/safe_teleop_slave_ws/install/safe_teleop_core/lib/pkgconfig/safe_teleop_core.pc'
[6.916s] Level 1:colcon.colcon_core.environment:checking '/workspaces/safe_teleop_slave_ws/install/safe_teleop_core/lib/python3.12/site-packages'
[6.916s] Level 1:colcon.colcon_core.shell:create_environment_hook('safe_teleop_core', 'pythonpath')
[6.916s] INFO:colcon.colcon_core.shell:Creating environment hook '/workspaces/safe_teleop_slave_ws/install/safe_teleop_core/share/safe_teleop_core/hook/pythonpath.ps1'
[6.916s] INFO:colcon.colcon_core.shell:Creating environment descriptor '/workspaces/safe_teleop_slave_ws/install/safe_teleop_core/share/safe_teleop_core/hook/pythonpath.dsv'
[6.917s] INFO:colcon.colcon_core.shell:Creating environment hook '/workspaces/safe_teleop_slave_ws/install/safe_teleop_core/share/safe_teleop_core/hook/pythonpath.sh'
[6.917s] Level 1:colcon.colcon_core.environment:checking '/workspaces/safe_teleop_slave_ws/install/safe_teleop_core/bin'
[6.917s] INFO:colcon.colcon_core.shell:Creating package script '/workspaces/safe_teleop_slave_ws/install/safe_teleop_core/share/safe_teleop_core/package.ps1'
[6.917s] INFO:colcon.colcon_core.shell:Creating package descriptor '/workspaces/safe_teleop_slave_ws/install/safe_teleop_core/share/safe_teleop_core/package.dsv'
[6.918s] INFO:colcon.colcon_core.shell:Creating package script '/workspaces/safe_teleop_slave_ws/install/safe_teleop_core/share/safe_teleop_core/package.sh'
[6.918s] INFO:colcon.colcon_core.shell:Creating package script '/workspaces/safe_teleop_slave_ws/install/safe_teleop_core/share/safe_teleop_core/package.bash'
[6.918s] INFO:colcon.colcon_core.shell:Creating package script '/workspaces/safe_teleop_slave_ws/install/safe_teleop_core/share/safe_teleop_core/package.zsh'
[6.918s] Level 1:colcon.colcon_core.environment:create_file_with_runtime_dependencies(/workspaces/safe_teleop_slave_ws/install/safe_teleop_core/share/colcon-core/packages/safe_teleop_core)
[6.919s] DEBUG:colcon.colcon_parallel_executor.executor.parallel:closing loop
[6.919s] DEBUG:colcon.colcon_parallel_executor.executor.parallel:loop closed
[6.919s] DEBUG:colcon.colcon_parallel_executor.executor.parallel:run_until_complete finished with '0'
[6.919s] DEBUG:colcon.colcon_core.event_reactor:joining thread
[6.922s] INFO:colcon.colcon_core.plugin_system:Skipping extension 'colcon_notification.desktop_notification.notify_send': Could not find 'notify-send'
[6.922s] INFO:colcon.colcon_core.plugin_system:Skipping extension 'colcon_notification.desktop_notification.terminal_notifier': Not used on non-Darwin systems
[6.922s] INFO:colcon.colcon_core.plugin_system:Skipping extension 'colcon_notification.desktop_notification.win32': Not used on non-Windows systems
[6.922s] INFO:colcon.colcon_notification.desktop_notification:Sending desktop notification using 'notify2'
[6.924s] DEBUG:colcon.colcon_notification.desktop_notification.notify2:Failed to initialize notify2: org.freedesktop.DBus.Error.Spawn.ExecFailed: /usr/bin/dbus-launch terminated abnormally without any error message
[6.924s] DEBUG:colcon.colcon_core.event_reactor:joined thread
[6.925s] INFO:colcon.colcon_core.shell:Creating prefix script '/workspaces/safe_teleop_slave_ws/install/local_setup.ps1'
[6.925s] INFO:colcon.colcon_core.shell:Creating prefix util module '/workspaces/safe_teleop_slave_ws/install/_local_setup_util_ps1.py'
[6.926s] INFO:colcon.colcon_core.shell:Creating prefix chain script '/workspaces/safe_teleop_slave_ws/install/setup.ps1'
[6.926s] INFO:colcon.colcon_core.shell:Creating prefix script '/workspaces/safe_teleop_slave_ws/install/local_setup.sh'
[6.927s] INFO:colcon.colcon_core.shell:Creating prefix util module '/workspaces/safe_teleop_slave_ws/install/_local_setup_util_sh.py'
[6.927s] INFO:colcon.colcon_core.shell:Creating prefix chain script '/workspaces/safe_teleop_slave_ws/install/setup.sh'
[6.928s] INFO:colcon.colcon_core.shell:Creating prefix script '/workspaces/safe_teleop_slave_ws/install/local_setup.bash'
[6.928s] INFO:colcon.colcon_core.shell:Creating prefix chain script '/workspaces/safe_teleop_slave_ws/install/setup.bash'
[6.928s] INFO:colcon.colcon_core.shell:Creating prefix script '/workspaces/safe_teleop_slave_ws/install/local_setup.zsh'
[6.928s] INFO:colcon.colcon_core.shell:Creating prefix chain script '/workspaces/safe_teleop_slave_ws/install/setup.zsh'
