[0.056s] DEBUG:colcon:Command line arguments: ['/usr/bin/colcon', 'build', '--packages-select', 'safe_teleop_realtime']
[0.056s] DEBUG:colcon:Parsed command line arguments: Namespace(log_base=None, log_level=None, verb_name='build', build_base='build', install_base='install', merge_install=False, symlink_install=False, test_result_base=None, continue_on_error=False, executor='parallel', parallel_workers=32, event_handlers=None, ignore_user_meta=False, metas=['./colcon.meta'], base_paths=['.'], packages_ignore=None, packages_ignore_regex=None, paths=None, packages_up_to=None, packages_up_to_regex=None, packages_above=None, packages_above_and_dependencies=None, packages_above_depth=None, packages_select_by_dep=None, packages_skip_by_dep=None, packages_skip_up_to=None, packages_select_build_failed=False, packages_skip_build_finished=False, packages_select_test_failures=False, packages_skip_test_passed=False, packages_select=['safe_teleop_realtime'], packages_skip=None, packages_select_regex=None, packages_skip_regex=None, packages_start=None, packages_end=None, allow_overriding=[], cmake_args=None, cmake_target=None, cmake_target_skip_unavailable=False, cmake_clean_cache=False, cmake_clean_first=False, cmake_force_configure=False, ament_cmake_args=None, catkin_cmake_args=None, catkin_skip_building_tests=False, verb_parser=<colcon_defaults.argument_parser.defaults.DefaultArgumentsDecorator object at 0x72ea75589eb0>, verb_extension=<colcon_core.verb.build.BuildVerb object at 0x72ea75589be0>, main=<bound method BuildVerb.main of <colcon_core.verb.build.BuildVerb object at 0x72ea75589be0>>)
[0.080s] Level 1:colcon.colcon_core.package_discovery:discover_packages(colcon_meta) check parameters
[0.080s] Level 1:colcon.colcon_core.package_discovery:discover_packages(recursive) check parameters
[0.080s] Level 1:colcon.colcon_core.package_discovery:discover_packages(ignore) check parameters
[0.080s] Level 1:colcon.colcon_core.package_discovery:discover_packages(path) check parameters
[0.080s] Level 1:colcon.colcon_core.package_discovery:discover_packages(colcon_meta) discover
[0.080s] Level 1:colcon.colcon_core.package_discovery:discover_packages(recursive) discover
[0.080s] INFO:colcon.colcon_core.package_discovery:Crawling recursively for packages in '/workspaces/safe_teleop_slave_ws'
[0.080s] Level 1:colcon.colcon_core.package_identification:_identify(.) by extensions ['ignore', 'ignore_ament_install']
[0.080s] Level 1:colcon.colcon_core.package_identification:_identify(.) by extension 'ignore'
[0.080s] Level 1:colcon.colcon_core.package_identification:_identify(.) by extension 'ignore_ament_install'
[0.080s] Level 1:colcon.colcon_core.package_identification:_identify(.) by extensions ['colcon_pkg']
[0.080s] Level 1:colcon.colcon_core.package_identification:_identify(.) by extension 'colcon_pkg'
[0.080s] Level 1:colcon.colcon_core.package_identification:_identify(.) by extensions ['colcon_meta']
[0.080s] Level 1:colcon.colcon_core.package_identification:_identify(.) by extension 'colcon_meta'
[0.080s] Level 1:colcon.colcon_core.package_identification:_identify(.) by extensions ['ros']
[0.080s] Level 1:colcon.colcon_core.package_identification:_identify(.) by extension 'ros'
[0.095s] Level 1:colcon.colcon_core.package_identification:_identify(.) by extensions ['cmake', 'python']
[0.095s] Level 1:colcon.colcon_core.package_identification:_identify(.) by extension 'cmake'
[0.095s] Level 1:colcon.colcon_core.package_identification:_identify(.) by extension 'python'
[0.095s] Level 1:colcon.colcon_core.package_identification:_identify(.) by extensions ['python_setup_py']
[0.095s] Level 1:colcon.colcon_core.package_identification:_identify(.) by extension 'python_setup_py'
[0.096s] Level 1:colcon.colcon_core.package_identification:_identify(build) by extensions ['ignore', 'ignore_ament_install']
[0.096s] Level 1:colcon.colcon_core.package_identification:_identify(build) by extension 'ignore'
[0.096s] Level 1:colcon.colcon_core.package_identification:_identify(build) ignored
[0.096s] Level 1:colcon.colcon_core.package_identification:_identify(docker) by extensions ['ignore', 'ignore_ament_install']
[0.096s] Level 1:colcon.colcon_core.package_identification:_identify(docker) by extension 'ignore'
[0.096s] Level 1:colcon.colcon_core.package_identification:_identify(docker) by extension 'ignore_ament_install'
[0.096s] Level 1:colcon.colcon_core.package_identification:_identify(docker) by extensions ['colcon_pkg']
[0.096s] Level 1:colcon.colcon_core.package_identification:_identify(docker) by extension 'colcon_pkg'
[0.096s] Level 1:colcon.colcon_core.package_identification:_identify(docker) by extensions ['colcon_meta']
[0.096s] Level 1:colcon.colcon_core.package_identification:_identify(docker) by extension 'colcon_meta'
[0.096s] Level 1:colcon.colcon_core.package_identification:_identify(docker) by extensions ['ros']
[0.096s] Level 1:colcon.colcon_core.package_identification:_identify(docker) by extension 'ros'
[0.096s] Level 1:colcon.colcon_core.package_identification:_identify(docker) by extensions ['cmake', 'python']
[0.096s] Level 1:colcon.colcon_core.package_identification:_identify(docker) by extension 'cmake'
[0.096s] Level 1:colcon.colcon_core.package_identification:_identify(docker) by extension 'python'
[0.096s] Level 1:colcon.colcon_core.package_identification:_identify(docker) by extensions ['python_setup_py']
[0.096s] Level 1:colcon.colcon_core.package_identification:_identify(docker) by extension 'python_setup_py'
[0.096s] Level 1:colcon.colcon_core.package_identification:_identify(install) by extensions ['ignore', 'ignore_ament_install']
[0.096s] Level 1:colcon.colcon_core.package_identification:_identify(install) by extension 'ignore'
[0.096s] Level 1:colcon.colcon_core.package_identification:_identify(install) ignored
[0.096s] Level 1:colcon.colcon_core.package_identification:_identify(log) by extensions ['ignore', 'ignore_ament_install']
[0.096s] Level 1:colcon.colcon_core.package_identification:_identify(log) by extension 'ignore'
[0.096s] Level 1:colcon.colcon_core.package_identification:_identify(log) ignored
[0.096s] Level 1:colcon.colcon_core.package_identification:_identify(src) by extensions ['ignore', 'ignore_ament_install']
[0.096s] Level 1:colcon.colcon_core.package_identification:_identify(src) by extension 'ignore'
[0.096s] Level 1:colcon.colcon_core.package_identification:_identify(src) by extension 'ignore_ament_install'
[0.096s] Level 1:colcon.colcon_core.package_identification:_identify(src) by extensions ['colcon_pkg']
[0.096s] Level 1:colcon.colcon_core.package_identification:_identify(src) by extension 'colcon_pkg'
[0.096s] Level 1:colcon.colcon_core.package_identification:_identify(src) by extensions ['colcon_meta']
[0.096s] Level 1:colcon.colcon_core.package_identification:_identify(src) by extension 'colcon_meta'
[0.096s] Level 1:colcon.colcon_core.package_identification:_identify(src) by extensions ['ros']
[0.096s] Level 1:colcon.colcon_core.package_identification:_identify(src) by extension 'ros'
[0.096s] Level 1:colcon.colcon_core.package_identification:_identify(src) by extensions ['cmake', 'python']
[0.096s] Level 1:colcon.colcon_core.package_identification:_identify(src) by extension 'cmake'
[0.096s] Level 1:colcon.colcon_core.package_identification:_identify(src) by extension 'python'
[0.096s] Level 1:colcon.colcon_core.package_identification:_identify(src) by extensions ['python_setup_py']
[0.096s] Level 1:colcon.colcon_core.package_identification:_identify(src) by extension 'python_setup_py'
[0.096s] Level 1:colcon.colcon_core.package_identification:_identify(src/safe_teleop_core) by extensions ['ignore', 'ignore_ament_install']
[0.097s] Level 1:colcon.colcon_core.package_identification:_identify(src/safe_teleop_core) by extension 'ignore'
[0.097s] Level 1:colcon.colcon_core.package_identification:_identify(src/safe_teleop_core) by extension 'ignore_ament_install'
[0.097s] Level 1:colcon.colcon_core.package_identification:_identify(src/safe_teleop_core) by extensions ['colcon_pkg']
[0.097s] Level 1:colcon.colcon_core.package_identification:_identify(src/safe_teleop_core) by extension 'colcon_pkg'
[0.097s] Level 1:colcon.colcon_core.package_identification:_identify(src/safe_teleop_core) by extensions ['colcon_meta']
[0.097s] Level 1:colcon.colcon_core.package_identification:_identify(src/safe_teleop_core) by extension 'colcon_meta'
[0.097s] Level 1:colcon.colcon_core.package_identification:_identify(src/safe_teleop_core) by extensions ['ros']
[0.097s] Level 1:colcon.colcon_core.package_identification:_identify(src/safe_teleop_core) by extension 'ros'
[0.098s] DEBUG:colcon.colcon_core.package_identification:Package 'src/safe_teleop_core' with type 'ros.ament_cmake' and name 'safe_teleop_core'
[0.098s] Level 1:colcon.colcon_core.package_identification:_identify(src/safe_teleop_emergency) by extensions ['ignore', 'ignore_ament_install']
[0.098s] Level 1:colcon.colcon_core.package_identification:_identify(src/safe_teleop_emergency) by extension 'ignore'
[0.098s] Level 1:colcon.colcon_core.package_identification:_identify(src/safe_teleop_emergency) by extension 'ignore_ament_install'
[0.098s] Level 1:colcon.colcon_core.package_identification:_identify(src/safe_teleop_emergency) by extensions ['colcon_pkg']
[0.098s] Level 1:colcon.colcon_core.package_identification:_identify(src/safe_teleop_emergency) by extension 'colcon_pkg'
[0.098s] Level 1:colcon.colcon_core.package_identification:_identify(src/safe_teleop_emergency) by extensions ['colcon_meta']
[0.098s] Level 1:colcon.colcon_core.package_identification:_identify(src/safe_teleop_emergency) by extension 'colcon_meta'
[0.098s] Level 1:colcon.colcon_core.package_identification:_identify(src/safe_teleop_emergency) by extensions ['ros']
[0.098s] Level 1:colcon.colcon_core.package_identification:_identify(src/safe_teleop_emergency) by extension 'ros'
[0.098s] Level 1:colcon.colcon_core.package_identification:_identify(src/safe_teleop_emergency) by extensions ['cmake', 'python']
[0.098s] Level 1:colcon.colcon_core.package_identification:_identify(src/safe_teleop_emergency) by extension 'cmake'
[0.098s] Level 1:colcon.colcon_core.package_identification:_identify(src/safe_teleop_emergency) by extension 'python'
[0.098s] Level 1:colcon.colcon_core.package_identification:_identify(src/safe_teleop_emergency) by extensions ['python_setup_py']
[0.098s] Level 1:colcon.colcon_core.package_identification:_identify(src/safe_teleop_emergency) by extension 'python_setup_py'
[0.098s] Level 1:colcon.colcon_core.package_identification:_identify(src/safe_teleop_emergency/include) by extensions ['ignore', 'ignore_ament_install']
[0.098s] Level 1:colcon.colcon_core.package_identification:_identify(src/safe_teleop_emergency/include) by extension 'ignore'
[0.099s] Level 1:colcon.colcon_core.package_identification:_identify(src/safe_teleop_emergency/include) by extension 'ignore_ament_install'
[0.099s] Level 1:colcon.colcon_core.package_identification:_identify(src/safe_teleop_emergency/include) by extensions ['colcon_pkg']
[0.099s] Level 1:colcon.colcon_core.package_identification:_identify(src/safe_teleop_emergency/include) by extension 'colcon_pkg'
[0.099s] Level 1:colcon.colcon_core.package_identification:_identify(src/safe_teleop_emergency/include) by extensions ['colcon_meta']
[0.099s] Level 1:colcon.colcon_core.package_identification:_identify(src/safe_teleop_emergency/include) by extension 'colcon_meta'
[0.099s] Level 1:colcon.colcon_core.package_identification:_identify(src/safe_teleop_emergency/include) by extensions ['ros']
[0.099s] Level 1:colcon.colcon_core.package_identification:_identify(src/safe_teleop_emergency/include) by extension 'ros'
[0.099s] Level 1:colcon.colcon_core.package_identification:_identify(src/safe_teleop_emergency/include) by extensions ['cmake', 'python']
[0.099s] Level 1:colcon.colcon_core.package_identification:_identify(src/safe_teleop_emergency/include) by extension 'cmake'
[0.099s] Level 1:colcon.colcon_core.package_identification:_identify(src/safe_teleop_emergency/include) by extension 'python'
[0.099s] Level 1:colcon.colcon_core.package_identification:_identify(src/safe_teleop_emergency/include) by extensions ['python_setup_py']
[0.099s] Level 1:colcon.colcon_core.package_identification:_identify(src/safe_teleop_emergency/include) by extension 'python_setup_py'
[0.099s] Level 1:colcon.colcon_core.package_identification:_identify(src/safe_teleop_emergency/include/safe_teleop_emergency) by extensions ['ignore', 'ignore_ament_install']
[0.099s] Level 1:colcon.colcon_core.package_identification:_identify(src/safe_teleop_emergency/include/safe_teleop_emergency) by extension 'ignore'
[0.099s] Level 1:colcon.colcon_core.package_identification:_identify(src/safe_teleop_emergency/include/safe_teleop_emergency) by extension 'ignore_ament_install'
[0.099s] Level 1:colcon.colcon_core.package_identification:_identify(src/safe_teleop_emergency/include/safe_teleop_emergency) by extensions ['colcon_pkg']
[0.099s] Level 1:colcon.colcon_core.package_identification:_identify(src/safe_teleop_emergency/include/safe_teleop_emergency) by extension 'colcon_pkg'
[0.099s] Level 1:colcon.colcon_core.package_identification:_identify(src/safe_teleop_emergency/include/safe_teleop_emergency) by extensions ['colcon_meta']
[0.099s] Level 1:colcon.colcon_core.package_identification:_identify(src/safe_teleop_emergency/include/safe_teleop_emergency) by extension 'colcon_meta'
[0.099s] Level 1:colcon.colcon_core.package_identification:_identify(src/safe_teleop_emergency/include/safe_teleop_emergency) by extensions ['ros']
[0.099s] Level 1:colcon.colcon_core.package_identification:_identify(src/safe_teleop_emergency/include/safe_teleop_emergency) by extension 'ros'
[0.099s] Level 1:colcon.colcon_core.package_identification:_identify(src/safe_teleop_emergency/include/safe_teleop_emergency) by extensions ['cmake', 'python']
[0.099s] Level 1:colcon.colcon_core.package_identification:_identify(src/safe_teleop_emergency/include/safe_teleop_emergency) by extension 'cmake'
[0.099s] Level 1:colcon.colcon_core.package_identification:_identify(src/safe_teleop_emergency/include/safe_teleop_emergency) by extension 'python'
[0.099s] Level 1:colcon.colcon_core.package_identification:_identify(src/safe_teleop_emergency/include/safe_teleop_emergency) by extensions ['python_setup_py']
[0.099s] Level 1:colcon.colcon_core.package_identification:_identify(src/safe_teleop_emergency/include/safe_teleop_emergency) by extension 'python_setup_py'
[0.099s] Level 1:colcon.colcon_core.package_identification:_identify(src/safe_teleop_emergency/launch) by extensions ['ignore', 'ignore_ament_install']
[0.099s] Level 1:colcon.colcon_core.package_identification:_identify(src/safe_teleop_emergency/launch) by extension 'ignore'
[0.099s] Level 1:colcon.colcon_core.package_identification:_identify(src/safe_teleop_emergency/launch) by extension 'ignore_ament_install'
[0.099s] Level 1:colcon.colcon_core.package_identification:_identify(src/safe_teleop_emergency/launch) by extensions ['colcon_pkg']
[0.099s] Level 1:colcon.colcon_core.package_identification:_identify(src/safe_teleop_emergency/launch) by extension 'colcon_pkg'
[0.099s] Level 1:colcon.colcon_core.package_identification:_identify(src/safe_teleop_emergency/launch) by extensions ['colcon_meta']
[0.099s] Level 1:colcon.colcon_core.package_identification:_identify(src/safe_teleop_emergency/launch) by extension 'colcon_meta'
[0.099s] Level 1:colcon.colcon_core.package_identification:_identify(src/safe_teleop_emergency/launch) by extensions ['ros']
[0.099s] Level 1:colcon.colcon_core.package_identification:_identify(src/safe_teleop_emergency/launch) by extension 'ros'
[0.099s] Level 1:colcon.colcon_core.package_identification:_identify(src/safe_teleop_emergency/launch) by extensions ['cmake', 'python']
[0.099s] Level 1:colcon.colcon_core.package_identification:_identify(src/safe_teleop_emergency/launch) by extension 'cmake'
[0.099s] Level 1:colcon.colcon_core.package_identification:_identify(src/safe_teleop_emergency/launch) by extension 'python'
[0.099s] Level 1:colcon.colcon_core.package_identification:_identify(src/safe_teleop_emergency/launch) by extensions ['python_setup_py']
[0.099s] Level 1:colcon.colcon_core.package_identification:_identify(src/safe_teleop_emergency/launch) by extension 'python_setup_py'
[0.099s] Level 1:colcon.colcon_core.package_identification:_identify(src/safe_teleop_emergency/src) by extensions ['ignore', 'ignore_ament_install']
[0.099s] Level 1:colcon.colcon_core.package_identification:_identify(src/safe_teleop_emergency/src) by extension 'ignore'
[0.099s] Level 1:colcon.colcon_core.package_identification:_identify(src/safe_teleop_emergency/src) by extension 'ignore_ament_install'
[0.099s] Level 1:colcon.colcon_core.package_identification:_identify(src/safe_teleop_emergency/src) by extensions ['colcon_pkg']
[0.099s] Level 1:colcon.colcon_core.package_identification:_identify(src/safe_teleop_emergency/src) by extension 'colcon_pkg'
[0.099s] Level 1:colcon.colcon_core.package_identification:_identify(src/safe_teleop_emergency/src) by extensions ['colcon_meta']
[0.099s] Level 1:colcon.colcon_core.package_identification:_identify(src/safe_teleop_emergency/src) by extension 'colcon_meta'
[0.099s] Level 1:colcon.colcon_core.package_identification:_identify(src/safe_teleop_emergency/src) by extensions ['ros']
[0.099s] Level 1:colcon.colcon_core.package_identification:_identify(src/safe_teleop_emergency/src) by extension 'ros'
[0.100s] Level 1:colcon.colcon_core.package_identification:_identify(src/safe_teleop_emergency/src) by extensions ['cmake', 'python']
[0.100s] Level 1:colcon.colcon_core.package_identification:_identify(src/safe_teleop_emergency/src) by extension 'cmake'
[0.100s] Level 1:colcon.colcon_core.package_identification:_identify(src/safe_teleop_emergency/src) by extension 'python'
[0.100s] Level 1:colcon.colcon_core.package_identification:_identify(src/safe_teleop_emergency/src) by extensions ['python_setup_py']
[0.100s] Level 1:colcon.colcon_core.package_identification:_identify(src/safe_teleop_emergency/src) by extension 'python_setup_py'
[0.100s] Level 1:colcon.colcon_core.package_identification:_identify(src/safe_teleop_realtime) by extensions ['ignore', 'ignore_ament_install']
[0.100s] Level 1:colcon.colcon_core.package_identification:_identify(src/safe_teleop_realtime) by extension 'ignore'
[0.100s] Level 1:colcon.colcon_core.package_identification:_identify(src/safe_teleop_realtime) by extension 'ignore_ament_install'
[0.100s] Level 1:colcon.colcon_core.package_identification:_identify(src/safe_teleop_realtime) by extensions ['colcon_pkg']
[0.100s] Level 1:colcon.colcon_core.package_identification:_identify(src/safe_teleop_realtime) by extension 'colcon_pkg'
[0.100s] Level 1:colcon.colcon_core.package_identification:_identify(src/safe_teleop_realtime) by extensions ['colcon_meta']
[0.100s] Level 1:colcon.colcon_core.package_identification:_identify(src/safe_teleop_realtime) by extension 'colcon_meta'
[0.100s] Level 1:colcon.colcon_core.package_identification:_identify(src/safe_teleop_realtime) by extensions ['ros']
[0.100s] Level 1:colcon.colcon_core.package_identification:_identify(src/safe_teleop_realtime) by extension 'ros'
[0.100s] DEBUG:colcon.colcon_core.package_identification:Package 'src/safe_teleop_realtime' with type 'ros.ament_cmake' and name 'safe_teleop_realtime'
[0.100s] Level 1:colcon.colcon_core.package_identification:_identify(src/safe_teleop_slave_bringup) by extensions ['ignore', 'ignore_ament_install']
[0.100s] Level 1:colcon.colcon_core.package_identification:_identify(src/safe_teleop_slave_bringup) by extension 'ignore'
[0.100s] Level 1:colcon.colcon_core.package_identification:_identify(src/safe_teleop_slave_bringup) by extension 'ignore_ament_install'
[0.100s] Level 1:colcon.colcon_core.package_identification:_identify(src/safe_teleop_slave_bringup) by extensions ['colcon_pkg']
[0.100s] Level 1:colcon.colcon_core.package_identification:_identify(src/safe_teleop_slave_bringup) by extension 'colcon_pkg'
[0.101s] Level 1:colcon.colcon_core.package_identification:_identify(src/safe_teleop_slave_bringup) by extensions ['colcon_meta']
[0.101s] Level 1:colcon.colcon_core.package_identification:_identify(src/safe_teleop_slave_bringup) by extension 'colcon_meta'
[0.101s] Level 1:colcon.colcon_core.package_identification:_identify(src/safe_teleop_slave_bringup) by extensions ['ros']
[0.101s] Level 1:colcon.colcon_core.package_identification:_identify(src/safe_teleop_slave_bringup) by extension 'ros'
[0.101s] DEBUG:colcon.colcon_core.package_identification:Package 'src/safe_teleop_slave_bringup' with type 'ros.ament_cmake' and name 'safe_teleop_slave_bringup'
[0.101s] Level 1:colcon.colcon_core.package_discovery:discover_packages(recursive) using defaults
[0.101s] Level 1:colcon.colcon_core.package_discovery:discover_packages(ignore) discover
[0.101s] Level 1:colcon.colcon_core.package_discovery:discover_packages(ignore) using defaults
[0.101s] Level 1:colcon.colcon_core.package_discovery:discover_packages(path) discover
[0.101s] Level 1:colcon.colcon_core.package_discovery:discover_packages(path) using defaults
[0.111s] INFO:colcon.colcon_core.package_selection:Skipping not selected package 'safe_teleop_core' in 'src/safe_teleop_core'
[0.111s] INFO:colcon.colcon_core.package_selection:Skipping not selected package 'safe_teleop_slave_bringup' in 'src/safe_teleop_slave_bringup'
[0.111s] Level 1:colcon.colcon_core.package_discovery:discover_packages(prefix_path) check parameters
[0.111s] Level 1:colcon.colcon_core.package_discovery:discover_packages(prefix_path) discover
[0.113s] DEBUG:colcon.colcon_installed_package_information.package_discovery:Found 279 installed packages in /opt/ros/jazzy
[0.114s] Level 1:colcon.colcon_core.package_discovery:discover_packages(prefix_path) using defaults
[0.132s] Level 5:colcon.colcon_core.verb:set package 'safe_teleop_realtime' build argument 'cmake_args' from command line to 'None'
[0.133s] Level 5:colcon.colcon_core.verb:set package 'safe_teleop_realtime' build argument 'cmake_target' from command line to 'None'
[0.133s] Level 5:colcon.colcon_core.verb:set package 'safe_teleop_realtime' build argument 'cmake_target_skip_unavailable' from command line to 'False'
[0.133s] Level 5:colcon.colcon_core.verb:set package 'safe_teleop_realtime' build argument 'cmake_clean_cache' from command line to 'False'
[0.133s] Level 5:colcon.colcon_core.verb:set package 'safe_teleop_realtime' build argument 'cmake_clean_first' from command line to 'False'
[0.133s] Level 5:colcon.colcon_core.verb:set package 'safe_teleop_realtime' build argument 'cmake_force_configure' from command line to 'False'
[0.133s] Level 5:colcon.colcon_core.verb:set package 'safe_teleop_realtime' build argument 'ament_cmake_args' from command line to 'None'
[0.133s] Level 5:colcon.colcon_core.verb:set package 'safe_teleop_realtime' build argument 'catkin_cmake_args' from command line to 'None'
[0.133s] Level 5:colcon.colcon_core.verb:set package 'safe_teleop_realtime' build argument 'catkin_skip_building_tests' from command line to 'False'
[0.133s] DEBUG:colcon.colcon_core.verb:Building package 'safe_teleop_realtime' with the following arguments: {'ament_cmake_args': None, 'build_base': '/workspaces/safe_teleop_slave_ws/build/safe_teleop_realtime', 'catkin_cmake_args': None, 'catkin_skip_building_tests': False, 'cmake_args': None, 'cmake_clean_cache': False, 'cmake_clean_first': False, 'cmake_force_configure': False, 'cmake_target': None, 'cmake_target_skip_unavailable': False, 'install_base': '/workspaces/safe_teleop_slave_ws/install/safe_teleop_realtime', 'merge_install': False, 'path': '/workspaces/safe_teleop_slave_ws/src/safe_teleop_realtime', 'symlink_install': False, 'test_result_base': None}
[0.133s] INFO:colcon.colcon_core.executor:Executing jobs using 'parallel' executor
[0.133s] DEBUG:colcon.colcon_parallel_executor.executor.parallel:run_until_complete
[0.133s] INFO:colcon.colcon_ros.task.ament_cmake.build:Building ROS package in '/workspaces/safe_teleop_slave_ws/src/safe_teleop_realtime' with build type 'ament_cmake'
[0.133s] INFO:colcon.colcon_cmake.task.cmake.build:Building CMake package in '/workspaces/safe_teleop_slave_ws/src/safe_teleop_realtime'
[0.134s] INFO:colcon.colcon_core.plugin_system:Skipping extension 'colcon_core.shell.bat': Not used on non-Windows systems
[0.134s] INFO:colcon.colcon_core.shell:Skip shell extension 'powershell' for command environment: Not usable outside of PowerShell
[0.135s] DEBUG:colcon.colcon_core.shell:Skip shell extension 'dsv' for command environment
[0.141s] DEBUG:colcon.colcon_core.event_handler.log_command:Invoking command in '/workspaces/safe_teleop_slave_ws/build/safe_teleop_realtime': AMENT_PREFIX_PATH=/workspaces/safe_teleop_slave_ws/install/safe_teleop_core:${AMENT_PREFIX_PATH} CMAKE_PREFIX_PATH=/workspaces/safe_teleop_slave_ws/install/safe_teleop_core:/opt/ros/jazzy LD_LIBRARY_PATH=/workspaces/safe_teleop_slave_ws/install/safe_teleop_core/lib:${LD_LIBRARY_PATH} PYTHONPATH=/workspaces/safe_teleop_slave_ws/install/safe_teleop_core/lib/python3.12/site-packages:${PYTHONPATH} /usr/bin/cmake /workspaces/safe_teleop_slave_ws/src/safe_teleop_realtime -DCMAKE_INSTALL_PREFIX=/workspaces/safe_teleop_slave_ws/install/safe_teleop_realtime
[1.100s] DEBUG:colcon.colcon_core.event_handler.log_command:Invoked command in '/workspaces/safe_teleop_slave_ws/build/safe_teleop_realtime' returned '0': AMENT_PREFIX_PATH=/workspaces/safe_teleop_slave_ws/install/safe_teleop_core:${AMENT_PREFIX_PATH} CMAKE_PREFIX_PATH=/workspaces/safe_teleop_slave_ws/install/safe_teleop_core:/opt/ros/jazzy LD_LIBRARY_PATH=/workspaces/safe_teleop_slave_ws/install/safe_teleop_core/lib:${LD_LIBRARY_PATH} PYTHONPATH=/workspaces/safe_teleop_slave_ws/install/safe_teleop_core/lib/python3.12/site-packages:${PYTHONPATH} /usr/bin/cmake /workspaces/safe_teleop_slave_ws/src/safe_teleop_realtime -DCMAKE_INSTALL_PREFIX=/workspaces/safe_teleop_slave_ws/install/safe_teleop_realtime
[1.100s] DEBUG:colcon.colcon_core.event_handler.log_command:Invoking command in '/workspaces/safe_teleop_slave_ws/build/safe_teleop_realtime': AMENT_PREFIX_PATH=/workspaces/safe_teleop_slave_ws/install/safe_teleop_core:${AMENT_PREFIX_PATH} CMAKE_PREFIX_PATH=/workspaces/safe_teleop_slave_ws/install/safe_teleop_core:/opt/ros/jazzy LD_LIBRARY_PATH=/workspaces/safe_teleop_slave_ws/install/safe_teleop_core/lib:${LD_LIBRARY_PATH} PYTHONPATH=/workspaces/safe_teleop_slave_ws/install/safe_teleop_core/lib/python3.12/site-packages:${PYTHONPATH} /usr/bin/cmake --build /workspaces/safe_teleop_slave_ws/build/safe_teleop_realtime -- -j32 -l32
[7.761s] DEBUG:colcon.colcon_core.event_handler.log_command:Invoked command in '/workspaces/safe_teleop_slave_ws/build/safe_teleop_realtime' returned '2': AMENT_PREFIX_PATH=/workspaces/safe_teleop_slave_ws/install/safe_teleop_core:${AMENT_PREFIX_PATH} CMAKE_PREFIX_PATH=/workspaces/safe_teleop_slave_ws/install/safe_teleop_core:/opt/ros/jazzy LD_LIBRARY_PATH=/workspaces/safe_teleop_slave_ws/install/safe_teleop_core/lib:${LD_LIBRARY_PATH} PYTHONPATH=/workspaces/safe_teleop_slave_ws/install/safe_teleop_core/lib/python3.12/site-packages:${PYTHONPATH} /usr/bin/cmake --build /workspaces/safe_teleop_slave_ws/build/safe_teleop_realtime -- -j32 -l32
[7.761s] Level 1:colcon.colcon_core.environment:create_environment_scripts_only(safe_teleop_realtime)
[7.763s] Level 1:colcon.colcon_core.environment:checking '/workspaces/safe_teleop_slave_ws/install/safe_teleop_realtime' for CMake module files
[7.763s] Level 1:colcon.colcon_core.environment:checking '/workspaces/safe_teleop_slave_ws/install/safe_teleop_realtime' for CMake config files
[7.763s] Level 1:colcon.colcon_core.environment:checking '/workspaces/safe_teleop_slave_ws/install/safe_teleop_realtime/bin'
[7.763s] Level 1:colcon.colcon_core.environment:checking '/workspaces/safe_teleop_slave_ws/install/safe_teleop_realtime/lib/pkgconfig/safe_teleop_realtime.pc'
[7.763s] Level 1:colcon.colcon_core.environment:checking '/workspaces/safe_teleop_slave_ws/install/safe_teleop_realtime/lib/python3.12/site-packages'
[7.763s] Level 1:colcon.colcon_core.environment:checking '/workspaces/safe_teleop_slave_ws/install/safe_teleop_realtime/bin'
[7.763s] INFO:colcon.colcon_core.shell:Creating package script '/workspaces/safe_teleop_slave_ws/install/safe_teleop_realtime/share/safe_teleop_realtime/package.ps1'
[7.764s] INFO:colcon.colcon_core.shell:Creating package descriptor '/workspaces/safe_teleop_slave_ws/install/safe_teleop_realtime/share/safe_teleop_realtime/package.dsv'
[7.764s] INFO:colcon.colcon_core.shell:Creating package script '/workspaces/safe_teleop_slave_ws/install/safe_teleop_realtime/share/safe_teleop_realtime/package.sh'
[7.765s] INFO:colcon.colcon_core.shell:Creating package script '/workspaces/safe_teleop_slave_ws/install/safe_teleop_realtime/share/safe_teleop_realtime/package.bash'
[7.765s] INFO:colcon.colcon_core.shell:Creating package script '/workspaces/safe_teleop_slave_ws/install/safe_teleop_realtime/share/safe_teleop_realtime/package.zsh'
[7.765s] Level 1:colcon.colcon_core.environment:create_file_with_runtime_dependencies(/workspaces/safe_teleop_slave_ws/install/safe_teleop_realtime/share/colcon-core/packages/safe_teleop_realtime)
[7.775s] DEBUG:colcon.colcon_parallel_executor.executor.parallel:closing loop
[7.775s] DEBUG:colcon.colcon_parallel_executor.executor.parallel:loop closed
[7.775s] DEBUG:colcon.colcon_parallel_executor.executor.parallel:run_until_complete finished with '2'
[7.775s] DEBUG:colcon.colcon_core.event_reactor:joining thread
[7.778s] INFO:colcon.colcon_core.plugin_system:Skipping extension 'colcon_notification.desktop_notification.notify_send': Could not find 'notify-send'
[7.778s] INFO:colcon.colcon_core.plugin_system:Skipping extension 'colcon_notification.desktop_notification.terminal_notifier': Not used on non-Darwin systems
[7.778s] INFO:colcon.colcon_core.plugin_system:Skipping extension 'colcon_notification.desktop_notification.win32': Not used on non-Windows systems
[7.778s] INFO:colcon.colcon_notification.desktop_notification:Sending desktop notification using 'notify2'
[7.780s] DEBUG:colcon.colcon_notification.desktop_notification.notify2:Failed to initialize notify2: org.freedesktop.DBus.Error.Spawn.ExecFailed: /usr/bin/dbus-launch terminated abnormally without any error message
[7.780s] DEBUG:colcon.colcon_core.event_reactor:joined thread
[7.781s] INFO:colcon.colcon_core.shell:Creating prefix script '/workspaces/safe_teleop_slave_ws/install/local_setup.ps1'
[7.781s] INFO:colcon.colcon_core.shell:Creating prefix util module '/workspaces/safe_teleop_slave_ws/install/_local_setup_util_ps1.py'
[7.782s] INFO:colcon.colcon_core.shell:Creating prefix chain script '/workspaces/safe_teleop_slave_ws/install/setup.ps1'
[7.782s] INFO:colcon.colcon_core.shell:Creating prefix script '/workspaces/safe_teleop_slave_ws/install/local_setup.sh'
[7.782s] INFO:colcon.colcon_core.shell:Creating prefix util module '/workspaces/safe_teleop_slave_ws/install/_local_setup_util_sh.py'
[7.783s] INFO:colcon.colcon_core.shell:Creating prefix chain script '/workspaces/safe_teleop_slave_ws/install/setup.sh'
[7.783s] INFO:colcon.colcon_core.shell:Creating prefix script '/workspaces/safe_teleop_slave_ws/install/local_setup.bash'
[7.783s] INFO:colcon.colcon_core.shell:Creating prefix chain script '/workspaces/safe_teleop_slave_ws/install/setup.bash'
[7.784s] INFO:colcon.colcon_core.shell:Creating prefix script '/workspaces/safe_teleop_slave_ws/install/local_setup.zsh'
[7.784s] INFO:colcon.colcon_core.shell:Creating prefix chain script '/workspaces/safe_teleop_slave_ws/install/setup.zsh'
