[0.056s] DEBUG:colcon:Command line arguments: ['/usr/bin/colcon', 'build', '--packages-select', 'safe_teleop_core', 'safe_teleop_realtime', '--cmake-args', '-DCMAKE_BUILD_TYPE=Release']
[0.056s] DEBUG:colcon:Parsed command line arguments: Namespace(log_base=None, log_level=None, verb_name='build', build_base='build', install_base='install', merge_install=False, symlink_install=False, test_result_base=None, continue_on_error=False, executor='parallel', parallel_workers=32, event_handlers=None, ignore_user_meta=False, metas=['./colcon.meta'], base_paths=['.'], packages_ignore=None, packages_ignore_regex=None, paths=None, packages_up_to=None, packages_up_to_regex=None, packages_above=None, packages_above_and_dependencies=None, packages_above_depth=None, packages_select_by_dep=None, packages_skip_by_dep=None, packages_skip_up_to=None, packages_select_build_failed=False, packages_skip_build_finished=False, packages_select_test_failures=False, packages_skip_test_passed=False, packages_select=['safe_teleop_core', 'safe_teleop_realtime'], packages_skip=None, packages_select_regex=None, packages_skip_regex=None, packages_start=None, packages_end=None, allow_overriding=[], cmake_args=['-DCMAKE_BUILD_TYPE=Release'], cmake_target=None, cmake_target_skip_unavailable=False, cmake_clean_cache=False, cmake_clean_first=False, cmake_force_configure=False, ament_cmake_args=None, catkin_cmake_args=None, catkin_skip_building_tests=False, verb_parser=<colcon_defaults.argument_parser.defaults.DefaultArgumentsDecorator object at 0x71eb182d2000>, verb_extension=<colcon_core.verb.build.BuildVerb object at 0x71eb182d1d60>, main=<bound method BuildVerb.main of <colcon_core.verb.build.BuildVerb object at 0x71eb182d1d60>>)
[0.081s] Level 1:colcon.colcon_core.package_discovery:discover_packages(colcon_meta) check parameters
[0.081s] Level 1:colcon.colcon_core.package_discovery:discover_packages(recursive) check parameters
[0.081s] Level 1:colcon.colcon_core.package_discovery:discover_packages(ignore) check parameters
[0.082s] Level 1:colcon.colcon_core.package_discovery:discover_packages(path) check parameters
[0.082s] Level 1:colcon.colcon_core.package_discovery:discover_packages(colcon_meta) discover
[0.082s] Level 1:colcon.colcon_core.package_discovery:discover_packages(recursive) discover
[0.082s] INFO:colcon.colcon_core.package_discovery:Crawling recursively for packages in '/workspaces/safe_teleop_slave_ws'
[0.082s] Level 1:colcon.colcon_core.package_identification:_identify(.) by extensions ['ignore', 'ignore_ament_install']
[0.082s] Level 1:colcon.colcon_core.package_identification:_identify(.) by extension 'ignore'
[0.082s] Level 1:colcon.colcon_core.package_identification:_identify(.) by extension 'ignore_ament_install'
[0.082s] Level 1:colcon.colcon_core.package_identification:_identify(.) by extensions ['colcon_pkg']
[0.082s] Level 1:colcon.colcon_core.package_identification:_identify(.) by extension 'colcon_pkg'
[0.082s] Level 1:colcon.colcon_core.package_identification:_identify(.) by extensions ['colcon_meta']
[0.082s] Level 1:colcon.colcon_core.package_identification:_identify(.) by extension 'colcon_meta'
[0.082s] Level 1:colcon.colcon_core.package_identification:_identify(.) by extensions ['ros']
[0.082s] Level 1:colcon.colcon_core.package_identification:_identify(.) by extension 'ros'
[0.098s] Level 1:colcon.colcon_core.package_identification:_identify(.) by extensions ['cmake', 'python']
[0.098s] Level 1:colcon.colcon_core.package_identification:_identify(.) by extension 'cmake'
[0.098s] Level 1:colcon.colcon_core.package_identification:_identify(.) by extension 'python'
[0.098s] Level 1:colcon.colcon_core.package_identification:_identify(.) by extensions ['python_setup_py']
[0.098s] Level 1:colcon.colcon_core.package_identification:_identify(.) by extension 'python_setup_py'
[0.098s] Level 1:colcon.colcon_core.package_identification:_identify(build) by extensions ['ignore', 'ignore_ament_install']
[0.098s] Level 1:colcon.colcon_core.package_identification:_identify(build) by extension 'ignore'
[0.098s] Level 1:colcon.colcon_core.package_identification:_identify(build) ignored
[0.098s] Level 1:colcon.colcon_core.package_identification:_identify(docker) by extensions ['ignore', 'ignore_ament_install']
[0.098s] Level 1:colcon.colcon_core.package_identification:_identify(docker) by extension 'ignore'
[0.098s] Level 1:colcon.colcon_core.package_identification:_identify(docker) by extension 'ignore_ament_install'
[0.098s] Level 1:colcon.colcon_core.package_identification:_identify(docker) by extensions ['colcon_pkg']
[0.098s] Level 1:colcon.colcon_core.package_identification:_identify(docker) by extension 'colcon_pkg'
[0.098s] Level 1:colcon.colcon_core.package_identification:_identify(docker) by extensions ['colcon_meta']
[0.098s] Level 1:colcon.colcon_core.package_identification:_identify(docker) by extension 'colcon_meta'
[0.098s] Level 1:colcon.colcon_core.package_identification:_identify(docker) by extensions ['ros']
[0.098s] Level 1:colcon.colcon_core.package_identification:_identify(docker) by extension 'ros'
[0.098s] Level 1:colcon.colcon_core.package_identification:_identify(docker) by extensions ['cmake', 'python']
[0.098s] Level 1:colcon.colcon_core.package_identification:_identify(docker) by extension 'cmake'
[0.098s] Level 1:colcon.colcon_core.package_identification:_identify(docker) by extension 'python'
[0.098s] Level 1:colcon.colcon_core.package_identification:_identify(docker) by extensions ['python_setup_py']
[0.098s] Level 1:colcon.colcon_core.package_identification:_identify(docker) by extension 'python_setup_py'
[0.098s] Level 1:colcon.colcon_core.package_identification:_identify(install) by extensions ['ignore', 'ignore_ament_install']
[0.098s] Level 1:colcon.colcon_core.package_identification:_identify(install) by extension 'ignore'
[0.098s] Level 1:colcon.colcon_core.package_identification:_identify(install) ignored
[0.099s] Level 1:colcon.colcon_core.package_identification:_identify(log) by extensions ['ignore', 'ignore_ament_install']
[0.099s] Level 1:colcon.colcon_core.package_identification:_identify(log) by extension 'ignore'
[0.099s] Level 1:colcon.colcon_core.package_identification:_identify(log) ignored
[0.099s] Level 1:colcon.colcon_core.package_identification:_identify(src) by extensions ['ignore', 'ignore_ament_install']
[0.099s] Level 1:colcon.colcon_core.package_identification:_identify(src) by extension 'ignore'
[0.099s] Level 1:colcon.colcon_core.package_identification:_identify(src) by extension 'ignore_ament_install'
[0.099s] Level 1:colcon.colcon_core.package_identification:_identify(src) by extensions ['colcon_pkg']
[0.099s] Level 1:colcon.colcon_core.package_identification:_identify(src) by extension 'colcon_pkg'
[0.099s] Level 1:colcon.colcon_core.package_identification:_identify(src) by extensions ['colcon_meta']
[0.099s] Level 1:colcon.colcon_core.package_identification:_identify(src) by extension 'colcon_meta'
[0.099s] Level 1:colcon.colcon_core.package_identification:_identify(src) by extensions ['ros']
[0.099s] Level 1:colcon.colcon_core.package_identification:_identify(src) by extension 'ros'
[0.099s] Level 1:colcon.colcon_core.package_identification:_identify(src) by extensions ['cmake', 'python']
[0.099s] Level 1:colcon.colcon_core.package_identification:_identify(src) by extension 'cmake'
[0.099s] Level 1:colcon.colcon_core.package_identification:_identify(src) by extension 'python'
[0.099s] Level 1:colcon.colcon_core.package_identification:_identify(src) by extensions ['python_setup_py']
[0.099s] Level 1:colcon.colcon_core.package_identification:_identify(src) by extension 'python_setup_py'
[0.099s] Level 1:colcon.colcon_core.package_identification:_identify(src/safe_teleop_core) by extensions ['ignore', 'ignore_ament_install']
[0.099s] Level 1:colcon.colcon_core.package_identification:_identify(src/safe_teleop_core) by extension 'ignore'
[0.099s] Level 1:colcon.colcon_core.package_identification:_identify(src/safe_teleop_core) by extension 'ignore_ament_install'
[0.099s] Level 1:colcon.colcon_core.package_identification:_identify(src/safe_teleop_core) by extensions ['colcon_pkg']
[0.099s] Level 1:colcon.colcon_core.package_identification:_identify(src/safe_teleop_core) by extension 'colcon_pkg'
[0.099s] Level 1:colcon.colcon_core.package_identification:_identify(src/safe_teleop_core) by extensions ['colcon_meta']
[0.099s] Level 1:colcon.colcon_core.package_identification:_identify(src/safe_teleop_core) by extension 'colcon_meta'
[0.099s] Level 1:colcon.colcon_core.package_identification:_identify(src/safe_teleop_core) by extensions ['ros']
[0.099s] Level 1:colcon.colcon_core.package_identification:_identify(src/safe_teleop_core) by extension 'ros'
[0.101s] DEBUG:colcon.colcon_core.package_identification:Package 'src/safe_teleop_core' with type 'ros.ament_cmake' and name 'safe_teleop_core'
[0.101s] Level 1:colcon.colcon_core.package_identification:_identify(src/safe_teleop_emergency) by extensions ['ignore', 'ignore_ament_install']
[0.101s] Level 1:colcon.colcon_core.package_identification:_identify(src/safe_teleop_emergency) by extension 'ignore'
[0.101s] Level 1:colcon.colcon_core.package_identification:_identify(src/safe_teleop_emergency) by extension 'ignore_ament_install'
[0.101s] Level 1:colcon.colcon_core.package_identification:_identify(src/safe_teleop_emergency) by extensions ['colcon_pkg']
[0.101s] Level 1:colcon.colcon_core.package_identification:_identify(src/safe_teleop_emergency) by extension 'colcon_pkg'
[0.101s] Level 1:colcon.colcon_core.package_identification:_identify(src/safe_teleop_emergency) by extensions ['colcon_meta']
[0.101s] Level 1:colcon.colcon_core.package_identification:_identify(src/safe_teleop_emergency) by extension 'colcon_meta'
[0.101s] Level 1:colcon.colcon_core.package_identification:_identify(src/safe_teleop_emergency) by extensions ['ros']
[0.101s] Level 1:colcon.colcon_core.package_identification:_identify(src/safe_teleop_emergency) by extension 'ros'
[0.101s] Level 1:colcon.colcon_core.package_identification:_identify(src/safe_teleop_emergency) by extensions ['cmake', 'python']
[0.101s] Level 1:colcon.colcon_core.package_identification:_identify(src/safe_teleop_emergency) by extension 'cmake'
[0.101s] Level 1:colcon.colcon_core.package_identification:_identify(src/safe_teleop_emergency) by extension 'python'
[0.101s] Level 1:colcon.colcon_core.package_identification:_identify(src/safe_teleop_emergency) by extensions ['python_setup_py']
[0.101s] Level 1:colcon.colcon_core.package_identification:_identify(src/safe_teleop_emergency) by extension 'python_setup_py'
[0.101s] Level 1:colcon.colcon_core.package_identification:_identify(src/safe_teleop_emergency/include) by extensions ['ignore', 'ignore_ament_install']
[0.101s] Level 1:colcon.colcon_core.package_identification:_identify(src/safe_teleop_emergency/include) by extension 'ignore'
[0.101s] Level 1:colcon.colcon_core.package_identification:_identify(src/safe_teleop_emergency/include) by extension 'ignore_ament_install'
[0.101s] Level 1:colcon.colcon_core.package_identification:_identify(src/safe_teleop_emergency/include) by extensions ['colcon_pkg']
[0.101s] Level 1:colcon.colcon_core.package_identification:_identify(src/safe_teleop_emergency/include) by extension 'colcon_pkg'
[0.101s] Level 1:colcon.colcon_core.package_identification:_identify(src/safe_teleop_emergency/include) by extensions ['colcon_meta']
[0.101s] Level 1:colcon.colcon_core.package_identification:_identify(src/safe_teleop_emergency/include) by extension 'colcon_meta'
[0.101s] Level 1:colcon.colcon_core.package_identification:_identify(src/safe_teleop_emergency/include) by extensions ['ros']
[0.101s] Level 1:colcon.colcon_core.package_identification:_identify(src/safe_teleop_emergency/include) by extension 'ros'
[0.101s] Level 1:colcon.colcon_core.package_identification:_identify(src/safe_teleop_emergency/include) by extensions ['cmake', 'python']
[0.101s] Level 1:colcon.colcon_core.package_identification:_identify(src/safe_teleop_emergency/include) by extension 'cmake'
[0.101s] Level 1:colcon.colcon_core.package_identification:_identify(src/safe_teleop_emergency/include) by extension 'python'
[0.101s] Level 1:colcon.colcon_core.package_identification:_identify(src/safe_teleop_emergency/include) by extensions ['python_setup_py']
[0.101s] Level 1:colcon.colcon_core.package_identification:_identify(src/safe_teleop_emergency/include) by extension 'python_setup_py'
[0.101s] Level 1:colcon.colcon_core.package_identification:_identify(src/safe_teleop_emergency/include/safe_teleop_emergency) by extensions ['ignore', 'ignore_ament_install']
[0.101s] Level 1:colcon.colcon_core.package_identification:_identify(src/safe_teleop_emergency/include/safe_teleop_emergency) by extension 'ignore'
[0.101s] Level 1:colcon.colcon_core.package_identification:_identify(src/safe_teleop_emergency/include/safe_teleop_emergency) by extension 'ignore_ament_install'
[0.101s] Level 1:colcon.colcon_core.package_identification:_identify(src/safe_teleop_emergency/include/safe_teleop_emergency) by extensions ['colcon_pkg']
[0.101s] Level 1:colcon.colcon_core.package_identification:_identify(src/safe_teleop_emergency/include/safe_teleop_emergency) by extension 'colcon_pkg'
[0.101s] Level 1:colcon.colcon_core.package_identification:_identify(src/safe_teleop_emergency/include/safe_teleop_emergency) by extensions ['colcon_meta']
[0.101s] Level 1:colcon.colcon_core.package_identification:_identify(src/safe_teleop_emergency/include/safe_teleop_emergency) by extension 'colcon_meta'
[0.102s] Level 1:colcon.colcon_core.package_identification:_identify(src/safe_teleop_emergency/include/safe_teleop_emergency) by extensions ['ros']
[0.102s] Level 1:colcon.colcon_core.package_identification:_identify(src/safe_teleop_emergency/include/safe_teleop_emergency) by extension 'ros'
[0.102s] Level 1:colcon.colcon_core.package_identification:_identify(src/safe_teleop_emergency/include/safe_teleop_emergency) by extensions ['cmake', 'python']
[0.102s] Level 1:colcon.colcon_core.package_identification:_identify(src/safe_teleop_emergency/include/safe_teleop_emergency) by extension 'cmake'
[0.102s] Level 1:colcon.colcon_core.package_identification:_identify(src/safe_teleop_emergency/include/safe_teleop_emergency) by extension 'python'
[0.102s] Level 1:colcon.colcon_core.package_identification:_identify(src/safe_teleop_emergency/include/safe_teleop_emergency) by extensions ['python_setup_py']
[0.102s] Level 1:colcon.colcon_core.package_identification:_identify(src/safe_teleop_emergency/include/safe_teleop_emergency) by extension 'python_setup_py'
[0.102s] Level 1:colcon.colcon_core.package_identification:_identify(src/safe_teleop_emergency/launch) by extensions ['ignore', 'ignore_ament_install']
[0.102s] Level 1:colcon.colcon_core.package_identification:_identify(src/safe_teleop_emergency/launch) by extension 'ignore'
[0.102s] Level 1:colcon.colcon_core.package_identification:_identify(src/safe_teleop_emergency/launch) by extension 'ignore_ament_install'
[0.102s] Level 1:colcon.colcon_core.package_identification:_identify(src/safe_teleop_emergency/launch) by extensions ['colcon_pkg']
[0.102s] Level 1:colcon.colcon_core.package_identification:_identify(src/safe_teleop_emergency/launch) by extension 'colcon_pkg'
[0.102s] Level 1:colcon.colcon_core.package_identification:_identify(src/safe_teleop_emergency/launch) by extensions ['colcon_meta']
[0.102s] Level 1:colcon.colcon_core.package_identification:_identify(src/safe_teleop_emergency/launch) by extension 'colcon_meta'
[0.102s] Level 1:colcon.colcon_core.package_identification:_identify(src/safe_teleop_emergency/launch) by extensions ['ros']
[0.102s] Level 1:colcon.colcon_core.package_identification:_identify(src/safe_teleop_emergency/launch) by extension 'ros'
[0.102s] Level 1:colcon.colcon_core.package_identification:_identify(src/safe_teleop_emergency/launch) by extensions ['cmake', 'python']
[0.102s] Level 1:colcon.colcon_core.package_identification:_identify(src/safe_teleop_emergency/launch) by extension 'cmake'
[0.102s] Level 1:colcon.colcon_core.package_identification:_identify(src/safe_teleop_emergency/launch) by extension 'python'
[0.102s] Level 1:colcon.colcon_core.package_identification:_identify(src/safe_teleop_emergency/launch) by extensions ['python_setup_py']
[0.102s] Level 1:colcon.colcon_core.package_identification:_identify(src/safe_teleop_emergency/launch) by extension 'python_setup_py'
[0.102s] Level 1:colcon.colcon_core.package_identification:_identify(src/safe_teleop_emergency/src) by extensions ['ignore', 'ignore_ament_install']
[0.102s] Level 1:colcon.colcon_core.package_identification:_identify(src/safe_teleop_emergency/src) by extension 'ignore'
[0.102s] Level 1:colcon.colcon_core.package_identification:_identify(src/safe_teleop_emergency/src) by extension 'ignore_ament_install'
[0.102s] Level 1:colcon.colcon_core.package_identification:_identify(src/safe_teleop_emergency/src) by extensions ['colcon_pkg']
[0.102s] Level 1:colcon.colcon_core.package_identification:_identify(src/safe_teleop_emergency/src) by extension 'colcon_pkg'
[0.102s] Level 1:colcon.colcon_core.package_identification:_identify(src/safe_teleop_emergency/src) by extensions ['colcon_meta']
[0.102s] Level 1:colcon.colcon_core.package_identification:_identify(src/safe_teleop_emergency/src) by extension 'colcon_meta'
[0.102s] Level 1:colcon.colcon_core.package_identification:_identify(src/safe_teleop_emergency/src) by extensions ['ros']
[0.102s] Level 1:colcon.colcon_core.package_identification:_identify(src/safe_teleop_emergency/src) by extension 'ros'
[0.102s] Level 1:colcon.colcon_core.package_identification:_identify(src/safe_teleop_emergency/src) by extensions ['cmake', 'python']
[0.102s] Level 1:colcon.colcon_core.package_identification:_identify(src/safe_teleop_emergency/src) by extension 'cmake'
[0.102s] Level 1:colcon.colcon_core.package_identification:_identify(src/safe_teleop_emergency/src) by extension 'python'
[0.102s] Level 1:colcon.colcon_core.package_identification:_identify(src/safe_teleop_emergency/src) by extensions ['python_setup_py']
[0.102s] Level 1:colcon.colcon_core.package_identification:_identify(src/safe_teleop_emergency/src) by extension 'python_setup_py'
[0.102s] Level 1:colcon.colcon_core.package_identification:_identify(src/safe_teleop_realtime) by extensions ['ignore', 'ignore_ament_install']
[0.102s] Level 1:colcon.colcon_core.package_identification:_identify(src/safe_teleop_realtime) by extension 'ignore'
[0.102s] Level 1:colcon.colcon_core.package_identification:_identify(src/safe_teleop_realtime) by extension 'ignore_ament_install'
[0.102s] Level 1:colcon.colcon_core.package_identification:_identify(src/safe_teleop_realtime) by extensions ['colcon_pkg']
[0.102s] Level 1:colcon.colcon_core.package_identification:_identify(src/safe_teleop_realtime) by extension 'colcon_pkg'
[0.102s] Level 1:colcon.colcon_core.package_identification:_identify(src/safe_teleop_realtime) by extensions ['colcon_meta']
[0.102s] Level 1:colcon.colcon_core.package_identification:_identify(src/safe_teleop_realtime) by extension 'colcon_meta'
[0.102s] Level 1:colcon.colcon_core.package_identification:_identify(src/safe_teleop_realtime) by extensions ['ros']
[0.102s] Level 1:colcon.colcon_core.package_identification:_identify(src/safe_teleop_realtime) by extension 'ros'
[0.103s] DEBUG:colcon.colcon_core.package_identification:Package 'src/safe_teleop_realtime' with type 'ros.ament_cmake' and name 'safe_teleop_realtime'
[0.103s] Level 1:colcon.colcon_core.package_identification:_identify(src/safe_teleop_slave_bringup) by extensions ['ignore', 'ignore_ament_install']
[0.103s] Level 1:colcon.colcon_core.package_identification:_identify(src/safe_teleop_slave_bringup) by extension 'ignore'
[0.103s] Level 1:colcon.colcon_core.package_identification:_identify(src/safe_teleop_slave_bringup) by extension 'ignore_ament_install'
[0.103s] Level 1:colcon.colcon_core.package_identification:_identify(src/safe_teleop_slave_bringup) by extensions ['colcon_pkg']
[0.103s] Level 1:colcon.colcon_core.package_identification:_identify(src/safe_teleop_slave_bringup) by extension 'colcon_pkg'
[0.103s] Level 1:colcon.colcon_core.package_identification:_identify(src/safe_teleop_slave_bringup) by extensions ['colcon_meta']
[0.103s] Level 1:colcon.colcon_core.package_identification:_identify(src/safe_teleop_slave_bringup) by extension 'colcon_meta'
[0.103s] Level 1:colcon.colcon_core.package_identification:_identify(src/safe_teleop_slave_bringup) by extensions ['ros']
[0.103s] Level 1:colcon.colcon_core.package_identification:_identify(src/safe_teleop_slave_bringup) by extension 'ros'
[0.103s] DEBUG:colcon.colcon_core.package_identification:Package 'src/safe_teleop_slave_bringup' with type 'ros.ament_cmake' and name 'safe_teleop_slave_bringup'
[0.103s] Level 1:colcon.colcon_core.package_discovery:discover_packages(recursive) using defaults
[0.104s] Level 1:colcon.colcon_core.package_discovery:discover_packages(ignore) discover
[0.104s] Level 1:colcon.colcon_core.package_discovery:discover_packages(ignore) using defaults
[0.104s] Level 1:colcon.colcon_core.package_discovery:discover_packages(path) discover
[0.104s] Level 1:colcon.colcon_core.package_discovery:discover_packages(path) using defaults
[0.115s] INFO:colcon.colcon_core.package_selection:Skipping not selected package 'safe_teleop_slave_bringup' in 'src/safe_teleop_slave_bringup'
[0.116s] Level 1:colcon.colcon_core.package_discovery:discover_packages(prefix_path) check parameters
[0.116s] Level 1:colcon.colcon_core.package_discovery:discover_packages(prefix_path) discover
[0.118s] DEBUG:colcon.colcon_installed_package_information.package_discovery:Found 279 installed packages in /opt/ros/jazzy
[0.118s] Level 1:colcon.colcon_core.package_discovery:discover_packages(prefix_path) using defaults
[0.137s] Level 5:colcon.colcon_core.verb:set package 'safe_teleop_core' build argument 'cmake_args' from command line to '['-DCMAKE_BUILD_TYPE=Release']'
[0.137s] Level 5:colcon.colcon_core.verb:set package 'safe_teleop_core' build argument 'cmake_target' from command line to 'None'
[0.137s] Level 5:colcon.colcon_core.verb:set package 'safe_teleop_core' build argument 'cmake_target_skip_unavailable' from command line to 'False'
[0.137s] Level 5:colcon.colcon_core.verb:set package 'safe_teleop_core' build argument 'cmake_clean_cache' from command line to 'False'
[0.137s] Level 5:colcon.colcon_core.verb:set package 'safe_teleop_core' build argument 'cmake_clean_first' from command line to 'False'
[0.137s] Level 5:colcon.colcon_core.verb:set package 'safe_teleop_core' build argument 'cmake_force_configure' from command line to 'False'
[0.137s] Level 5:colcon.colcon_core.verb:set package 'safe_teleop_core' build argument 'ament_cmake_args' from command line to 'None'
[0.137s] Level 5:colcon.colcon_core.verb:set package 'safe_teleop_core' build argument 'catkin_cmake_args' from command line to 'None'
[0.137s] Level 5:colcon.colcon_core.verb:set package 'safe_teleop_core' build argument 'catkin_skip_building_tests' from command line to 'False'
[0.138s] DEBUG:colcon.colcon_core.verb:Building package 'safe_teleop_core' with the following arguments: {'ament_cmake_args': None, 'build_base': '/workspaces/safe_teleop_slave_ws/build/safe_teleop_core', 'catkin_cmake_args': None, 'catkin_skip_building_tests': False, 'cmake_args': ['-DCMAKE_BUILD_TYPE=Release'], 'cmake_clean_cache': False, 'cmake_clean_first': False, 'cmake_force_configure': False, 'cmake_target': None, 'cmake_target_skip_unavailable': False, 'install_base': '/workspaces/safe_teleop_slave_ws/install/safe_teleop_core', 'merge_install': False, 'path': '/workspaces/safe_teleop_slave_ws/src/safe_teleop_core', 'symlink_install': False, 'test_result_base': None}
[0.138s] Level 5:colcon.colcon_core.verb:set package 'safe_teleop_realtime' build argument 'cmake_args' from command line to '['-DCMAKE_BUILD_TYPE=Release']'
[0.138s] Level 5:colcon.colcon_core.verb:set package 'safe_teleop_realtime' build argument 'cmake_target' from command line to 'None'
[0.138s] Level 5:colcon.colcon_core.verb:set package 'safe_teleop_realtime' build argument 'cmake_target_skip_unavailable' from command line to 'False'
[0.138s] Level 5:colcon.colcon_core.verb:set package 'safe_teleop_realtime' build argument 'cmake_clean_cache' from command line to 'False'
[0.138s] Level 5:colcon.colcon_core.verb:set package 'safe_teleop_realtime' build argument 'cmake_clean_first' from command line to 'False'
[0.138s] Level 5:colcon.colcon_core.verb:set package 'safe_teleop_realtime' build argument 'cmake_force_configure' from command line to 'False'
[0.138s] Level 5:colcon.colcon_core.verb:set package 'safe_teleop_realtime' build argument 'ament_cmake_args' from command line to 'None'
[0.138s] Level 5:colcon.colcon_core.verb:set package 'safe_teleop_realtime' build argument 'catkin_cmake_args' from command line to 'None'
[0.138s] Level 5:colcon.colcon_core.verb:set package 'safe_teleop_realtime' build argument 'catkin_skip_building_tests' from command line to 'False'
[0.138s] DEBUG:colcon.colcon_core.verb:Building package 'safe_teleop_realtime' with the following arguments: {'ament_cmake_args': None, 'build_base': '/workspaces/safe_teleop_slave_ws/build/safe_teleop_realtime', 'catkin_cmake_args': None, 'catkin_skip_building_tests': False, 'cmake_args': ['-DCMAKE_BUILD_TYPE=Release'], 'cmake_clean_cache': False, 'cmake_clean_first': False, 'cmake_force_configure': False, 'cmake_target': None, 'cmake_target_skip_unavailable': False, 'install_base': '/workspaces/safe_teleop_slave_ws/install/safe_teleop_realtime', 'merge_install': False, 'path': '/workspaces/safe_teleop_slave_ws/src/safe_teleop_realtime', 'symlink_install': False, 'test_result_base': None}
[0.138s] INFO:colcon.colcon_core.executor:Executing jobs using 'parallel' executor
[0.138s] DEBUG:colcon.colcon_parallel_executor.executor.parallel:run_until_complete
[0.139s] INFO:colcon.colcon_ros.task.ament_cmake.build:Building ROS package in '/workspaces/safe_teleop_slave_ws/src/safe_teleop_core' with build type 'ament_cmake'
[0.139s] INFO:colcon.colcon_cmake.task.cmake.build:Building CMake package in '/workspaces/safe_teleop_slave_ws/src/safe_teleop_core'
[0.140s] INFO:colcon.colcon_core.plugin_system:Skipping extension 'colcon_core.shell.bat': Not used on non-Windows systems
[0.140s] INFO:colcon.colcon_core.shell:Skip shell extension 'powershell' for command environment: Not usable outside of PowerShell
[0.140s] DEBUG:colcon.colcon_core.shell:Skip shell extension 'dsv' for command environment
[0.145s] DEBUG:colcon.colcon_core.event_handler.log_command:Invoking command in '/workspaces/safe_teleop_slave_ws/build/safe_teleop_core': CMAKE_PREFIX_PATH=/opt/ros/jazzy /usr/bin/cmake /workspaces/safe_teleop_slave_ws/src/safe_teleop_core -DCMAKE_BUILD_TYPE=Release -DCMAKE_INSTALL_PREFIX=/workspaces/safe_teleop_slave_ws/install/safe_teleop_core
[1.169s] DEBUG:colcon.colcon_core.event_handler.log_command:Invoked command in '/workspaces/safe_teleop_slave_ws/build/safe_teleop_core' returned '0': CMAKE_PREFIX_PATH=/opt/ros/jazzy /usr/bin/cmake /workspaces/safe_teleop_slave_ws/src/safe_teleop_core -DCMAKE_BUILD_TYPE=Release -DCMAKE_INSTALL_PREFIX=/workspaces/safe_teleop_slave_ws/install/safe_teleop_core
[1.170s] DEBUG:colcon.colcon_core.event_handler.log_command:Invoking command in '/workspaces/safe_teleop_slave_ws/build/safe_teleop_core': CMAKE_PREFIX_PATH=/opt/ros/jazzy /usr/bin/cmake --build /workspaces/safe_teleop_slave_ws/build/safe_teleop_core -- -j32 -l32
[2.830s] DEBUG:colcon.colcon_core.event_handler.log_command:Invoked command in '/workspaces/safe_teleop_slave_ws/build/safe_teleop_core' returned '0': CMAKE_PREFIX_PATH=/opt/ros/jazzy /usr/bin/cmake --build /workspaces/safe_teleop_slave_ws/build/safe_teleop_core -- -j32 -l32
[2.837s] DEBUG:colcon.colcon_core.event_handler.log_command:Invoking command in '/workspaces/safe_teleop_slave_ws/build/safe_teleop_core': CMAKE_PREFIX_PATH=/opt/ros/jazzy /usr/bin/cmake --install /workspaces/safe_teleop_slave_ws/build/safe_teleop_core
[2.891s] Level 1:colcon.colcon_core.environment:create_environment_scripts_only(safe_teleop_core)
[2.891s] DEBUG:colcon.colcon_core.event_handler.log_command:Invoked command in '/workspaces/safe_teleop_slave_ws/build/safe_teleop_core' returned '0': CMAKE_PREFIX_PATH=/opt/ros/jazzy /usr/bin/cmake --install /workspaces/safe_teleop_slave_ws/build/safe_teleop_core
[2.892s] Level 1:colcon.colcon_core.environment:checking '/workspaces/safe_teleop_slave_ws/install/safe_teleop_core' for CMake module files
[2.893s] Level 1:colcon.colcon_core.environment:checking '/workspaces/safe_teleop_slave_ws/install/safe_teleop_core' for CMake config files
[2.893s] Level 1:colcon.colcon_core.shell:create_environment_hook('safe_teleop_core', 'cmake_prefix_path')
[2.893s] INFO:colcon.colcon_core.shell:Creating environment hook '/workspaces/safe_teleop_slave_ws/install/safe_teleop_core/share/safe_teleop_core/hook/cmake_prefix_path.ps1'
[2.894s] INFO:colcon.colcon_core.shell:Creating environment descriptor '/workspaces/safe_teleop_slave_ws/install/safe_teleop_core/share/safe_teleop_core/hook/cmake_prefix_path.dsv'
[2.894s] INFO:colcon.colcon_core.shell:Creating environment hook '/workspaces/safe_teleop_slave_ws/install/safe_teleop_core/share/safe_teleop_core/hook/cmake_prefix_path.sh'
[2.894s] Level 1:colcon.colcon_core.environment:checking '/workspaces/safe_teleop_slave_ws/install/safe_teleop_core/lib'
[2.895s] Level 1:colcon.colcon_core.shell:create_environment_hook('safe_teleop_core', 'ld_library_path_lib')
[2.895s] INFO:colcon.colcon_core.shell:Creating environment hook '/workspaces/safe_teleop_slave_ws/install/safe_teleop_core/share/safe_teleop_core/hook/ld_library_path_lib.ps1'
[2.895s] INFO:colcon.colcon_core.shell:Creating environment descriptor '/workspaces/safe_teleop_slave_ws/install/safe_teleop_core/share/safe_teleop_core/hook/ld_library_path_lib.dsv'
[2.895s] INFO:colcon.colcon_core.shell:Creating environment hook '/workspaces/safe_teleop_slave_ws/install/safe_teleop_core/share/safe_teleop_core/hook/ld_library_path_lib.sh'
[2.896s] Level 1:colcon.colcon_core.environment:checking '/workspaces/safe_teleop_slave_ws/install/safe_teleop_core/bin'
[2.896s] Level 1:colcon.colcon_core.environment:checking '/workspaces/safe_teleop_slave_ws/install/safe_teleop_core/lib/pkgconfig/safe_teleop_core.pc'
[2.896s] Level 1:colcon.colcon_core.environment:checking '/workspaces/safe_teleop_slave_ws/install/safe_teleop_core/lib/python3.12/site-packages'
[2.896s] Level 1:colcon.colcon_core.shell:create_environment_hook('safe_teleop_core', 'pythonpath')
[2.896s] INFO:colcon.colcon_core.shell:Creating environment hook '/workspaces/safe_teleop_slave_ws/install/safe_teleop_core/share/safe_teleop_core/hook/pythonpath.ps1'
[2.896s] INFO:colcon.colcon_core.shell:Creating environment descriptor '/workspaces/safe_teleop_slave_ws/install/safe_teleop_core/share/safe_teleop_core/hook/pythonpath.dsv'
[2.896s] INFO:colcon.colcon_core.shell:Creating environment hook '/workspaces/safe_teleop_slave_ws/install/safe_teleop_core/share/safe_teleop_core/hook/pythonpath.sh'
[2.897s] Level 1:colcon.colcon_core.environment:checking '/workspaces/safe_teleop_slave_ws/install/safe_teleop_core/bin'
[2.897s] INFO:colcon.colcon_core.shell:Creating package script '/workspaces/safe_teleop_slave_ws/install/safe_teleop_core/share/safe_teleop_core/package.ps1'
[2.897s] INFO:colcon.colcon_core.shell:Creating package descriptor '/workspaces/safe_teleop_slave_ws/install/safe_teleop_core/share/safe_teleop_core/package.dsv'
[2.898s] INFO:colcon.colcon_core.shell:Creating package script '/workspaces/safe_teleop_slave_ws/install/safe_teleop_core/share/safe_teleop_core/package.sh'
[2.898s] INFO:colcon.colcon_core.shell:Creating package script '/workspaces/safe_teleop_slave_ws/install/safe_teleop_core/share/safe_teleop_core/package.bash'
[2.898s] INFO:colcon.colcon_core.shell:Creating package script '/workspaces/safe_teleop_slave_ws/install/safe_teleop_core/share/safe_teleop_core/package.zsh'
[2.899s] Level 1:colcon.colcon_core.environment:create_file_with_runtime_dependencies(/workspaces/safe_teleop_slave_ws/install/safe_teleop_core/share/colcon-core/packages/safe_teleop_core)
[2.899s] Level 1:colcon.colcon_core.environment:create_environment_scripts_only(safe_teleop_core)
[2.899s] Level 1:colcon.colcon_core.environment:checking '/workspaces/safe_teleop_slave_ws/install/safe_teleop_core' for CMake module files
[2.899s] Level 1:colcon.colcon_core.environment:checking '/workspaces/safe_teleop_slave_ws/install/safe_teleop_core' for CMake config files
[2.900s] Level 1:colcon.colcon_core.shell:create_environment_hook('safe_teleop_core', 'cmake_prefix_path')
[2.900s] INFO:colcon.colcon_core.shell:Creating environment hook '/workspaces/safe_teleop_slave_ws/install/safe_teleop_core/share/safe_teleop_core/hook/cmake_prefix_path.ps1'
[2.900s] INFO:colcon.colcon_core.shell:Creating environment descriptor '/workspaces/safe_teleop_slave_ws/install/safe_teleop_core/share/safe_teleop_core/hook/cmake_prefix_path.dsv'
[2.900s] INFO:colcon.colcon_core.shell:Creating environment hook '/workspaces/safe_teleop_slave_ws/install/safe_teleop_core/share/safe_teleop_core/hook/cmake_prefix_path.sh'
[2.901s] Level 1:colcon.colcon_core.environment:checking '/workspaces/safe_teleop_slave_ws/install/safe_teleop_core/lib'
[2.901s] Level 1:colcon.colcon_core.shell:create_environment_hook('safe_teleop_core', 'ld_library_path_lib')
[2.901s] INFO:colcon.colcon_core.shell:Creating environment hook '/workspaces/safe_teleop_slave_ws/install/safe_teleop_core/share/safe_teleop_core/hook/ld_library_path_lib.ps1'
[2.901s] INFO:colcon.colcon_core.shell:Creating environment descriptor '/workspaces/safe_teleop_slave_ws/install/safe_teleop_core/share/safe_teleop_core/hook/ld_library_path_lib.dsv'
[2.901s] INFO:colcon.colcon_core.shell:Creating environment hook '/workspaces/safe_teleop_slave_ws/install/safe_teleop_core/share/safe_teleop_core/hook/ld_library_path_lib.sh'
[2.901s] Level 1:colcon.colcon_core.environment:checking '/workspaces/safe_teleop_slave_ws/install/safe_teleop_core/bin'
[2.901s] Level 1:colcon.colcon_core.environment:checking '/workspaces/safe_teleop_slave_ws/install/safe_teleop_core/lib/pkgconfig/safe_teleop_core.pc'
[2.902s] Level 1:colcon.colcon_core.environment:checking '/workspaces/safe_teleop_slave_ws/install/safe_teleop_core/lib/python3.12/site-packages'
[2.902s] Level 1:colcon.colcon_core.shell:create_environment_hook('safe_teleop_core', 'pythonpath')
[2.902s] INFO:colcon.colcon_core.shell:Creating environment hook '/workspaces/safe_teleop_slave_ws/install/safe_teleop_core/share/safe_teleop_core/hook/pythonpath.ps1'
[2.902s] INFO:colcon.colcon_core.shell:Creating environment descriptor '/workspaces/safe_teleop_slave_ws/install/safe_teleop_core/share/safe_teleop_core/hook/pythonpath.dsv'
[2.902s] INFO:colcon.colcon_core.shell:Creating environment hook '/workspaces/safe_teleop_slave_ws/install/safe_teleop_core/share/safe_teleop_core/hook/pythonpath.sh'
[2.903s] Level 1:colcon.colcon_core.environment:checking '/workspaces/safe_teleop_slave_ws/install/safe_teleop_core/bin'
[2.903s] INFO:colcon.colcon_core.shell:Creating package script '/workspaces/safe_teleop_slave_ws/install/safe_teleop_core/share/safe_teleop_core/package.ps1'
[2.903s] INFO:colcon.colcon_core.shell:Creating package descriptor '/workspaces/safe_teleop_slave_ws/install/safe_teleop_core/share/safe_teleop_core/package.dsv'
[2.903s] INFO:colcon.colcon_core.shell:Creating package script '/workspaces/safe_teleop_slave_ws/install/safe_teleop_core/share/safe_teleop_core/package.sh'
[2.903s] INFO:colcon.colcon_core.shell:Creating package script '/workspaces/safe_teleop_slave_ws/install/safe_teleop_core/share/safe_teleop_core/package.bash'
[2.904s] INFO:colcon.colcon_core.shell:Creating package script '/workspaces/safe_teleop_slave_ws/install/safe_teleop_core/share/safe_teleop_core/package.zsh'
[2.904s] Level 1:colcon.colcon_core.environment:create_file_with_runtime_dependencies(/workspaces/safe_teleop_slave_ws/install/safe_teleop_core/share/colcon-core/packages/safe_teleop_core)
[2.904s] INFO:colcon.colcon_ros.task.ament_cmake.build:Building ROS package in '/workspaces/safe_teleop_slave_ws/src/safe_teleop_realtime' with build type 'ament_cmake'
[2.904s] INFO:colcon.colcon_cmake.task.cmake.build:Building CMake package in '/workspaces/safe_teleop_slave_ws/src/safe_teleop_realtime'
[2.904s] INFO:colcon.colcon_core.shell:Skip shell extension 'powershell' for command environment: Not usable outside of PowerShell
[2.904s] DEBUG:colcon.colcon_core.shell:Skip shell extension 'dsv' for command environment
[2.910s] DEBUG:colcon.colcon_core.event_handler.log_command:Invoking command in '/workspaces/safe_teleop_slave_ws/build/safe_teleop_realtime': AMENT_PREFIX_PATH=/workspaces/safe_teleop_slave_ws/install/safe_teleop_core:${AMENT_PREFIX_PATH} CMAKE_PREFIX_PATH=/workspaces/safe_teleop_slave_ws/install/safe_teleop_core:/opt/ros/jazzy LD_LIBRARY_PATH=/workspaces/safe_teleop_slave_ws/install/safe_teleop_core/lib:${LD_LIBRARY_PATH} PYTHONPATH=/workspaces/safe_teleop_slave_ws/install/safe_teleop_core/lib/python3.12/site-packages:${PYTHONPATH} /usr/bin/cmake --build /workspaces/safe_teleop_slave_ws/build/safe_teleop_realtime -- -j32 -l32
[3.299s] DEBUG:colcon.colcon_core.event_handler.log_command:Invoked command in '/workspaces/safe_teleop_slave_ws/build/safe_teleop_realtime' returned '0': AMENT_PREFIX_PATH=/workspaces/safe_teleop_slave_ws/install/safe_teleop_core:${AMENT_PREFIX_PATH} CMAKE_PREFIX_PATH=/workspaces/safe_teleop_slave_ws/install/safe_teleop_core:/opt/ros/jazzy LD_LIBRARY_PATH=/workspaces/safe_teleop_slave_ws/install/safe_teleop_core/lib:${LD_LIBRARY_PATH} PYTHONPATH=/workspaces/safe_teleop_slave_ws/install/safe_teleop_core/lib/python3.12/site-packages:${PYTHONPATH} /usr/bin/cmake --build /workspaces/safe_teleop_slave_ws/build/safe_teleop_realtime -- -j32 -l32
[3.300s] DEBUG:colcon.colcon_core.event_handler.log_command:Invoking command in '/workspaces/safe_teleop_slave_ws/build/safe_teleop_realtime': AMENT_PREFIX_PATH=/workspaces/safe_teleop_slave_ws/install/safe_teleop_core:${AMENT_PREFIX_PATH} CMAKE_PREFIX_PATH=/workspaces/safe_teleop_slave_ws/install/safe_teleop_core:/opt/ros/jazzy LD_LIBRARY_PATH=/workspaces/safe_teleop_slave_ws/install/safe_teleop_core/lib:${LD_LIBRARY_PATH} PYTHONPATH=/workspaces/safe_teleop_slave_ws/install/safe_teleop_core/lib/python3.12/site-packages:${PYTHONPATH} /usr/bin/cmake --install /workspaces/safe_teleop_slave_ws/build/safe_teleop_realtime
[3.310s] Level 1:colcon.colcon_core.environment:create_environment_scripts_only(safe_teleop_realtime)
[3.311s] Level 1:colcon.colcon_core.environment:checking '/workspaces/safe_teleop_slave_ws/install/safe_teleop_realtime' for CMake module files
[3.311s] DEBUG:colcon.colcon_core.event_handler.log_command:Invoked command in '/workspaces/safe_teleop_slave_ws/build/safe_teleop_realtime' returned '0': AMENT_PREFIX_PATH=/workspaces/safe_teleop_slave_ws/install/safe_teleop_core:${AMENT_PREFIX_PATH} CMAKE_PREFIX_PATH=/workspaces/safe_teleop_slave_ws/install/safe_teleop_core:/opt/ros/jazzy LD_LIBRARY_PATH=/workspaces/safe_teleop_slave_ws/install/safe_teleop_core/lib:${LD_LIBRARY_PATH} PYTHONPATH=/workspaces/safe_teleop_slave_ws/install/safe_teleop_core/lib/python3.12/site-packages:${PYTHONPATH} /usr/bin/cmake --install /workspaces/safe_teleop_slave_ws/build/safe_teleop_realtime
[3.311s] Level 1:colcon.colcon_core.environment:checking '/workspaces/safe_teleop_slave_ws/install/safe_teleop_realtime' for CMake config files
[3.311s] Level 1:colcon.colcon_core.shell:create_environment_hook('safe_teleop_realtime', 'cmake_prefix_path')
[3.311s] INFO:colcon.colcon_core.shell:Creating environment hook '/workspaces/safe_teleop_slave_ws/install/safe_teleop_realtime/share/safe_teleop_realtime/hook/cmake_prefix_path.ps1'
[3.312s] INFO:colcon.colcon_core.shell:Creating environment descriptor '/workspaces/safe_teleop_slave_ws/install/safe_teleop_realtime/share/safe_teleop_realtime/hook/cmake_prefix_path.dsv'
[3.312s] INFO:colcon.colcon_core.shell:Creating environment hook '/workspaces/safe_teleop_slave_ws/install/safe_teleop_realtime/share/safe_teleop_realtime/hook/cmake_prefix_path.sh'
[3.312s] Level 1:colcon.colcon_core.environment:checking '/workspaces/safe_teleop_slave_ws/install/safe_teleop_realtime/lib'
[3.312s] Level 1:colcon.colcon_core.environment:checking '/workspaces/safe_teleop_slave_ws/install/safe_teleop_realtime/bin'
[3.312s] Level 1:colcon.colcon_core.environment:checking '/workspaces/safe_teleop_slave_ws/install/safe_teleop_realtime/lib/pkgconfig/safe_teleop_realtime.pc'
[3.312s] Level 1:colcon.colcon_core.environment:checking '/workspaces/safe_teleop_slave_ws/install/safe_teleop_realtime/lib/python3.12/site-packages'
[3.313s] Level 1:colcon.colcon_core.environment:checking '/workspaces/safe_teleop_slave_ws/install/safe_teleop_realtime/bin'
[3.313s] INFO:colcon.colcon_core.shell:Creating package script '/workspaces/safe_teleop_slave_ws/install/safe_teleop_realtime/share/safe_teleop_realtime/package.ps1'
[3.313s] INFO:colcon.colcon_core.shell:Creating package descriptor '/workspaces/safe_teleop_slave_ws/install/safe_teleop_realtime/share/safe_teleop_realtime/package.dsv'
[3.313s] INFO:colcon.colcon_core.shell:Creating package script '/workspaces/safe_teleop_slave_ws/install/safe_teleop_realtime/share/safe_teleop_realtime/package.sh'
[3.313s] INFO:colcon.colcon_core.shell:Creating package script '/workspaces/safe_teleop_slave_ws/install/safe_teleop_realtime/share/safe_teleop_realtime/package.bash'
[3.314s] INFO:colcon.colcon_core.shell:Creating package script '/workspaces/safe_teleop_slave_ws/install/safe_teleop_realtime/share/safe_teleop_realtime/package.zsh'
[3.314s] Level 1:colcon.colcon_core.environment:create_file_with_runtime_dependencies(/workspaces/safe_teleop_slave_ws/install/safe_teleop_realtime/share/colcon-core/packages/safe_teleop_realtime)
[3.314s] Level 1:colcon.colcon_core.environment:create_environment_scripts_only(safe_teleop_realtime)
[3.314s] Level 1:colcon.colcon_core.environment:checking '/workspaces/safe_teleop_slave_ws/install/safe_teleop_realtime' for CMake module files
[3.315s] Level 1:colcon.colcon_core.environment:checking '/workspaces/safe_teleop_slave_ws/install/safe_teleop_realtime' for CMake config files
[3.315s] Level 1:colcon.colcon_core.shell:create_environment_hook('safe_teleop_realtime', 'cmake_prefix_path')
[3.315s] INFO:colcon.colcon_core.shell:Creating environment hook '/workspaces/safe_teleop_slave_ws/install/safe_teleop_realtime/share/safe_teleop_realtime/hook/cmake_prefix_path.ps1'
[3.315s] INFO:colcon.colcon_core.shell:Creating environment descriptor '/workspaces/safe_teleop_slave_ws/install/safe_teleop_realtime/share/safe_teleop_realtime/hook/cmake_prefix_path.dsv'
[3.315s] INFO:colcon.colcon_core.shell:Creating environment hook '/workspaces/safe_teleop_slave_ws/install/safe_teleop_realtime/share/safe_teleop_realtime/hook/cmake_prefix_path.sh'
[3.316s] Level 1:colcon.colcon_core.environment:checking '/workspaces/safe_teleop_slave_ws/install/safe_teleop_realtime/lib'
[3.316s] Level 1:colcon.colcon_core.environment:checking '/workspaces/safe_teleop_slave_ws/install/safe_teleop_realtime/bin'
[3.316s] Level 1:colcon.colcon_core.environment:checking '/workspaces/safe_teleop_slave_ws/install/safe_teleop_realtime/lib/pkgconfig/safe_teleop_realtime.pc'
[3.316s] Level 1:colcon.colcon_core.environment:checking '/workspaces/safe_teleop_slave_ws/install/safe_teleop_realtime/lib/python3.12/site-packages'
[3.316s] Level 1:colcon.colcon_core.environment:checking '/workspaces/safe_teleop_slave_ws/install/safe_teleop_realtime/bin'
[3.316s] INFO:colcon.colcon_core.shell:Creating package script '/workspaces/safe_teleop_slave_ws/install/safe_teleop_realtime/share/safe_teleop_realtime/package.ps1'
[3.316s] INFO:colcon.colcon_core.shell:Creating package descriptor '/workspaces/safe_teleop_slave_ws/install/safe_teleop_realtime/share/safe_teleop_realtime/package.dsv'
[3.317s] INFO:colcon.colcon_core.shell:Creating package script '/workspaces/safe_teleop_slave_ws/install/safe_teleop_realtime/share/safe_teleop_realtime/package.sh'
[3.317s] INFO:colcon.colcon_core.shell:Creating package script '/workspaces/safe_teleop_slave_ws/install/safe_teleop_realtime/share/safe_teleop_realtime/package.bash'
[3.317s] INFO:colcon.colcon_core.shell:Creating package script '/workspaces/safe_teleop_slave_ws/install/safe_teleop_realtime/share/safe_teleop_realtime/package.zsh'
[3.317s] Level 1:colcon.colcon_core.environment:create_file_with_runtime_dependencies(/workspaces/safe_teleop_slave_ws/install/safe_teleop_realtime/share/colcon-core/packages/safe_teleop_realtime)
[3.317s] DEBUG:colcon.colcon_parallel_executor.executor.parallel:closing loop
[3.317s] DEBUG:colcon.colcon_parallel_executor.executor.parallel:loop closed
[3.317s] DEBUG:colcon.colcon_parallel_executor.executor.parallel:run_until_complete finished with '0'
[3.318s] DEBUG:colcon.colcon_core.event_reactor:joining thread
[3.321s] INFO:colcon.colcon_core.plugin_system:Skipping extension 'colcon_notification.desktop_notification.notify_send': Could not find 'notify-send'
[3.321s] INFO:colcon.colcon_core.plugin_system:Skipping extension 'colcon_notification.desktop_notification.terminal_notifier': Not used on non-Darwin systems
[3.321s] INFO:colcon.colcon_core.plugin_system:Skipping extension 'colcon_notification.desktop_notification.win32': Not used on non-Windows systems
[3.321s] INFO:colcon.colcon_notification.desktop_notification:Sending desktop notification using 'notify2'
[3.323s] DEBUG:colcon.colcon_notification.desktop_notification.notify2:Failed to initialize notify2: org.freedesktop.DBus.Error.Spawn.ExecFailed: /usr/bin/dbus-launch terminated abnormally without any error message
[3.323s] DEBUG:colcon.colcon_core.event_reactor:joined thread
[3.323s] INFO:colcon.colcon_core.shell:Creating prefix script '/workspaces/safe_teleop_slave_ws/install/local_setup.ps1'
[3.324s] INFO:colcon.colcon_core.shell:Creating prefix util module '/workspaces/safe_teleop_slave_ws/install/_local_setup_util_ps1.py'
[3.325s] INFO:colcon.colcon_core.shell:Creating prefix chain script '/workspaces/safe_teleop_slave_ws/install/setup.ps1'
[3.325s] INFO:colcon.colcon_core.shell:Creating prefix script '/workspaces/safe_teleop_slave_ws/install/local_setup.sh'
[3.326s] INFO:colcon.colcon_core.shell:Creating prefix util module '/workspaces/safe_teleop_slave_ws/install/_local_setup_util_sh.py'
[3.326s] INFO:colcon.colcon_core.shell:Creating prefix chain script '/workspaces/safe_teleop_slave_ws/install/setup.sh'
[3.326s] INFO:colcon.colcon_core.shell:Creating prefix script '/workspaces/safe_teleop_slave_ws/install/local_setup.bash'
[3.327s] INFO:colcon.colcon_core.shell:Creating prefix chain script '/workspaces/safe_teleop_slave_ws/install/setup.bash'
[3.327s] INFO:colcon.colcon_core.shell:Creating prefix script '/workspaces/safe_teleop_slave_ws/install/local_setup.zsh'
[3.327s] INFO:colcon.colcon_core.shell:Creating prefix chain script '/workspaces/safe_teleop_slave_ws/install/setup.zsh'
