-- Found ament_cmake: 2.5.5 (/opt/ros/jazzy/share/ament_cmake/cmake)
-- Found rclcpp: 28.1.16 (/opt/ros/jazzy/share/rclcpp/cmake)
-- Found rosidl_generator_c: 4.6.7 (/opt/ros/jazzy/share/rosidl_generator_c/cmake)
-- Found rosidl_generator_cpp: 4.6.7 (/opt/ros/jazzy/share/rosidl_generator_cpp/cmake)
-- Using all available rosidl_typesupport_c: rosidl_typesupport_fastrtps_c;rosidl_typesupport_introspection_c
-- Using all available rosidl_typesupport_cpp: rosidl_typesupport_fastrtps_cpp;rosidl_typesupport_introspection_cpp
-- Found rmw_implementation_cmake: 7.3.3 (/opt/ros/jazzy/share/rmw_implementation_cmake/cmake)
-- Found rmw_fastrtps_cpp: 8.4.3 (/opt/ros/jazzy/share/rmw_fastrtps_cpp/cmake)
-- Using RMW implementation 'rmw_fastrtps_cpp' as default
-- Found std_msgs: 5.3.6 (/opt/ros/jazzy/share/std_msgs/cmake)
-- Found sensor_msgs: 5.3.6 (/opt/ros/jazzy/share/sensor_msgs/cmake)
-- Found tf2_ros: 0.36.19 (/opt/ros/jazzy/share/tf2_ros/cmake)
-- Found tf2_geometry_msgs: 0.36.19 (/opt/ros/jazzy/share/tf2_geometry_msgs/cmake)
-- Found eigen3_cmake_module: 0.3.0 (/opt/ros/jazzy/share/eigen3_cmake_module/cmake)
-- Ensuring Eigen3 include directory is part of orocos-kdl CMake target
-- Found nvblox_msgs: 4.1.0 (/opt/ros/jazzy/share/nvblox_msgs/cmake)
-- Found safe_teleop_core: 0.1.0 (/workspaces/safe_teleop_slave_ws/install/safe_teleop_core/share/safe_teleop_core/cmake)
CMake Warning (dev) at /usr/lib/x86_64-linux-gnu/cmake/pcl/Modules/FindFLANN.cmake:45 (find_package):
  Policy CMP0144 is not set: find_package uses upper-case <PACKAGENAME>_ROOT
  variables.  Run "cmake --help-policy CMP0144" for policy details.  Use the
  cmake_policy command to set the policy and suppress this warning.

  CMake variable FLANN_ROOT is set to:

    /usr

  For compatibility, find_package is ignoring the variable, but code in a
  .cmake module might still use it.
Call Stack (most recent call first):
  /usr/lib/x86_64-linux-gnu/cmake/pcl/PCLConfig.cmake:261 (find_package)
  /usr/lib/x86_64-linux-gnu/cmake/pcl/PCLConfig.cmake:306 (find_flann)
  /usr/lib/x86_64-linux-gnu/cmake/pcl/PCLConfig.cmake:570 (find_external_library)
  CMakeLists.txt:24 (find_package)
This warning is for project developers.  Use -Wno-dev to suppress it.

-- Found flann version 1.9.2
-- looking for PCL_COMMON
-- looking for PCL_KDTREE
-- looking for PCL_OCTREE
-- looking for PCL_SEARCH
-- looking for PCL_SAMPLE_CONSENSUS
-- looking for PCL_FILTERS
-- Found pcl_conversions: 2.6.2 (/opt/ros/jazzy/share/pcl_conversions/cmake)
-- Found ament_lint_auto: 0.17.4 (/opt/ros/jazzy/share/ament_lint_auto/cmake)
-- Added test 'copyright' to check source files copyright and LICENSE
-- Added test 'cppcheck' to perform static code analysis on C / C++ code
-- Configured cppcheck include dirs: /workspaces/safe_teleop_slave_ws/src/safe_teleop_realtime/include
-- Configured cppcheck exclude dirs and/or files: 
-- Added test 'cpplint' to check C / C++ code against the Google style
-- Configured cpplint exclude dirs and/or files: 
-- Added test 'flake8' to check Python code syntax and style conventions
-- Configured 'flake8' exclude dirs and/or files: 
-- Added test 'lint_cmake' to check CMake code style
-- Added test 'pep257' to check Python code against some of the docstring style conventions in PEP 257
-- Added test 'uncrustify' to check C / C++ code style
-- Configured uncrustify additional arguments: 
-- Added test 'xmllint' to check XML markup files
-- Configuring done (0.5s)
-- Generating done (0.0s)
-- Build files have been written to: /workspaces/safe_teleop_slave_ws/build/safe_teleop_realtime
[ 25%] Building CXX object CMakeFiles/collision_detector_node.dir/src/collision_detector_node.cpp.o
[ 75%] Built target safety_monitor_node
/workspaces/safe_teleop_slave_ws/src/safe_teleop_realtime/src/collision_detector_node.cpp: In member function ‘safe_teleop_core::msg::CollisionWarning safe_teleop::CollisionDetectorNode::check_esdf_collision(const geometry_msgs::msg::Pose&, double)’:
/workspaces/safe_teleop_slave_ws/src/safe_teleop_realtime/src/collision_detector_node.cpp:315:41: warning: unused parameter ‘robot_pose’ [-Wunused-parameter]
  315 |         const geometry_msgs::msg::Pose& robot_pose,
      |         ~~~~~~~~~~~~~~~~~~~~~~~~~~~~~~~~^~~~~~~~~~
[100%] Linking CXX executable collision_detector_node
[100%] Built target collision_detector_node
-- Install configuration: ""
-- Installing: /workspaces/safe_teleop_slave_ws/install/safe_teleop_realtime/lib/safe_teleop_realtime/collision_detector_node
-- Set non-toolchain portion of runtime path of "/workspaces/safe_teleop_slave_ws/install/safe_teleop_realtime/lib/safe_teleop_realtime/collision_detector_node" to ""
-- Installing: /workspaces/safe_teleop_slave_ws/install/safe_teleop_realtime/lib/safe_teleop_realtime/safety_monitor_node
-- Set non-toolchain portion of runtime path of "/workspaces/safe_teleop_slave_ws/install/safe_teleop_realtime/lib/safe_teleop_realtime/safety_monitor_node" to ""
-- Installing: /workspaces/safe_teleop_slave_ws/install/safe_teleop_realtime/include
-- Installing: /workspaces/safe_teleop_slave_ws/install/safe_teleop_realtime/include/safe_teleop_realtime
-- Installing: /workspaces/safe_teleop_slave_ws/install/safe_teleop_realtime/share/safe_teleop_realtime/launch
-- Installing: /workspaces/safe_teleop_slave_ws/install/safe_teleop_realtime/share/safe_teleop_realtime/launch/realtime_safety.launch.py
-- Installing: /workspaces/safe_teleop_slave_ws/install/safe_teleop_realtime/share/safe_teleop_realtime/config
-- Installing: /workspaces/safe_teleop_slave_ws/install/safe_teleop_realtime/share/safe_teleop_realtime/config/collision_detector_config.yaml
-- Installing: /workspaces/safe_teleop_slave_ws/install/safe_teleop_realtime/share/ament_index/resource_index/package_run_dependencies/safe_teleop_realtime
-- Installing: /workspaces/safe_teleop_slave_ws/install/safe_teleop_realtime/share/ament_index/resource_index/parent_prefix_path/safe_teleop_realtime
-- Installing: /workspaces/safe_teleop_slave_ws/install/safe_teleop_realtime/share/safe_teleop_realtime/environment/ament_prefix_path.sh
-- Installing: /workspaces/safe_teleop_slave_ws/install/safe_teleop_realtime/share/safe_teleop_realtime/environment/ament_prefix_path.dsv
-- Installing: /workspaces/safe_teleop_slave_ws/install/safe_teleop_realtime/share/safe_teleop_realtime/environment/path.sh
-- Installing: /workspaces/safe_teleop_slave_ws/install/safe_teleop_realtime/share/safe_teleop_realtime/environment/path.dsv
-- Installing: /workspaces/safe_teleop_slave_ws/install/safe_teleop_realtime/share/safe_teleop_realtime/local_setup.bash
-- Installing: /workspaces/safe_teleop_slave_ws/install/safe_teleop_realtime/share/safe_teleop_realtime/local_setup.sh
-- Installing: /workspaces/safe_teleop_slave_ws/install/safe_teleop_realtime/share/safe_teleop_realtime/local_setup.zsh
-- Installing: /workspaces/safe_teleop_slave_ws/install/safe_teleop_realtime/share/safe_teleop_realtime/local_setup.dsv
-- Installing: /workspaces/safe_teleop_slave_ws/install/safe_teleop_realtime/share/safe_teleop_realtime/package.dsv
-- Installing: /workspaces/safe_teleop_slave_ws/install/safe_teleop_realtime/share/ament_index/resource_index/packages/safe_teleop_realtime
-- Installing: /workspaces/safe_teleop_slave_ws/install/safe_teleop_realtime/share/safe_teleop_realtime/cmake/safe_teleop_realtimeConfig.cmake
-- Installing: /workspaces/safe_teleop_slave_ws/install/safe_teleop_realtime/share/safe_teleop_realtime/cmake/safe_teleop_realtimeConfig-version.cmake
-- Installing: /workspaces/safe_teleop_slave_ws/install/safe_teleop_realtime/share/safe_teleop_realtime/package.xml
