[0.057s] DEBUG:colcon:Command line arguments: ['/usr/bin/colcon', 'build', '--packages-select', 'safe_teleop_core', 'safe_teleop_realtime', '--cmake-args', '-DCMAKE_BUILD_TYPE=Release']
[0.057s] DEBUG:colcon:Parsed command line arguments: Namespace(log_base=None, log_level=None, verb_name='build', build_base='build', install_base='install', merge_install=False, symlink_install=False, test_result_base=None, continue_on_error=False, executor='parallel', parallel_workers=32, event_handlers=None, ignore_user_meta=False, metas=['./colcon.meta'], base_paths=['.'], packages_ignore=None, packages_ignore_regex=None, paths=None, packages_up_to=None, packages_up_to_regex=None, packages_above=None, packages_above_and_dependencies=None, packages_above_depth=None, packages_select_by_dep=None, packages_skip_by_dep=None, packages_skip_up_to=None, packages_select_build_failed=False, packages_skip_build_finished=False, packages_select_test_failures=False, packages_skip_test_passed=False, packages_select=['safe_teleop_core', 'safe_teleop_realtime'], packages_skip=None, packages_select_regex=None, packages_skip_regex=None, packages_start=None, packages_end=None, allow_overriding=[], cmake_args=['-DCMAKE_BUILD_TYPE=Release'], cmake_target=None, cmake_target_skip_unavailable=False, cmake_clean_cache=False, cmake_clean_first=False, cmake_force_configure=False, ament_cmake_args=None, catkin_cmake_args=None, catkin_skip_building_tests=False, verb_parser=<colcon_defaults.argument_parser.defaults.DefaultArgumentsDecorator object at 0x7d7362cea030>, verb_extension=<colcon_core.verb.build.BuildVerb object at 0x7d7362ce9c70>, main=<bound method BuildVerb.main of <colcon_core.verb.build.BuildVerb object at 0x7d7362ce9c70>>)
[0.082s] Level 1:colcon.colcon_core.package_discovery:discover_packages(colcon_meta) check parameters
[0.082s] Level 1:colcon.colcon_core.package_discovery:discover_packages(recursive) check parameters
[0.082s] Level 1:colcon.colcon_core.package_discovery:discover_packages(ignore) check parameters
[0.082s] Level 1:colcon.colcon_core.package_discovery:discover_packages(path) check parameters
[0.082s] Level 1:colcon.colcon_core.package_discovery:discover_packages(colcon_meta) discover
[0.082s] Level 1:colcon.colcon_core.package_discovery:discover_packages(recursive) discover
[0.082s] INFO:colcon.colcon_core.package_discovery:Crawling recursively for packages in '/workspaces/safe_teleop_slave_ws'
[0.082s] Level 1:colcon.colcon_core.package_identification:_identify(.) by extensions ['ignore', 'ignore_ament_install']
[0.082s] Level 1:colcon.colcon_core.package_identification:_identify(.) by extension 'ignore'
[0.082s] Level 1:colcon.colcon_core.package_identification:_identify(.) by extension 'ignore_ament_install'
[0.083s] Level 1:colcon.colcon_core.package_identification:_identify(.) by extensions ['colcon_pkg']
[0.083s] Level 1:colcon.colcon_core.package_identification:_identify(.) by extension 'colcon_pkg'
[0.083s] Level 1:colcon.colcon_core.package_identification:_identify(.) by extensions ['colcon_meta']
[0.083s] Level 1:colcon.colcon_core.package_identification:_identify(.) by extension 'colcon_meta'
[0.083s] Level 1:colcon.colcon_core.package_identification:_identify(.) by extensions ['ros']
[0.083s] Level 1:colcon.colcon_core.package_identification:_identify(.) by extension 'ros'
[0.098s] Level 1:colcon.colcon_core.package_identification:_identify(.) by extensions ['cmake', 'python']
[0.098s] Level 1:colcon.colcon_core.package_identification:_identify(.) by extension 'cmake'
[0.098s] Level 1:colcon.colcon_core.package_identification:_identify(.) by extension 'python'
[0.098s] Level 1:colcon.colcon_core.package_identification:_identify(.) by extensions ['python_setup_py']
[0.098s] Level 1:colcon.colcon_core.package_identification:_identify(.) by extension 'python_setup_py'
[0.098s] Level 1:colcon.colcon_core.package_identification:_identify(build) by extensions ['ignore', 'ignore_ament_install']
[0.098s] Level 1:colcon.colcon_core.package_identification:_identify(build) by extension 'ignore'
[0.098s] Level 1:colcon.colcon_core.package_identification:_identify(build) ignored
[0.098s] Level 1:colcon.colcon_core.package_identification:_identify(docker) by extensions ['ignore', 'ignore_ament_install']
[0.098s] Level 1:colcon.colcon_core.package_identification:_identify(docker) by extension 'ignore'
[0.098s] Level 1:colcon.colcon_core.package_identification:_identify(docker) by extension 'ignore_ament_install'
[0.098s] Level 1:colcon.colcon_core.package_identification:_identify(docker) by extensions ['colcon_pkg']
[0.098s] Level 1:colcon.colcon_core.package_identification:_identify(docker) by extension 'colcon_pkg'
[0.099s] Level 1:colcon.colcon_core.package_identification:_identify(docker) by extensions ['colcon_meta']
[0.099s] Level 1:colcon.colcon_core.package_identification:_identify(docker) by extension 'colcon_meta'
[0.099s] Level 1:colcon.colcon_core.package_identification:_identify(docker) by extensions ['ros']
[0.099s] Level 1:colcon.colcon_core.package_identification:_identify(docker) by extension 'ros'
[0.099s] Level 1:colcon.colcon_core.package_identification:_identify(docker) by extensions ['cmake', 'python']
[0.099s] Level 1:colcon.colcon_core.package_identification:_identify(docker) by extension 'cmake'
[0.099s] Level 1:colcon.colcon_core.package_identification:_identify(docker) by extension 'python'
[0.099s] Level 1:colcon.colcon_core.package_identification:_identify(docker) by extensions ['python_setup_py']
[0.099s] Level 1:colcon.colcon_core.package_identification:_identify(docker) by extension 'python_setup_py'
[0.099s] Level 1:colcon.colcon_core.package_identification:_identify(install) by extensions ['ignore', 'ignore_ament_install']
[0.099s] Level 1:colcon.colcon_core.package_identification:_identify(install) by extension 'ignore'
[0.099s] Level 1:colcon.colcon_core.package_identification:_identify(install) ignored
[0.099s] Level 1:colcon.colcon_core.package_identification:_identify(log) by extensions ['ignore', 'ignore_ament_install']
[0.099s] Level 1:colcon.colcon_core.package_identification:_identify(log) by extension 'ignore'
[0.099s] Level 1:colcon.colcon_core.package_identification:_identify(log) ignored
[0.099s] Level 1:colcon.colcon_core.package_identification:_identify(src) by extensions ['ignore', 'ignore_ament_install']
[0.099s] Level 1:colcon.colcon_core.package_identification:_identify(src) by extension 'ignore'
[0.099s] Level 1:colcon.colcon_core.package_identification:_identify(src) by extension 'ignore_ament_install'
[0.099s] Level 1:colcon.colcon_core.package_identification:_identify(src) by extensions ['colcon_pkg']
[0.099s] Level 1:colcon.colcon_core.package_identification:_identify(src) by extension 'colcon_pkg'
[0.099s] Level 1:colcon.colcon_core.package_identification:_identify(src) by extensions ['colcon_meta']
[0.099s] Level 1:colcon.colcon_core.package_identification:_identify(src) by extension 'colcon_meta'
[0.099s] Level 1:colcon.colcon_core.package_identification:_identify(src) by extensions ['ros']
[0.099s] Level 1:colcon.colcon_core.package_identification:_identify(src) by extension 'ros'
[0.099s] Level 1:colcon.colcon_core.package_identification:_identify(src) by extensions ['cmake', 'python']
[0.099s] Level 1:colcon.colcon_core.package_identification:_identify(src) by extension 'cmake'
[0.099s] Level 1:colcon.colcon_core.package_identification:_identify(src) by extension 'python'
[0.099s] Level 1:colcon.colcon_core.package_identification:_identify(src) by extensions ['python_setup_py']
[0.099s] Level 1:colcon.colcon_core.package_identification:_identify(src) by extension 'python_setup_py'
[0.099s] Level 1:colcon.colcon_core.package_identification:_identify(src/safe_teleop_core) by extensions ['ignore', 'ignore_ament_install']
[0.099s] Level 1:colcon.colcon_core.package_identification:_identify(src/safe_teleop_core) by extension 'ignore'
[0.099s] Level 1:colcon.colcon_core.package_identification:_identify(src/safe_teleop_core) by extension 'ignore_ament_install'
[0.100s] Level 1:colcon.colcon_core.package_identification:_identify(src/safe_teleop_core) by extensions ['colcon_pkg']
[0.100s] Level 1:colcon.colcon_core.package_identification:_identify(src/safe_teleop_core) by extension 'colcon_pkg'
[0.100s] Level 1:colcon.colcon_core.package_identification:_identify(src/safe_teleop_core) by extensions ['colcon_meta']
[0.100s] Level 1:colcon.colcon_core.package_identification:_identify(src/safe_teleop_core) by extension 'colcon_meta'
[0.100s] Level 1:colcon.colcon_core.package_identification:_identify(src/safe_teleop_core) by extensions ['ros']
[0.100s] Level 1:colcon.colcon_core.package_identification:_identify(src/safe_teleop_core) by extension 'ros'
[0.101s] DEBUG:colcon.colcon_core.package_identification:Package 'src/safe_teleop_core' with type 'ros.ament_cmake' and name 'safe_teleop_core'
[0.101s] Level 1:colcon.colcon_core.package_identification:_identify(src/safe_teleop_core.bak) by extensions ['ignore', 'ignore_ament_install']
[0.101s] Level 1:colcon.colcon_core.package_identification:_identify(src/safe_teleop_core.bak) by extension 'ignore'
[0.101s] Level 1:colcon.colcon_core.package_identification:_identify(src/safe_teleop_core.bak) by extension 'ignore_ament_install'
[0.101s] Level 1:colcon.colcon_core.package_identification:_identify(src/safe_teleop_core.bak) by extensions ['colcon_pkg']
[0.101s] Level 1:colcon.colcon_core.package_identification:_identify(src/safe_teleop_core.bak) by extension 'colcon_pkg'
[0.101s] Level 1:colcon.colcon_core.package_identification:_identify(src/safe_teleop_core.bak) by extensions ['colcon_meta']
[0.101s] Level 1:colcon.colcon_core.package_identification:_identify(src/safe_teleop_core.bak) by extension 'colcon_meta'
[0.101s] Level 1:colcon.colcon_core.package_identification:_identify(src/safe_teleop_core.bak) by extensions ['ros']
[0.101s] Level 1:colcon.colcon_core.package_identification:_identify(src/safe_teleop_core.bak) by extension 'ros'
[0.102s] DEBUG:colcon.colcon_core.package_identification:Package 'src/safe_teleop_core.bak' with type 'ros.ament_cmake' and name 'safe_teleop_core'
[0.102s] Level 1:colcon.colcon_core.package_identification:_identify(src/safe_teleop_emergency) by extensions ['ignore', 'ignore_ament_install']
[0.102s] Level 1:colcon.colcon_core.package_identification:_identify(src/safe_teleop_emergency) by extension 'ignore'
[0.102s] Level 1:colcon.colcon_core.package_identification:_identify(src/safe_teleop_emergency) by extension 'ignore_ament_install'
[0.102s] Level 1:colcon.colcon_core.package_identification:_identify(src/safe_teleop_emergency) by extensions ['colcon_pkg']
[0.102s] Level 1:colcon.colcon_core.package_identification:_identify(src/safe_teleop_emergency) by extension 'colcon_pkg'
[0.102s] Level 1:colcon.colcon_core.package_identification:_identify(src/safe_teleop_emergency) by extensions ['colcon_meta']
[0.102s] Level 1:colcon.colcon_core.package_identification:_identify(src/safe_teleop_emergency) by extension 'colcon_meta'
[0.102s] Level 1:colcon.colcon_core.package_identification:_identify(src/safe_teleop_emergency) by extensions ['ros']
[0.102s] Level 1:colcon.colcon_core.package_identification:_identify(src/safe_teleop_emergency) by extension 'ros'
[0.102s] Level 1:colcon.colcon_core.package_identification:_identify(src/safe_teleop_emergency) by extensions ['cmake', 'python']
[0.102s] Level 1:colcon.colcon_core.package_identification:_identify(src/safe_teleop_emergency) by extension 'cmake'
[0.102s] Level 1:colcon.colcon_core.package_identification:_identify(src/safe_teleop_emergency) by extension 'python'
[0.102s] Level 1:colcon.colcon_core.package_identification:_identify(src/safe_teleop_emergency) by extensions ['python_setup_py']
[0.102s] Level 1:colcon.colcon_core.package_identification:_identify(src/safe_teleop_emergency) by extension 'python_setup_py'
[0.102s] Level 1:colcon.colcon_core.package_identification:_identify(src/safe_teleop_emergency/include) by extensions ['ignore', 'ignore_ament_install']
[0.102s] Level 1:colcon.colcon_core.package_identification:_identify(src/safe_teleop_emergency/include) by extension 'ignore'
[0.102s] Level 1:colcon.colcon_core.package_identification:_identify(src/safe_teleop_emergency/include) by extension 'ignore_ament_install'
[0.102s] Level 1:colcon.colcon_core.package_identification:_identify(src/safe_teleop_emergency/include) by extensions ['colcon_pkg']
[0.102s] Level 1:colcon.colcon_core.package_identification:_identify(src/safe_teleop_emergency/include) by extension 'colcon_pkg'
[0.103s] Level 1:colcon.colcon_core.package_identification:_identify(src/safe_teleop_emergency/include) by extensions ['colcon_meta']
[0.103s] Level 1:colcon.colcon_core.package_identification:_identify(src/safe_teleop_emergency/include) by extension 'colcon_meta'
[0.103s] Level 1:colcon.colcon_core.package_identification:_identify(src/safe_teleop_emergency/include) by extensions ['ros']
[0.103s] Level 1:colcon.colcon_core.package_identification:_identify(src/safe_teleop_emergency/include) by extension 'ros'
[0.103s] Level 1:colcon.colcon_core.package_identification:_identify(src/safe_teleop_emergency/include) by extensions ['cmake', 'python']
[0.103s] Level 1:colcon.colcon_core.package_identification:_identify(src/safe_teleop_emergency/include) by extension 'cmake'
[0.103s] Level 1:colcon.colcon_core.package_identification:_identify(src/safe_teleop_emergency/include) by extension 'python'
[0.103s] Level 1:colcon.colcon_core.package_identification:_identify(src/safe_teleop_emergency/include) by extensions ['python_setup_py']
[0.103s] Level 1:colcon.colcon_core.package_identification:_identify(src/safe_teleop_emergency/include) by extension 'python_setup_py'
[0.103s] Level 1:colcon.colcon_core.package_identification:_identify(src/safe_teleop_emergency/include/safe_teleop_emergency) by extensions ['ignore', 'ignore_ament_install']
[0.103s] Level 1:colcon.colcon_core.package_identification:_identify(src/safe_teleop_emergency/include/safe_teleop_emergency) by extension 'ignore'
[0.103s] Level 1:colcon.colcon_core.package_identification:_identify(src/safe_teleop_emergency/include/safe_teleop_emergency) by extension 'ignore_ament_install'
[0.103s] Level 1:colcon.colcon_core.package_identification:_identify(src/safe_teleop_emergency/include/safe_teleop_emergency) by extensions ['colcon_pkg']
[0.103s] Level 1:colcon.colcon_core.package_identification:_identify(src/safe_teleop_emergency/include/safe_teleop_emergency) by extension 'colcon_pkg'
[0.103s] Level 1:colcon.colcon_core.package_identification:_identify(src/safe_teleop_emergency/include/safe_teleop_emergency) by extensions ['colcon_meta']
[0.103s] Level 1:colcon.colcon_core.package_identification:_identify(src/safe_teleop_emergency/include/safe_teleop_emergency) by extension 'colcon_meta'
[0.103s] Level 1:colcon.colcon_core.package_identification:_identify(src/safe_teleop_emergency/include/safe_teleop_emergency) by extensions ['ros']
[0.103s] Level 1:colcon.colcon_core.package_identification:_identify(src/safe_teleop_emergency/include/safe_teleop_emergency) by extension 'ros'
[0.103s] Level 1:colcon.colcon_core.package_identification:_identify(src/safe_teleop_emergency/include/safe_teleop_emergency) by extensions ['cmake', 'python']
[0.103s] Level 1:colcon.colcon_core.package_identification:_identify(src/safe_teleop_emergency/include/safe_teleop_emergency) by extension 'cmake'
[0.103s] Level 1:colcon.colcon_core.package_identification:_identify(src/safe_teleop_emergency/include/safe_teleop_emergency) by extension 'python'
[0.103s] Level 1:colcon.colcon_core.package_identification:_identify(src/safe_teleop_emergency/include/safe_teleop_emergency) by extensions ['python_setup_py']
[0.103s] Level 1:colcon.colcon_core.package_identification:_identify(src/safe_teleop_emergency/include/safe_teleop_emergency) by extension 'python_setup_py'
[0.103s] Level 1:colcon.colcon_core.package_identification:_identify(src/safe_teleop_emergency/launch) by extensions ['ignore', 'ignore_ament_install']
[0.103s] Level 1:colcon.colcon_core.package_identification:_identify(src/safe_teleop_emergency/launch) by extension 'ignore'
[0.103s] Level 1:colcon.colcon_core.package_identification:_identify(src/safe_teleop_emergency/launch) by extension 'ignore_ament_install'
[0.103s] Level 1:colcon.colcon_core.package_identification:_identify(src/safe_teleop_emergency/launch) by extensions ['colcon_pkg']
[0.103s] Level 1:colcon.colcon_core.package_identification:_identify(src/safe_teleop_emergency/launch) by extension 'colcon_pkg'
[0.103s] Level 1:colcon.colcon_core.package_identification:_identify(src/safe_teleop_emergency/launch) by extensions ['colcon_meta']
[0.103s] Level 1:colcon.colcon_core.package_identification:_identify(src/safe_teleop_emergency/launch) by extension 'colcon_meta'
[0.104s] Level 1:colcon.colcon_core.package_identification:_identify(src/safe_teleop_emergency/launch) by extensions ['ros']
[0.104s] Level 1:colcon.colcon_core.package_identification:_identify(src/safe_teleop_emergency/launch) by extension 'ros'
[0.104s] Level 1:colcon.colcon_core.package_identification:_identify(src/safe_teleop_emergency/launch) by extensions ['cmake', 'python']
[0.104s] Level 1:colcon.colcon_core.package_identification:_identify(src/safe_teleop_emergency/launch) by extension 'cmake'
[0.104s] Level 1:colcon.colcon_core.package_identification:_identify(src/safe_teleop_emergency/launch) by extension 'python'
[0.104s] Level 1:colcon.colcon_core.package_identification:_identify(src/safe_teleop_emergency/launch) by extensions ['python_setup_py']
[0.104s] Level 1:colcon.colcon_core.package_identification:_identify(src/safe_teleop_emergency/launch) by extension 'python_setup_py'
[0.104s] Level 1:colcon.colcon_core.package_identification:_identify(src/safe_teleop_emergency/src) by extensions ['ignore', 'ignore_ament_install']
[0.104s] Level 1:colcon.colcon_core.package_identification:_identify(src/safe_teleop_emergency/src) by extension 'ignore'
[0.104s] Level 1:colcon.colcon_core.package_identification:_identify(src/safe_teleop_emergency/src) by extension 'ignore_ament_install'
[0.104s] Level 1:colcon.colcon_core.package_identification:_identify(src/safe_teleop_emergency/src) by extensions ['colcon_pkg']
[0.104s] Level 1:colcon.colcon_core.package_identification:_identify(src/safe_teleop_emergency/src) by extension 'colcon_pkg'
[0.104s] Level 1:colcon.colcon_core.package_identification:_identify(src/safe_teleop_emergency/src) by extensions ['colcon_meta']
[0.104s] Level 1:colcon.colcon_core.package_identification:_identify(src/safe_teleop_emergency/src) by extension 'colcon_meta'
[0.104s] Level 1:colcon.colcon_core.package_identification:_identify(src/safe_teleop_emergency/src) by extensions ['ros']
[0.104s] Level 1:colcon.colcon_core.package_identification:_identify(src/safe_teleop_emergency/src) by extension 'ros'
[0.104s] Level 1:colcon.colcon_core.package_identification:_identify(src/safe_teleop_emergency/src) by extensions ['cmake', 'python']
[0.104s] Level 1:colcon.colcon_core.package_identification:_identify(src/safe_teleop_emergency/src) by extension 'cmake'
[0.104s] Level 1:colcon.colcon_core.package_identification:_identify(src/safe_teleop_emergency/src) by extension 'python'
[0.104s] Level 1:colcon.colcon_core.package_identification:_identify(src/safe_teleop_emergency/src) by extensions ['python_setup_py']
[0.104s] Level 1:colcon.colcon_core.package_identification:_identify(src/safe_teleop_emergency/src) by extension 'python_setup_py'
[0.104s] Level 1:colcon.colcon_core.package_identification:_identify(src/safe_teleop_realtime) by extensions ['ignore', 'ignore_ament_install']
[0.104s] Level 1:colcon.colcon_core.package_identification:_identify(src/safe_teleop_realtime) by extension 'ignore'
[0.104s] Level 1:colcon.colcon_core.package_identification:_identify(src/safe_teleop_realtime) by extension 'ignore_ament_install'
[0.104s] Level 1:colcon.colcon_core.package_identification:_identify(src/safe_teleop_realtime) by extensions ['colcon_pkg']
[0.104s] Level 1:colcon.colcon_core.package_identification:_identify(src/safe_teleop_realtime) by extension 'colcon_pkg'
[0.104s] Level 1:colcon.colcon_core.package_identification:_identify(src/safe_teleop_realtime) by extensions ['colcon_meta']
[0.104s] Level 1:colcon.colcon_core.package_identification:_identify(src/safe_teleop_realtime) by extension 'colcon_meta'
[0.104s] Level 1:colcon.colcon_core.package_identification:_identify(src/safe_teleop_realtime) by extensions ['ros']
[0.104s] Level 1:colcon.colcon_core.package_identification:_identify(src/safe_teleop_realtime) by extension 'ros'
[0.105s] DEBUG:colcon.colcon_core.package_identification:Package 'src/safe_teleop_realtime' with type 'ros.ament_cmake' and name 'safe_teleop_realtime'
[0.105s] Level 1:colcon.colcon_core.package_identification:_identify(src/safe_teleop_slave_bringup) by extensions ['ignore', 'ignore_ament_install']
[0.105s] Level 1:colcon.colcon_core.package_identification:_identify(src/safe_teleop_slave_bringup) by extension 'ignore'
[0.106s] Level 1:colcon.colcon_core.package_identification:_identify(src/safe_teleop_slave_bringup) by extension 'ignore_ament_install'
[0.106s] Level 1:colcon.colcon_core.package_identification:_identify(src/safe_teleop_slave_bringup) by extensions ['colcon_pkg']
[0.106s] Level 1:colcon.colcon_core.package_identification:_identify(src/safe_teleop_slave_bringup) by extension 'colcon_pkg'
[0.106s] Level 1:colcon.colcon_core.package_identification:_identify(src/safe_teleop_slave_bringup) by extensions ['colcon_meta']
[0.106s] Level 1:colcon.colcon_core.package_identification:_identify(src/safe_teleop_slave_bringup) by extension 'colcon_meta'
[0.106s] Level 1:colcon.colcon_core.package_identification:_identify(src/safe_teleop_slave_bringup) by extensions ['ros']
[0.106s] Level 1:colcon.colcon_core.package_identification:_identify(src/safe_teleop_slave_bringup) by extension 'ros'
[0.106s] DEBUG:colcon.colcon_core.package_identification:Package 'src/safe_teleop_slave_bringup' with type 'ros.ament_cmake' and name 'safe_teleop_slave_bringup'
[0.106s] Level 1:colcon.colcon_core.package_discovery:discover_packages(recursive) using defaults
[0.106s] Level 1:colcon.colcon_core.package_discovery:discover_packages(ignore) discover
[0.106s] Level 1:colcon.colcon_core.package_discovery:discover_packages(ignore) using defaults
[0.106s] Level 1:colcon.colcon_core.package_discovery:discover_packages(path) discover
[0.106s] Level 1:colcon.colcon_core.package_discovery:discover_packages(path) using defaults
[0.117s] INFO:colcon.colcon_core.package_selection:Skipping not selected package 'safe_teleop_slave_bringup' in 'src/safe_teleop_slave_bringup'
[0.117s] Level 1:colcon.colcon_core.package_discovery:discover_packages(prefix_path) check parameters
[0.117s] Level 1:colcon.colcon_core.package_discovery:discover_packages(prefix_path) discover
[0.119s] DEBUG:colcon.colcon_installed_package_information.package_discovery:Found 279 installed packages in /opt/ros/jazzy
[0.120s] Level 1:colcon.colcon_core.package_discovery:discover_packages(prefix_path) using defaults
[0.139s] ERROR:colcon:colcon build: Duplicate package names not supported:
- safe_teleop_core:
  - src/safe_teleop_core
  - src/safe_teleop_core.bak
