[0.008s] Invoking command in '/workspaces/safe_teleop_slave_ws/build/safe_teleop_realtime': AMENT_PREFIX_PATH=/workspaces/safe_teleop_slave_ws/install/safe_teleop_core:${AMENT_PREFIX_PATH} CMAKE_PREFIX_PATH=/workspaces/safe_teleop_slave_ws/install/safe_teleop_core:/opt/ros/jazzy LD_LIBRARY_PATH=/workspaces/safe_teleop_slave_ws/install/safe_teleop_core/lib:${LD_LIBRARY_PATH} PYTHONPATH=/workspaces/safe_teleop_slave_ws/install/safe_teleop_core/lib/python3.12/site-packages:${PYTHONPATH} /usr/bin/cmake --build /workspaces/safe_teleop_slave_ws/build/safe_teleop_realtime -- -j32 -l32
[0.059s] [ 33%] Built target depth_to_pointcloud_node
[0.061s] [ 66%] Built target safety_monitor_node
[0.070s] [ 83%] Building CXX object CMakeFiles/collision_detector_node.dir/src/collision_detector_node.cpp.o
[3.316s] /workspaces/safe_teleop_slave_ws/src/safe_teleop_realtime/src/collision_detector_node.cpp: In member function ‘safe_teleop_core::msg::CollisionWarning safe_teleop::CollisionDetectorNode::check_esdf_collision(const geometry_msgs::msg::Pose&, double)’:
[3.316s] /workspaces/safe_teleop_slave_ws/src/safe_teleop_realtime/src/collision_detector_node.cpp:337:41: warning: unused parameter ‘robot_pose’ [-Wunused-parameter]
[3.316s]   337 |         const geometry_msgs::msg::Pose& robot_pose,
[3.316s]       |         ~~~~~~~~~~~~~~~~~~~~~~~~~~~~~~~~^~~~~~~~~~
[13.795s] [100%] Linking CXX executable collision_detector_node
[14.113s] [100%] Built target collision_detector_node
[14.122s] Invoked command in '/workspaces/safe_teleop_slave_ws/build/safe_teleop_realtime' returned '0': AMENT_PREFIX_PATH=/workspaces/safe_teleop_slave_ws/install/safe_teleop_core:${AMENT_PREFIX_PATH} CMAKE_PREFIX_PATH=/workspaces/safe_teleop_slave_ws/install/safe_teleop_core:/opt/ros/jazzy LD_LIBRARY_PATH=/workspaces/safe_teleop_slave_ws/install/safe_teleop_core/lib:${LD_LIBRARY_PATH} PYTHONPATH=/workspaces/safe_teleop_slave_ws/install/safe_teleop_core/lib/python3.12/site-packages:${PYTHONPATH} /usr/bin/cmake --build /workspaces/safe_teleop_slave_ws/build/safe_teleop_realtime -- -j32 -l32
[14.128s] Invoking command in '/workspaces/safe_teleop_slave_ws/build/safe_teleop_realtime': AMENT_PREFIX_PATH=/workspaces/safe_teleop_slave_ws/install/safe_teleop_core:${AMENT_PREFIX_PATH} CMAKE_PREFIX_PATH=/workspaces/safe_teleop_slave_ws/install/safe_teleop_core:/opt/ros/jazzy LD_LIBRARY_PATH=/workspaces/safe_teleop_slave_ws/install/safe_teleop_core/lib:${LD_LIBRARY_PATH} PYTHONPATH=/workspaces/safe_teleop_slave_ws/install/safe_teleop_core/lib/python3.12/site-packages:${PYTHONPATH} /usr/bin/cmake --install /workspaces/safe_teleop_slave_ws/build/safe_teleop_realtime
[14.134s] -- Install configuration: "Release"
[14.134s] -- Installing: /workspaces/safe_teleop_slave_ws/install/safe_teleop_realtime/lib/safe_teleop_realtime/collision_detector_node
[14.137s] -- Set non-toolchain portion of runtime path of "/workspaces/safe_teleop_slave_ws/install/safe_teleop_realtime/lib/safe_teleop_realtime/collision_detector_node" to ""
[14.137s] -- Installing: /workspaces/safe_teleop_slave_ws/install/safe_teleop_realtime/lib/safe_teleop_realtime/safety_monitor_node
[14.138s] -- Set non-toolchain portion of runtime path of "/workspaces/safe_teleop_slave_ws/install/safe_teleop_realtime/lib/safe_teleop_realtime/safety_monitor_node" to ""
[14.139s] -- Installing: /workspaces/safe_teleop_slave_ws/install/safe_teleop_realtime/lib/safe_teleop_realtime/depth_to_pointcloud_node
[14.140s] -- Set non-toolchain portion of runtime path of "/workspaces/safe_teleop_slave_ws/install/safe_teleop_realtime/lib/safe_teleop_realtime/depth_to_pointcloud_node" to ""
[14.141s] -- Up-to-date: /workspaces/safe_teleop_slave_ws/install/safe_teleop_realtime/include
[14.141s] -- Up-to-date: /workspaces/safe_teleop_slave_ws/install/safe_teleop_realtime/include/safe_teleop_realtime
[14.141s] -- Up-to-date: /workspaces/safe_teleop_slave_ws/install/safe_teleop_realtime/share/safe_teleop_realtime/launch
[14.141s] -- Up-to-date: /workspaces/safe_teleop_slave_ws/install/safe_teleop_realtime/share/safe_teleop_realtime/launch/realtime_safety.launch.py
[14.141s] -- Up-to-date: /workspaces/safe_teleop_slave_ws/install/safe_teleop_realtime/share/safe_teleop_realtime/config
[14.141s] -- Up-to-date: /workspaces/safe_teleop_slave_ws/install/safe_teleop_realtime/share/safe_teleop_realtime/config/depth_to_pointcloud_config.yaml
[14.141s] -- Up-to-date: /workspaces/safe_teleop_slave_ws/install/safe_teleop_realtime/share/safe_teleop_realtime/config/collision_detector_config.yaml
[14.141s] -- Up-to-date: /workspaces/safe_teleop_slave_ws/install/safe_teleop_realtime/share/ament_index/resource_index/package_run_dependencies/safe_teleop_realtime
[14.141s] -- Up-to-date: /workspaces/safe_teleop_slave_ws/install/safe_teleop_realtime/share/ament_index/resource_index/parent_prefix_path/safe_teleop_realtime
[14.141s] -- Up-to-date: /workspaces/safe_teleop_slave_ws/install/safe_teleop_realtime/share/safe_teleop_realtime/environment/ament_prefix_path.sh
[14.141s] -- Up-to-date: /workspaces/safe_teleop_slave_ws/install/safe_teleop_realtime/share/safe_teleop_realtime/environment/ament_prefix_path.dsv
[14.141s] -- Up-to-date: /workspaces/safe_teleop_slave_ws/install/safe_teleop_realtime/share/safe_teleop_realtime/environment/path.sh
[14.141s] -- Up-to-date: /workspaces/safe_teleop_slave_ws/install/safe_teleop_realtime/share/safe_teleop_realtime/environment/path.dsv
[14.141s] -- Up-to-date: /workspaces/safe_teleop_slave_ws/install/safe_teleop_realtime/share/safe_teleop_realtime/local_setup.bash
[14.141s] -- Up-to-date: /workspaces/safe_teleop_slave_ws/install/safe_teleop_realtime/share/safe_teleop_realtime/local_setup.sh
[14.141s] -- Up-to-date: /workspaces/safe_teleop_slave_ws/install/safe_teleop_realtime/share/safe_teleop_realtime/local_setup.zsh
[14.141s] -- Up-to-date: /workspaces/safe_teleop_slave_ws/install/safe_teleop_realtime/share/safe_teleop_realtime/local_setup.dsv
[14.141s] -- Installing: /workspaces/safe_teleop_slave_ws/install/safe_teleop_realtime/share/safe_teleop_realtime/package.dsv
[14.142s] -- Up-to-date: /workspaces/safe_teleop_slave_ws/install/safe_teleop_realtime/share/ament_index/resource_index/packages/safe_teleop_realtime
[14.142s] -- Up-to-date: /workspaces/safe_teleop_slave_ws/install/safe_teleop_realtime/share/safe_teleop_realtime/cmake/safe_teleop_realtimeConfig.cmake
[14.142s] -- Up-to-date: /workspaces/safe_teleop_slave_ws/install/safe_teleop_realtime/share/safe_teleop_realtime/cmake/safe_teleop_realtimeConfig-version.cmake
[14.142s] -- Up-to-date: /workspaces/safe_teleop_slave_ws/install/safe_teleop_realtime/share/safe_teleop_realtime/package.xml
[14.143s] Invoked command in '/workspaces/safe_teleop_slave_ws/build/safe_teleop_realtime' returned '0': AMENT_PREFIX_PATH=/workspaces/safe_teleop_slave_ws/install/safe_teleop_core:${AMENT_PREFIX_PATH} CMAKE_PREFIX_PATH=/workspaces/safe_teleop_slave_ws/install/safe_teleop_core:/opt/ros/jazzy LD_LIBRARY_PATH=/workspaces/safe_teleop_slave_ws/install/safe_teleop_core/lib:${LD_LIBRARY_PATH} PYTHONPATH=/workspaces/safe_teleop_slave_ws/install/safe_teleop_core/lib/python3.12/site-packages:${PYTHONPATH} /usr/bin/cmake --install /workspaces/safe_teleop_slave_ws/build/safe_teleop_realtime
