-- Found ament_cmake: 2.5.5 (/opt/ros/jazzy/share/ament_cmake/cmake)
-- Found Python3: /usr/bin/python3 (found version "3.12.3") found components: Interpreter 
-- Found rosidl_default_generators: 1.6.0 (/opt/ros/jazzy/share/rosidl_default_generators/cmake)
-- Using all available rosidl_typesupport_c: rosidl_typesupport_fastrtps_c;rosidl_typesupport_introspection_c
-- Using all available rosidl_typesupport_cpp: rosidl_typesupport_fastrtps_cpp;rosidl_typesupport_introspection_cpp
-- Found rosidl_adapter: 4.6.7 (/opt/ros/jazzy/share/rosidl_adapter/cmake)
-- Found std_msgs: 5.3.6 (/opt/ros/jazzy/share/std_msgs/cmake)
-- Found geometry_msgs: 5.3.6 (/opt/ros/jazzy/share/geometry_msgs/cmake)
-- Found sensor_msgs: 5.3.6 (/opt/ros/jazzy/share/sensor_msgs/cmake)
-- Found ament_cmake_ros: 0.12.0 (/opt/ros/jazzy/share/ament_cmake_ros/cmake)
-- Using all available rosidl_typesupport_c: rosidl_typesupport_fastrtps_c;rosidl_typesupport_introspection_c
-- Using all available rosidl_typesupport_cpp: rosidl_typesupport_fastrtps_cpp;rosidl_typesupport_introspection_cpp
-- Found python_cmake_module: 0.11.1 (/opt/ros/jazzy/share/python_cmake_module/cmake)
-- Found Python3: /usr/bin/python3 (found version "3.12.3") found components: Interpreter Development NumPy Development.Module Development.Embed 
-- Configuring done (0.9s)
-- Generating done (0.0s)
-- Build files have been written to: /workspaces/safe_teleop_slave_ws/build/safe_teleop_core
[  1%] Built target safe_teleop_core__rosidl_generator_type_description
[  1%] Built target ament_cmake_python_copy_safe_teleop_core
[  2%] Built target safe_teleop_core__cpp
[  3%] Building C object CMakeFiles/safe_teleop_core__rosidl_generator_c.dir/rosidl_generator_c/safe_teleop_core/msg/detail/safety_zone__description.c.o
[  4%] Building C object CMakeFiles/safe_teleop_core__rosidl_generator_c.dir/rosidl_generator_c/safe_teleop_core/msg/detail/object_status__description.c.o
[  6%] Building C object CMakeFiles/safe_teleop_core__rosidl_generator_c.dir/rosidl_generator_c/safe_teleop_core/msg/detail/collision_warning__description.c.o
[  6%] Building C object CMakeFiles/safe_teleop_core__rosidl_generator_c.dir/rosidl_generator_c/safe_teleop_core/msg/detail/object_status__functions.c.o
[  7%] Building C object CMakeFiles/safe_teleop_core__rosidl_generator_c.dir/rosidl_generator_c/safe_teleop_core/msg/detail/object_status__type_support.c.o
[ 11%] Building C object CMakeFiles/safe_teleop_core__rosidl_generator_c.dir/rosidl_generator_c/safe_teleop_core/msg/detail/dynamic_object__functions.c.o
[ 10%] Building C object CMakeFiles/safe_teleop_core__rosidl_generator_c.dir/rosidl_generator_c/safe_teleop_core/msg/detail/safety_zone__functions.c.o
[ 13%] Building C object CMakeFiles/safe_teleop_core__rosidl_generator_c.dir/rosidl_generator_c/safe_teleop_core/msg/detail/collision_warning__type_support.c.o
[ 14%] Building C object CMakeFiles/safe_teleop_core__rosidl_generator_c.dir/rosidl_generator_c/safe_teleop_core/msg/detail/dynamic_object__description.c.o
[ 11%] Building C object CMakeFiles/safe_teleop_core__rosidl_generator_c.dir/rosidl_generator_c/safe_teleop_core/msg/detail/safety_zone__type_support.c.o
[ 12%] Building C object CMakeFiles/safe_teleop_core__rosidl_generator_c.dir/rosidl_generator_c/safe_teleop_core/msg/detail/dynamic_object__type_support.c.o
[ 14%] Building C object CMakeFiles/safe_teleop_core__rosidl_generator_c.dir/rosidl_generator_c/safe_teleop_core/msg/detail/collision_warning__functions.c.o
[ 18%] Building C object CMakeFiles/safe_teleop_core__rosidl_generator_c.dir/rosidl_generator_c/safe_teleop_core/srv/detail/activate_object__description.c.o
[ 19%] Building C object CMakeFiles/safe_teleop_core__rosidl_generator_c.dir/rosidl_generator_c/safe_teleop_core/msg/detail/safety_status__functions.c.o
[ 19%] Building C object CMakeFiles/safe_teleop_core__rosidl_generator_c.dir/rosidl_generator_c/safe_teleop_core/msg/detail/safety_status__type_support.c.o
[ 18%] Building C object CMakeFiles/safe_teleop_core__rosidl_generator_c.dir/rosidl_generator_c/safe_teleop_core/msg/detail/safety_status__description.c.o
[ 20%] Building C object CMakeFiles/safe_teleop_core__rosidl_generator_c.dir/rosidl_generator_c/safe_teleop_core/srv/detail/activate_object__functions.c.o
[ 21%] Building C object CMakeFiles/safe_teleop_core__rosidl_generator_c.dir/rosidl_generator_c/safe_teleop_core/srv/detail/activate_object__type_support.c.o
[ 23%] Building C object CMakeFiles/safe_teleop_core__rosidl_generator_c.dir/rosidl_generator_c/safe_teleop_core/srv/detail/update_safety_map__type_support.c.o
[ 23%] Building C object CMakeFiles/safe_teleop_core__rosidl_generator_c.dir/rosidl_generator_c/safe_teleop_core/srv/detail/update_safety_map__functions.c.o
[ 24%] Building C object CMakeFiles/safe_teleop_core__rosidl_generator_c.dir/rosidl_generator_c/safe_teleop_core/srv/detail/update_safety_map__description.c.o
running egg_info
writing safe_teleop_core.egg-info/PKG-INFO
writing dependency_links to safe_teleop_core.egg-info/dependency_links.txt
writing top-level names to safe_teleop_core.egg-info/top_level.txt
reading manifest file 'safe_teleop_core.egg-info/SOURCES.txt'
writing manifest file 'safe_teleop_core.egg-info/SOURCES.txt'
[ 24%] Built target ament_cmake_python_build_safe_teleop_core_egg
[ 25%] Linking C shared library libsafe_teleop_core__rosidl_generator_c.so
[ 26%] Built target safe_teleop_core__rosidl_generator_c
[ 27%] Building CXX object CMakeFiles/safe_teleop_core__rosidl_typesupport_c.dir/rosidl_typesupport_c/safe_teleop_core/msg/safety_zone__type_support.cpp.o
[ 28%] Building CXX object CMakeFiles/safe_teleop_core__rosidl_typesupport_c.dir/rosidl_typesupport_c/safe_teleop_core/msg/object_status__type_support.cpp.o
[ 29%] Building CXX object CMakeFiles/safe_teleop_core__rosidl_typesupport_c.dir/rosidl_typesupport_c/safe_teleop_core/msg/dynamic_object__type_support.cpp.o
[ 30%] Building CXX object CMakeFiles/safe_teleop_core__rosidl_typesupport_c.dir/rosidl_typesupport_c/safe_teleop_core/msg/collision_warning__type_support.cpp.o
[ 32%] Building C object CMakeFiles/safe_teleop_core__rosidl_typesupport_introspection_c.dir/rosidl_typesupport_introspection_c/safe_teleop_core/msg/detail/collision_warning__type_support.c.o
[ 34%] Building C object CMakeFiles/safe_teleop_core__rosidl_typesupport_introspection_c.dir/rosidl_typesupport_introspection_c/safe_teleop_core/msg/detail/safety_status__type_support.c.o
[ 34%] Building CXX object CMakeFiles/safe_teleop_core__rosidl_typesupport_c.dir/rosidl_typesupport_c/safe_teleop_core/srv/activate_object__type_support.cpp.o
[ 35%] Building CXX object CMakeFiles/safe_teleop_core__rosidl_typesupport_c.dir/rosidl_typesupport_c/safe_teleop_core/msg/safety_status__type_support.cpp.o
[ 36%] Building C object CMakeFiles/safe_teleop_core__rosidl_typesupport_introspection_c.dir/rosidl_typesupport_introspection_c/safe_teleop_core/msg/detail/safety_zone__type_support.c.o
[ 37%] Building CXX object CMakeFiles/safe_teleop_core__rosidl_typesupport_c.dir/rosidl_typesupport_c/safe_teleop_core/srv/update_safety_map__type_support.cpp.o
[ 39%] Building C object CMakeFiles/safe_teleop_core__rosidl_typesupport_introspection_c.dir/rosidl_typesupport_introspection_c/safe_teleop_core/msg/detail/object_status__type_support.c.o
[ 39%] Building C object CMakeFiles/safe_teleop_core__rosidl_typesupport_introspection_c.dir/rosidl_typesupport_introspection_c/safe_teleop_core/msg/detail/dynamic_object__type_support.c.o
[ 40%] Building C object CMakeFiles/safe_teleop_core__rosidl_typesupport_introspection_c.dir/rosidl_typesupport_introspection_c/safe_teleop_core/srv/detail/update_safety_map__type_support.c.o
[ 41%] Building C object CMakeFiles/safe_teleop_core__rosidl_typesupport_introspection_c.dir/rosidl_typesupport_introspection_c/safe_teleop_core/srv/detail/activate_object__type_support.c.o
[ 43%] Building CXX object CMakeFiles/safe_teleop_core__rosidl_typesupport_introspection_cpp.dir/rosidl_typesupport_introspection_cpp/safe_teleop_core/msg/detail/object_status__type_support.cpp.o
[ 43%] Building CXX object CMakeFiles/safe_teleop_core__rosidl_typesupport_cpp.dir/rosidl_typesupport_cpp/safe_teleop_core/msg/safety_zone__type_support.cpp.o
[ 44%] Building CXX object CMakeFiles/safe_teleop_core__rosidl_typesupport_introspection_cpp.dir/rosidl_typesupport_introspection_cpp/safe_teleop_core/msg/detail/safety_zone__type_support.cpp.o
[ 45%] Building CXX object CMakeFiles/safe_teleop_core__rosidl_typesupport_introspection_cpp.dir/rosidl_typesupport_introspection_cpp/safe_teleop_core/msg/detail/collision_warning__type_support.cpp.o
[ 46%] Building CXX object CMakeFiles/safe_teleop_core__rosidl_typesupport_cpp.dir/rosidl_typesupport_cpp/safe_teleop_core/msg/dynamic_object__type_support.cpp.o
[ 47%] Building CXX object CMakeFiles/safe_teleop_core__rosidl_typesupport_introspection_cpp.dir/rosidl_typesupport_introspection_cpp/safe_teleop_core/srv/detail/activate_object__type_support.cpp.o
[ 48%] Building CXX object CMakeFiles/safe_teleop_core__rosidl_typesupport_introspection_cpp.dir/rosidl_typesupport_introspection_cpp/safe_teleop_core/msg/detail/dynamic_object__type_support.cpp.o
[ 50%] Building CXX object CMakeFiles/safe_teleop_core__rosidl_typesupport_cpp.dir/rosidl_typesupport_cpp/safe_teleop_core/msg/object_status__type_support.cpp.o
[ 51%] Building CXX object CMakeFiles/safe_teleop_core__rosidl_typesupport_cpp.dir/rosidl_typesupport_cpp/safe_teleop_core/msg/collision_warning__type_support.cpp.o
[ 54%] Building CXX object CMakeFiles/safe_teleop_core__rosidl_typesupport_fastrtps_cpp.dir/rosidl_typesupport_fastrtps_cpp/safe_teleop_core/msg/detail/dds_fastrtps/safety_zone__type_support.cpp.o
[ 54%] Building CXX object CMakeFiles/safe_teleop_core__rosidl_typesupport_introspection_cpp.dir/rosidl_typesupport_introspection_cpp/safe_teleop_core/srv/detail/update_safety_map__type_support.cpp.o
[ 52%] Building CXX object CMakeFiles/safe_teleop_core__rosidl_typesupport_introspection_cpp.dir/rosidl_typesupport_introspection_cpp/safe_teleop_core/msg/detail/safety_status__type_support.cpp.o
[ 55%] Building CXX object CMakeFiles/safe_teleop_core__rosidl_typesupport_fastrtps_c.dir/rosidl_typesupport_fastrtps_c/safe_teleop_core/msg/detail/safety_zone__type_support_c.cpp.o
[ 56%] Building CXX object CMakeFiles/safe_teleop_core__rosidl_typesupport_cpp.dir/rosidl_typesupport_cpp/safe_teleop_core/srv/update_safety_map__type_support.cpp.o
[ 57%] Building CXX object CMakeFiles/safe_teleop_core__rosidl_typesupport_cpp.dir/rosidl_typesupport_cpp/safe_teleop_core/msg/safety_status__type_support.cpp.o
[ 58%] Building CXX object CMakeFiles/safe_teleop_core__rosidl_typesupport_cpp.dir/rosidl_typesupport_cpp/safe_teleop_core/srv/activate_object__type_support.cpp.o
[ 59%] Building CXX object CMakeFiles/safe_teleop_core__rosidl_typesupport_fastrtps_c.dir/rosidl_typesupport_fastrtps_c/safe_teleop_core/msg/detail/object_status__type_support_c.cpp.o
[ 60%] Building CXX object CMakeFiles/safe_teleop_core__rosidl_typesupport_fastrtps_c.dir/rosidl_typesupport_fastrtps_c/safe_teleop_core/msg/detail/collision_warning__type_support_c.cpp.o
[ 61%] Building CXX object CMakeFiles/safe_teleop_core__rosidl_typesupport_fastrtps_c.dir/rosidl_typesupport_fastrtps_c/safe_teleop_core/msg/detail/safety_status__type_support_c.cpp.o
[ 62%] Building CXX object CMakeFiles/safe_teleop_core__rosidl_typesupport_fastrtps_c.dir/rosidl_typesupport_fastrtps_c/safe_teleop_core/msg/detail/dynamic_object__type_support_c.cpp.o
[ 63%] Building CXX object CMakeFiles/safe_teleop_core__rosidl_typesupport_fastrtps_cpp.dir/rosidl_typesupport_fastrtps_cpp/safe_teleop_core/msg/detail/dds_fastrtps/collision_warning__type_support.cpp.o
[ 64%] Building CXX object CMakeFiles/safe_teleop_core__rosidl_typesupport_fastrtps_cpp.dir/rosidl_typesupport_fastrtps_cpp/safe_teleop_core/msg/detail/dds_fastrtps/object_status__type_support.cpp.o
[ 65%] Building CXX object CMakeFiles/safe_teleop_core__rosidl_typesupport_fastrtps_cpp.dir/rosidl_typesupport_fastrtps_cpp/safe_teleop_core/msg/detail/dds_fastrtps/dynamic_object__type_support.cpp.o
[ 67%] Building CXX object CMakeFiles/safe_teleop_core__rosidl_typesupport_fastrtps_cpp.dir/rosidl_typesupport_fastrtps_cpp/safe_teleop_core/msg/detail/dds_fastrtps/safety_status__type_support.cpp.o
[ 69%] Building CXX object CMakeFiles/safe_teleop_core__rosidl_typesupport_fastrtps_c.dir/rosidl_typesupport_fastrtps_c/safe_teleop_core/srv/detail/update_safety_map__type_support_c.cpp.o
[ 68%] Building CXX object CMakeFiles/safe_teleop_core__rosidl_typesupport_fastrtps_c.dir/rosidl_typesupport_fastrtps_c/safe_teleop_core/srv/detail/activate_object__type_support_c.cpp.o
[ 70%] Building CXX object CMakeFiles/safe_teleop_core__rosidl_typesupport_fastrtps_cpp.dir/rosidl_typesupport_fastrtps_cpp/safe_teleop_core/srv/detail/dds_fastrtps/activate_object__type_support.cpp.o
[ 71%] Building CXX object CMakeFiles/safe_teleop_core__rosidl_typesupport_fastrtps_cpp.dir/rosidl_typesupport_fastrtps_cpp/safe_teleop_core/srv/detail/dds_fastrtps/update_safety_map__type_support.cpp.o
[ 72%] Linking C shared library libsafe_teleop_core__rosidl_typesupport_introspection_c.so
[ 73%] Linking CXX shared library libsafe_teleop_core__rosidl_typesupport_c.so
[ 74%] Built target safe_teleop_core__rosidl_typesupport_introspection_c
[ 75%] Built target safe_teleop_core__rosidl_typesupport_c
[ 76%] Linking CXX shared library libsafe_teleop_core__rosidl_typesupport_cpp.so
[ 77%] Built target safe_teleop_core__rosidl_typesupport_cpp
[ 78%] Linking CXX shared library libsafe_teleop_core__rosidl_typesupport_introspection_cpp.so
[ 79%] Linking CXX shared library libsafe_teleop_core__rosidl_typesupport_fastrtps_c.so
[ 80%] Built target safe_teleop_core__rosidl_typesupport_introspection_cpp
[ 81%] Built target safe_teleop_core__rosidl_typesupport_fastrtps_c
[ 82%] Linking CXX shared library libsafe_teleop_core__rosidl_typesupport_fastrtps_cpp.so
[ 84%] Built target safe_teleop_core__rosidl_typesupport_fastrtps_cpp
[ 84%] Built target safe_teleop_core
[ 85%] Built target safe_teleop_core__py
[ 87%] Building C object CMakeFiles/safe_teleop_core__rosidl_generator_py.dir/rosidl_generator_py/safe_teleop_core/msg/_collision_warning_s.c.o
[ 87%] Building C object CMakeFiles/safe_teleop_core__rosidl_generator_py.dir/rosidl_generator_py/safe_teleop_core/msg/_object_status_s.c.o
[ 88%] Building C object CMakeFiles/safe_teleop_core__rosidl_generator_py.dir/rosidl_generator_py/safe_teleop_core/msg/_safety_status_s.c.o
[ 90%] Building C object CMakeFiles/safe_teleop_core__rosidl_generator_py.dir/rosidl_generator_py/safe_teleop_core/msg/_safety_zone_s.c.o
[ 90%] Building C object CMakeFiles/safe_teleop_core__rosidl_generator_py.dir/rosidl_generator_py/safe_teleop_core/msg/_dynamic_object_s.c.o
[ 91%] Building C object CMakeFiles/safe_teleop_core__rosidl_generator_py.dir/rosidl_generator_py/safe_teleop_core/srv/_activate_object_s.c.o
[ 92%] Building C object CMakeFiles/safe_teleop_core__rosidl_generator_py.dir/rosidl_generator_py/safe_teleop_core/srv/_update_safety_map_s.c.o
[ 93%] Linking C shared library libsafe_teleop_core__rosidl_generator_py.so
[ 93%] Built target safe_teleop_core__rosidl_generator_py
[ 94%] Building C object CMakeFiles/safe_teleop_core_s__rosidl_typesupport_introspection_c.dir/rosidl_generator_py/safe_teleop_core/_safe_teleop_core_s.ep.rosidl_typesupport_introspection_c.c.o
[ 96%] Building C object CMakeFiles/safe_teleop_core_s__rosidl_typesupport_fastrtps_c.dir/rosidl_generator_py/safe_teleop_core/_safe_teleop_core_s.ep.rosidl_typesupport_fastrtps_c.c.o
[ 96%] Building C object CMakeFiles/safe_teleop_core_s__rosidl_typesupport_c.dir/rosidl_generator_py/safe_teleop_core/_safe_teleop_core_s.ep.rosidl_typesupport_c.c.o
[ 97%] Linking C shared module rosidl_generator_py/safe_teleop_core/safe_teleop_core_s__rosidl_typesupport_c.so
[ 98%] Linking C shared module rosidl_generator_py/safe_teleop_core/safe_teleop_core_s__rosidl_typesupport_introspection_c.so
[100%] Linking C shared module rosidl_generator_py/safe_teleop_core/safe_teleop_core_s__rosidl_typesupport_fastrtps_c.so
[100%] Built target safe_teleop_core_s__rosidl_typesupport_c
[100%] Built target safe_teleop_core_s__rosidl_typesupport_introspection_c
[100%] Built target safe_teleop_core_s__rosidl_typesupport_fastrtps_c
-- Install configuration: "Release"
-- Up-to-date: /workspaces/safe_teleop_slave_ws/install/safe_teleop_core/share/ament_index/resource_index/rosidl_interfaces/safe_teleop_core
-- Up-to-date: /workspaces/safe_teleop_slave_ws/install/safe_teleop_core/share/safe_teleop_core/msg/SafetyZone.json
-- Up-to-date: /workspaces/safe_teleop_slave_ws/install/safe_teleop_core/share/safe_teleop_core/msg/ObjectStatus.json
-- Up-to-date: /workspaces/safe_teleop_slave_ws/install/safe_teleop_core/share/safe_teleop_core/msg/CollisionWarning.json
-- Up-to-date: /workspaces/safe_teleop_slave_ws/install/safe_teleop_core/share/safe_teleop_core/msg/DynamicObject.json
-- Up-to-date: /workspaces/safe_teleop_slave_ws/install/safe_teleop_core/share/safe_teleop_core/msg/SafetyStatus.json
-- Up-to-date: /workspaces/safe_teleop_slave_ws/install/safe_teleop_core/share/safe_teleop_core/srv/ActivateObject.json
-- Up-to-date: /workspaces/safe_teleop_slave_ws/install/safe_teleop_core/share/safe_teleop_core/srv/UpdateSafetyMap.json
-- Up-to-date: /workspaces/safe_teleop_slave_ws/install/safe_teleop_core/include/safe_teleop_core/safe_teleop_core
-- Up-to-date: /workspaces/safe_teleop_slave_ws/install/safe_teleop_core/include/safe_teleop_core/safe_teleop_core/msg
-- Up-to-date: /workspaces/safe_teleop_slave_ws/install/safe_teleop_core/include/safe_teleop_core/safe_teleop_core/msg/dynamic_object.h
-- Up-to-date: /workspaces/safe_teleop_slave_ws/install/safe_teleop_core/include/safe_teleop_core/safe_teleop_core/msg/safety_status.h
-- Up-to-date: /workspaces/safe_teleop_slave_ws/install/safe_teleop_core/include/safe_teleop_core/safe_teleop_core/msg/detail
-- Up-to-date: /workspaces/safe_teleop_slave_ws/install/safe_teleop_core/include/safe_teleop_core/safe_teleop_core/msg/detail/dynamic_object__description.c
-- Up-to-date: /workspaces/safe_teleop_slave_ws/install/safe_teleop_core/include/safe_teleop_core/safe_teleop_core/msg/detail/safety_zone__struct.h
-- Up-to-date: /workspaces/safe_teleop_slave_ws/install/safe_teleop_core/include/safe_teleop_core/safe_teleop_core/msg/detail/safety_zone__functions.h
-- Up-to-date: /workspaces/safe_teleop_slave_ws/install/safe_teleop_core/include/safe_teleop_core/safe_teleop_core/msg/detail/safety_status__type_support.h
-- Up-to-date: /workspaces/safe_teleop_slave_ws/install/safe_teleop_core/include/safe_teleop_core/safe_teleop_core/msg/detail/safety_status__functions.h
-- Up-to-date: /workspaces/safe_teleop_slave_ws/install/safe_teleop_core/include/safe_teleop_core/safe_teleop_core/msg/detail/object_status__functions.h
-- Up-to-date: /workspaces/safe_teleop_slave_ws/install/safe_teleop_core/include/safe_teleop_core/safe_teleop_core/msg/detail/dynamic_object__functions.c
-- Up-to-date: /workspaces/safe_teleop_slave_ws/install/safe_teleop_core/include/safe_teleop_core/safe_teleop_core/msg/detail/object_status__description.c
-- Up-to-date: /workspaces/safe_teleop_slave_ws/install/safe_teleop_core/include/safe_teleop_core/safe_teleop_core/msg/detail/dynamic_object__functions.h
-- Up-to-date: /workspaces/safe_teleop_slave_ws/install/safe_teleop_core/include/safe_teleop_core/safe_teleop_core/msg/detail/safety_zone__type_support.c
-- Up-to-date: /workspaces/safe_teleop_slave_ws/install/safe_teleop_core/include/safe_teleop_core/safe_teleop_core/msg/detail/dynamic_object__struct.h
-- Up-to-date: /workspaces/safe_teleop_slave_ws/install/safe_teleop_core/include/safe_teleop_core/safe_teleop_core/msg/detail/safety_zone__functions.c
-- Up-to-date: /workspaces/safe_teleop_slave_ws/install/safe_teleop_core/include/safe_teleop_core/safe_teleop_core/msg/detail/safety_zone__description.c
-- Up-to-date: /workspaces/safe_teleop_slave_ws/install/safe_teleop_core/include/safe_teleop_core/safe_teleop_core/msg/detail/safety_status__description.c
-- Up-to-date: /workspaces/safe_teleop_slave_ws/install/safe_teleop_core/include/safe_teleop_core/safe_teleop_core/msg/detail/collision_warning__description.c
-- Up-to-date: /workspaces/safe_teleop_slave_ws/install/safe_teleop_core/include/safe_teleop_core/safe_teleop_core/msg/detail/dynamic_object__type_support.c
-- Up-to-date: /workspaces/safe_teleop_slave_ws/install/safe_teleop_core/include/safe_teleop_core/safe_teleop_core/msg/detail/object_status__type_support.h
-- Up-to-date: /workspaces/safe_teleop_slave_ws/install/safe_teleop_core/include/safe_teleop_core/safe_teleop_core/msg/detail/object_status__type_support.c
-- Up-to-date: /workspaces/safe_teleop_slave_ws/install/safe_teleop_core/include/safe_teleop_core/safe_teleop_core/msg/detail/safety_status__struct.h
-- Up-to-date: /workspaces/safe_teleop_slave_ws/install/safe_teleop_core/include/safe_teleop_core/safe_teleop_core/msg/detail/collision_warning__functions.c
-- Up-to-date: /workspaces/safe_teleop_slave_ws/install/safe_teleop_core/include/safe_teleop_core/safe_teleop_core/msg/detail/object_status__functions.c
-- Up-to-date: /workspaces/safe_teleop_slave_ws/install/safe_teleop_core/include/safe_teleop_core/safe_teleop_core/msg/detail/safety_status__functions.c
-- Up-to-date: /workspaces/safe_teleop_slave_ws/install/safe_teleop_core/include/safe_teleop_core/safe_teleop_core/msg/detail/collision_warning__type_support.h
-- Up-to-date: /workspaces/safe_teleop_slave_ws/install/safe_teleop_core/include/safe_teleop_core/safe_teleop_core/msg/detail/safety_zone__type_support.h
-- Up-to-date: /workspaces/safe_teleop_slave_ws/install/safe_teleop_core/include/safe_teleop_core/safe_teleop_core/msg/detail/safety_status__type_support.c
-- Up-to-date: /workspaces/safe_teleop_slave_ws/install/safe_teleop_core/include/safe_teleop_core/safe_teleop_core/msg/detail/collision_warning__type_support.c
-- Up-to-date: /workspaces/safe_teleop_slave_ws/install/safe_teleop_core/include/safe_teleop_core/safe_teleop_core/msg/detail/collision_warning__functions.h
-- Up-to-date: /workspaces/safe_teleop_slave_ws/install/safe_teleop_core/include/safe_teleop_core/safe_teleop_core/msg/detail/dynamic_object__type_support.h
-- Up-to-date: /workspaces/safe_teleop_slave_ws/install/safe_teleop_core/include/safe_teleop_core/safe_teleop_core/msg/detail/collision_warning__struct.h
-- Up-to-date: /workspaces/safe_teleop_slave_ws/install/safe_teleop_core/include/safe_teleop_core/safe_teleop_core/msg/detail/object_status__struct.h
-- Up-to-date: /workspaces/safe_teleop_slave_ws/install/safe_teleop_core/include/safe_teleop_core/safe_teleop_core/msg/object_status.h
-- Up-to-date: /workspaces/safe_teleop_slave_ws/install/safe_teleop_core/include/safe_teleop_core/safe_teleop_core/msg/collision_warning.h
-- Up-to-date: /workspaces/safe_teleop_slave_ws/install/safe_teleop_core/include/safe_teleop_core/safe_teleop_core/msg/rosidl_generator_c__visibility_control.h
-- Up-to-date: /workspaces/safe_teleop_slave_ws/install/safe_teleop_core/include/safe_teleop_core/safe_teleop_core/msg/safety_zone.h
-- Up-to-date: /workspaces/safe_teleop_slave_ws/install/safe_teleop_core/include/safe_teleop_core/safe_teleop_core/srv
-- Up-to-date: /workspaces/safe_teleop_slave_ws/install/safe_teleop_core/include/safe_teleop_core/safe_teleop_core/srv/activate_object.h
-- Up-to-date: /workspaces/safe_teleop_slave_ws/install/safe_teleop_core/include/safe_teleop_core/safe_teleop_core/srv/update_safety_map.h
-- Up-to-date: /workspaces/safe_teleop_slave_ws/install/safe_teleop_core/include/safe_teleop_core/safe_teleop_core/srv/detail
-- Up-to-date: /workspaces/safe_teleop_slave_ws/install/safe_teleop_core/include/safe_teleop_core/safe_teleop_core/srv/detail/activate_object__type_support.h
-- Up-to-date: /workspaces/safe_teleop_slave_ws/install/safe_teleop_core/include/safe_teleop_core/safe_teleop_core/srv/detail/update_safety_map__struct.h
-- Up-to-date: /workspaces/safe_teleop_slave_ws/install/safe_teleop_core/include/safe_teleop_core/safe_teleop_core/srv/detail/activate_object__functions.c
-- Up-to-date: /workspaces/safe_teleop_slave_ws/install/safe_teleop_core/include/safe_teleop_core/safe_teleop_core/srv/detail/activate_object__struct.h
-- Up-to-date: /workspaces/safe_teleop_slave_ws/install/safe_teleop_core/include/safe_teleop_core/safe_teleop_core/srv/detail/update_safety_map__description.c
-- Up-to-date: /workspaces/safe_teleop_slave_ws/install/safe_teleop_core/include/safe_teleop_core/safe_teleop_core/srv/detail/update_safety_map__functions.h
-- Up-to-date: /workspaces/safe_teleop_slave_ws/install/safe_teleop_core/include/safe_teleop_core/safe_teleop_core/srv/detail/update_safety_map__functions.c
-- Up-to-date: /workspaces/safe_teleop_slave_ws/install/safe_teleop_core/include/safe_teleop_core/safe_teleop_core/srv/detail/activate_object__functions.h
-- Up-to-date: /workspaces/safe_teleop_slave_ws/install/safe_teleop_core/include/safe_teleop_core/safe_teleop_core/srv/detail/update_safety_map__type_support.c
-- Up-to-date: /workspaces/safe_teleop_slave_ws/install/safe_teleop_core/include/safe_teleop_core/safe_teleop_core/srv/detail/update_safety_map__type_support.h
-- Up-to-date: /workspaces/safe_teleop_slave_ws/install/safe_teleop_core/include/safe_teleop_core/safe_teleop_core/srv/detail/activate_object__description.c
-- Up-to-date: /workspaces/safe_teleop_slave_ws/install/safe_teleop_core/include/safe_teleop_core/safe_teleop_core/srv/detail/activate_object__type_support.c
-- Up-to-date: /workspaces/safe_teleop_slave_ws/install/safe_teleop_core/share/safe_teleop_core/environment/library_path.sh
-- Up-to-date: /workspaces/safe_teleop_slave_ws/install/safe_teleop_core/share/safe_teleop_core/environment/library_path.dsv
-- Installing: /workspaces/safe_teleop_slave_ws/install/safe_teleop_core/lib/libsafe_teleop_core__rosidl_generator_c.so
-- Set non-toolchain portion of runtime path of "/workspaces/safe_teleop_slave_ws/install/safe_teleop_core/lib/libsafe_teleop_core__rosidl_generator_c.so" to ""
-- Up-to-date: /workspaces/safe_teleop_slave_ws/install/safe_teleop_core/include/safe_teleop_core/safe_teleop_core
-- Up-to-date: /workspaces/safe_teleop_slave_ws/install/safe_teleop_core/include/safe_teleop_core/safe_teleop_core/msg
-- Up-to-date: /workspaces/safe_teleop_slave_ws/install/safe_teleop_core/include/safe_teleop_core/safe_teleop_core/msg/detail
-- Up-to-date: /workspaces/safe_teleop_slave_ws/install/safe_teleop_core/include/safe_teleop_core/safe_teleop_core/msg/detail/dynamic_object__rosidl_typesupport_fastrtps_c.h
-- Up-to-date: /workspaces/safe_teleop_slave_ws/install/safe_teleop_core/include/safe_teleop_core/safe_teleop_core/msg/detail/collision_warning__rosidl_typesupport_fastrtps_c.h
-- Up-to-date: /workspaces/safe_teleop_slave_ws/install/safe_teleop_core/include/safe_teleop_core/safe_teleop_core/msg/detail/object_status__rosidl_typesupport_fastrtps_c.h
-- Up-to-date: /workspaces/safe_teleop_slave_ws/install/safe_teleop_core/include/safe_teleop_core/safe_teleop_core/msg/detail/safety_zone__rosidl_typesupport_fastrtps_c.h
-- Up-to-date: /workspaces/safe_teleop_slave_ws/install/safe_teleop_core/include/safe_teleop_core/safe_teleop_core/msg/detail/safety_status__rosidl_typesupport_fastrtps_c.h
-- Up-to-date: /workspaces/safe_teleop_slave_ws/install/safe_teleop_core/include/safe_teleop_core/safe_teleop_core/msg/rosidl_typesupport_fastrtps_c__visibility_control.h
-- Up-to-date: /workspaces/safe_teleop_slave_ws/install/safe_teleop_core/include/safe_teleop_core/safe_teleop_core/srv
-- Up-to-date: /workspaces/safe_teleop_slave_ws/install/safe_teleop_core/include/safe_teleop_core/safe_teleop_core/srv/detail
-- Up-to-date: /workspaces/safe_teleop_slave_ws/install/safe_teleop_core/include/safe_teleop_core/safe_teleop_core/srv/detail/update_safety_map__rosidl_typesupport_fastrtps_c.h
-- Up-to-date: /workspaces/safe_teleop_slave_ws/install/safe_teleop_core/include/safe_teleop_core/safe_teleop_core/srv/detail/activate_object__rosidl_typesupport_fastrtps_c.h
-- Installing: /workspaces/safe_teleop_slave_ws/install/safe_teleop_core/lib/libsafe_teleop_core__rosidl_typesupport_fastrtps_c.so
-- Set non-toolchain portion of runtime path of "/workspaces/safe_teleop_slave_ws/install/safe_teleop_core/lib/libsafe_teleop_core__rosidl_typesupport_fastrtps_c.so" to ""
-- Up-to-date: /workspaces/safe_teleop_slave_ws/install/safe_teleop_core/include/safe_teleop_core/safe_teleop_core
-- Up-to-date: /workspaces/safe_teleop_slave_ws/install/safe_teleop_core/include/safe_teleop_core/safe_teleop_core/msg
-- Up-to-date: /workspaces/safe_teleop_slave_ws/install/safe_teleop_core/include/safe_teleop_core/safe_teleop_core/msg/detail
-- Up-to-date: /workspaces/safe_teleop_slave_ws/install/safe_teleop_core/include/safe_teleop_core/safe_teleop_core/msg/detail/safety_zone__rosidl_typesupport_introspection_c.h
-- Up-to-date: /workspaces/safe_teleop_slave_ws/install/safe_teleop_core/include/safe_teleop_core/safe_teleop_core/msg/detail/dynamic_object__rosidl_typesupport_introspection_c.h
-- Up-to-date: /workspaces/safe_teleop_slave_ws/install/safe_teleop_core/include/safe_teleop_core/safe_teleop_core/msg/detail/safety_zone__type_support.c
-- Up-to-date: /workspaces/safe_teleop_slave_ws/install/safe_teleop_core/include/safe_teleop_core/safe_teleop_core/msg/detail/collision_warning__rosidl_typesupport_introspection_c.h
-- Up-to-date: /workspaces/safe_teleop_slave_ws/install/safe_teleop_core/include/safe_teleop_core/safe_teleop_core/msg/detail/safety_status__rosidl_typesupport_introspection_c.h
-- Up-to-date: /workspaces/safe_teleop_slave_ws/install/safe_teleop_core/include/safe_teleop_core/safe_teleop_core/msg/detail/dynamic_object__type_support.c
-- Up-to-date: /workspaces/safe_teleop_slave_ws/install/safe_teleop_core/include/safe_teleop_core/safe_teleop_core/msg/detail/object_status__type_support.c
-- Up-to-date: /workspaces/safe_teleop_slave_ws/install/safe_teleop_core/include/safe_teleop_core/safe_teleop_core/msg/detail/safety_status__type_support.c
-- Up-to-date: /workspaces/safe_teleop_slave_ws/install/safe_teleop_core/include/safe_teleop_core/safe_teleop_core/msg/detail/collision_warning__type_support.c
-- Up-to-date: /workspaces/safe_teleop_slave_ws/install/safe_teleop_core/include/safe_teleop_core/safe_teleop_core/msg/detail/object_status__rosidl_typesupport_introspection_c.h
-- Up-to-date: /workspaces/safe_teleop_slave_ws/install/safe_teleop_core/include/safe_teleop_core/safe_teleop_core/msg/rosidl_typesupport_introspection_c__visibility_control.h
-- Up-to-date: /workspaces/safe_teleop_slave_ws/install/safe_teleop_core/include/safe_teleop_core/safe_teleop_core/srv
-- Up-to-date: /workspaces/safe_teleop_slave_ws/install/safe_teleop_core/include/safe_teleop_core/safe_teleop_core/srv/detail
-- Up-to-date: /workspaces/safe_teleop_slave_ws/install/safe_teleop_core/include/safe_teleop_core/safe_teleop_core/srv/detail/update_safety_map__type_support.c
-- Up-to-date: /workspaces/safe_teleop_slave_ws/install/safe_teleop_core/include/safe_teleop_core/safe_teleop_core/srv/detail/activate_object__rosidl_typesupport_introspection_c.h
-- Up-to-date: /workspaces/safe_teleop_slave_ws/install/safe_teleop_core/include/safe_teleop_core/safe_teleop_core/srv/detail/update_safety_map__rosidl_typesupport_introspection_c.h
-- Up-to-date: /workspaces/safe_teleop_slave_ws/install/safe_teleop_core/include/safe_teleop_core/safe_teleop_core/srv/detail/activate_object__type_support.c
-- Installing: /workspaces/safe_teleop_slave_ws/install/safe_teleop_core/lib/libsafe_teleop_core__rosidl_typesupport_introspection_c.so
-- Set non-toolchain portion of runtime path of "/workspaces/safe_teleop_slave_ws/install/safe_teleop_core/lib/libsafe_teleop_core__rosidl_typesupport_introspection_c.so" to ""
-- Installing: /workspaces/safe_teleop_slave_ws/install/safe_teleop_core/lib/libsafe_teleop_core__rosidl_typesupport_c.so
-- Set non-toolchain portion of runtime path of "/workspaces/safe_teleop_slave_ws/install/safe_teleop_core/lib/libsafe_teleop_core__rosidl_typesupport_c.so" to ""
-- Up-to-date: /workspaces/safe_teleop_slave_ws/install/safe_teleop_core/include/safe_teleop_core/safe_teleop_core
-- Up-to-date: /workspaces/safe_teleop_slave_ws/install/safe_teleop_core/include/safe_teleop_core/safe_teleop_core/msg
-- Up-to-date: /workspaces/safe_teleop_slave_ws/install/safe_teleop_core/include/safe_teleop_core/safe_teleop_core/msg/safety_status.hpp
-- Up-to-date: /workspaces/safe_teleop_slave_ws/install/safe_teleop_core/include/safe_teleop_core/safe_teleop_core/msg/rosidl_generator_cpp__visibility_control.hpp
-- Up-to-date: /workspaces/safe_teleop_slave_ws/install/safe_teleop_core/include/safe_teleop_core/safe_teleop_core/msg/object_status.hpp
-- Up-to-date: /workspaces/safe_teleop_slave_ws/install/safe_teleop_core/include/safe_teleop_core/safe_teleop_core/msg/detail
-- Up-to-date: /workspaces/safe_teleop_slave_ws/install/safe_teleop_core/include/safe_teleop_core/safe_teleop_core/msg/detail/safety_zone__type_support.hpp
-- Up-to-date: /workspaces/safe_teleop_slave_ws/install/safe_teleop_core/include/safe_teleop_core/safe_teleop_core/msg/detail/safety_status__struct.hpp
-- Up-to-date: /workspaces/safe_teleop_slave_ws/install/safe_teleop_core/include/safe_teleop_core/safe_teleop_core/msg/detail/dynamic_object__builder.hpp
-- Up-to-date: /workspaces/safe_teleop_slave_ws/install/safe_teleop_core/include/safe_teleop_core/safe_teleop_core/msg/detail/safety_zone__struct.hpp
-- Up-to-date: /workspaces/safe_teleop_slave_ws/install/safe_teleop_core/include/safe_teleop_core/safe_teleop_core/msg/detail/collision_warning__builder.hpp
-- Up-to-date: /workspaces/safe_teleop_slave_ws/install/safe_teleop_core/include/safe_teleop_core/safe_teleop_core/msg/detail/collision_warning__traits.hpp
-- Up-to-date: /workspaces/safe_teleop_slave_ws/install/safe_teleop_core/include/safe_teleop_core/safe_teleop_core/msg/detail/safety_status__builder.hpp
-- Up-to-date: /workspaces/safe_teleop_slave_ws/install/safe_teleop_core/include/safe_teleop_core/safe_teleop_core/msg/detail/safety_status__type_support.hpp
-- Up-to-date: /workspaces/safe_teleop_slave_ws/install/safe_teleop_core/include/safe_teleop_core/safe_teleop_core/msg/detail/object_status__struct.hpp
-- Up-to-date: /workspaces/safe_teleop_slave_ws/install/safe_teleop_core/include/safe_teleop_core/safe_teleop_core/msg/detail/object_status__type_support.hpp
-- Up-to-date: /workspaces/safe_teleop_slave_ws/install/safe_teleop_core/include/safe_teleop_core/safe_teleop_core/msg/detail/object_status__traits.hpp
-- Up-to-date: /workspaces/safe_teleop_slave_ws/install/safe_teleop_core/include/safe_teleop_core/safe_teleop_core/msg/detail/collision_warning__struct.hpp
-- Up-to-date: /workspaces/safe_teleop_slave_ws/install/safe_teleop_core/include/safe_teleop_core/safe_teleop_core/msg/detail/object_status__builder.hpp
-- Up-to-date: /workspaces/safe_teleop_slave_ws/install/safe_teleop_core/include/safe_teleop_core/safe_teleop_core/msg/detail/safety_zone__builder.hpp
-- Up-to-date: /workspaces/safe_teleop_slave_ws/install/safe_teleop_core/include/safe_teleop_core/safe_teleop_core/msg/detail/safety_status__traits.hpp
-- Up-to-date: /workspaces/safe_teleop_slave_ws/install/safe_teleop_core/include/safe_teleop_core/safe_teleop_core/msg/detail/dynamic_object__struct.hpp
-- Up-to-date: /workspaces/safe_teleop_slave_ws/install/safe_teleop_core/include/safe_teleop_core/safe_teleop_core/msg/detail/safety_zone__traits.hpp
-- Up-to-date: /workspaces/safe_teleop_slave_ws/install/safe_teleop_core/include/safe_teleop_core/safe_teleop_core/msg/detail/dynamic_object__type_support.hpp
-- Up-to-date: /workspaces/safe_teleop_slave_ws/install/safe_teleop_core/include/safe_teleop_core/safe_teleop_core/msg/detail/collision_warning__type_support.hpp
-- Up-to-date: /workspaces/safe_teleop_slave_ws/install/safe_teleop_core/include/safe_teleop_core/safe_teleop_core/msg/detail/dynamic_object__traits.hpp
-- Up-to-date: /workspaces/safe_teleop_slave_ws/install/safe_teleop_core/include/safe_teleop_core/safe_teleop_core/msg/collision_warning.hpp
-- Up-to-date: /workspaces/safe_teleop_slave_ws/install/safe_teleop_core/include/safe_teleop_core/safe_teleop_core/msg/safety_zone.hpp
-- Up-to-date: /workspaces/safe_teleop_slave_ws/install/safe_teleop_core/include/safe_teleop_core/safe_teleop_core/msg/dynamic_object.hpp
-- Up-to-date: /workspaces/safe_teleop_slave_ws/install/safe_teleop_core/include/safe_teleop_core/safe_teleop_core/srv
-- Up-to-date: /workspaces/safe_teleop_slave_ws/install/safe_teleop_core/include/safe_teleop_core/safe_teleop_core/srv/detail
-- Up-to-date: /workspaces/safe_teleop_slave_ws/install/safe_teleop_core/include/safe_teleop_core/safe_teleop_core/srv/detail/update_safety_map__struct.hpp
-- Up-to-date: /workspaces/safe_teleop_slave_ws/install/safe_teleop_core/include/safe_teleop_core/safe_teleop_core/srv/detail/update_safety_map__builder.hpp
-- Up-to-date: /workspaces/safe_teleop_slave_ws/install/safe_teleop_core/include/safe_teleop_core/safe_teleop_core/srv/detail/update_safety_map__type_support.hpp
-- Up-to-date: /workspaces/safe_teleop_slave_ws/install/safe_teleop_core/include/safe_teleop_core/safe_teleop_core/srv/detail/activate_object__traits.hpp
-- Up-to-date: /workspaces/safe_teleop_slave_ws/install/safe_teleop_core/include/safe_teleop_core/safe_teleop_core/srv/detail/activate_object__builder.hpp
-- Up-to-date: /workspaces/safe_teleop_slave_ws/install/safe_teleop_core/include/safe_teleop_core/safe_teleop_core/srv/detail/update_safety_map__traits.hpp
-- Up-to-date: /workspaces/safe_teleop_slave_ws/install/safe_teleop_core/include/safe_teleop_core/safe_teleop_core/srv/detail/activate_object__struct.hpp
-- Up-to-date: /workspaces/safe_teleop_slave_ws/install/safe_teleop_core/include/safe_teleop_core/safe_teleop_core/srv/detail/activate_object__type_support.hpp
-- Up-to-date: /workspaces/safe_teleop_slave_ws/install/safe_teleop_core/include/safe_teleop_core/safe_teleop_core/srv/activate_object.hpp
-- Up-to-date: /workspaces/safe_teleop_slave_ws/install/safe_teleop_core/include/safe_teleop_core/safe_teleop_core/srv/update_safety_map.hpp
-- Up-to-date: /workspaces/safe_teleop_slave_ws/install/safe_teleop_core/include/safe_teleop_core/safe_teleop_core
-- Up-to-date: /workspaces/safe_teleop_slave_ws/install/safe_teleop_core/include/safe_teleop_core/safe_teleop_core/msg
-- Up-to-date: /workspaces/safe_teleop_slave_ws/install/safe_teleop_core/include/safe_teleop_core/safe_teleop_core/msg/detail
-- Up-to-date: /workspaces/safe_teleop_slave_ws/install/safe_teleop_core/include/safe_teleop_core/safe_teleop_core/msg/detail/collision_warning__rosidl_typesupport_fastrtps_cpp.hpp
-- Up-to-date: /workspaces/safe_teleop_slave_ws/install/safe_teleop_core/include/safe_teleop_core/safe_teleop_core/msg/detail/safety_status__rosidl_typesupport_fastrtps_cpp.hpp
-- Up-to-date: /workspaces/safe_teleop_slave_ws/install/safe_teleop_core/include/safe_teleop_core/safe_teleop_core/msg/detail/dds_fastrtps
-- Up-to-date: /workspaces/safe_teleop_slave_ws/install/safe_teleop_core/include/safe_teleop_core/safe_teleop_core/msg/detail/safety_zone__rosidl_typesupport_fastrtps_cpp.hpp
-- Up-to-date: /workspaces/safe_teleop_slave_ws/install/safe_teleop_core/include/safe_teleop_core/safe_teleop_core/msg/detail/dynamic_object__rosidl_typesupport_fastrtps_cpp.hpp
-- Up-to-date: /workspaces/safe_teleop_slave_ws/install/safe_teleop_core/include/safe_teleop_core/safe_teleop_core/msg/detail/object_status__rosidl_typesupport_fastrtps_cpp.hpp
-- Up-to-date: /workspaces/safe_teleop_slave_ws/install/safe_teleop_core/include/safe_teleop_core/safe_teleop_core/msg/rosidl_typesupport_fastrtps_cpp__visibility_control.h
-- Up-to-date: /workspaces/safe_teleop_slave_ws/install/safe_teleop_core/include/safe_teleop_core/safe_teleop_core/srv
-- Up-to-date: /workspaces/safe_teleop_slave_ws/install/safe_teleop_core/include/safe_teleop_core/safe_teleop_core/srv/detail
-- Up-to-date: /workspaces/safe_teleop_slave_ws/install/safe_teleop_core/include/safe_teleop_core/safe_teleop_core/srv/detail/dds_fastrtps
-- Up-to-date: /workspaces/safe_teleop_slave_ws/install/safe_teleop_core/include/safe_teleop_core/safe_teleop_core/srv/detail/update_safety_map__rosidl_typesupport_fastrtps_cpp.hpp
-- Up-to-date: /workspaces/safe_teleop_slave_ws/install/safe_teleop_core/include/safe_teleop_core/safe_teleop_core/srv/detail/activate_object__rosidl_typesupport_fastrtps_cpp.hpp
-- Installing: /workspaces/safe_teleop_slave_ws/install/safe_teleop_core/lib/libsafe_teleop_core__rosidl_typesupport_fastrtps_cpp.so
-- Set non-toolchain portion of runtime path of "/workspaces/safe_teleop_slave_ws/install/safe_teleop_core/lib/libsafe_teleop_core__rosidl_typesupport_fastrtps_cpp.so" to ""
-- Up-to-date: /workspaces/safe_teleop_slave_ws/install/safe_teleop_core/include/safe_teleop_core/safe_teleop_core
-- Up-to-date: /workspaces/safe_teleop_slave_ws/install/safe_teleop_core/include/safe_teleop_core/safe_teleop_core/msg
-- Up-to-date: /workspaces/safe_teleop_slave_ws/install/safe_teleop_core/include/safe_teleop_core/safe_teleop_core/msg/detail
-- Up-to-date: /workspaces/safe_teleop_slave_ws/install/safe_teleop_core/include/safe_teleop_core/safe_teleop_core/msg/detail/safety_zone__type_support.cpp
-- Up-to-date: /workspaces/safe_teleop_slave_ws/install/safe_teleop_core/include/safe_teleop_core/safe_teleop_core/msg/detail/safety_status__rosidl_typesupport_introspection_cpp.hpp
-- Up-to-date: /workspaces/safe_teleop_slave_ws/install/safe_teleop_core/include/safe_teleop_core/safe_teleop_core/msg/detail/dynamic_object__type_support.cpp
-- Up-to-date: /workspaces/safe_teleop_slave_ws/install/safe_teleop_core/include/safe_teleop_core/safe_teleop_core/msg/detail/safety_status__type_support.cpp
-- Up-to-date: /workspaces/safe_teleop_slave_ws/install/safe_teleop_core/include/safe_teleop_core/safe_teleop_core/msg/detail/object_status__type_support.cpp
-- Up-to-date: /workspaces/safe_teleop_slave_ws/install/safe_teleop_core/include/safe_teleop_core/safe_teleop_core/msg/detail/safety_zone__rosidl_typesupport_introspection_cpp.hpp
-- Up-to-date: /workspaces/safe_teleop_slave_ws/install/safe_teleop_core/include/safe_teleop_core/safe_teleop_core/msg/detail/dynamic_object__rosidl_typesupport_introspection_cpp.hpp
-- Up-to-date: /workspaces/safe_teleop_slave_ws/install/safe_teleop_core/include/safe_teleop_core/safe_teleop_core/msg/detail/object_status__rosidl_typesupport_introspection_cpp.hpp
-- Up-to-date: /workspaces/safe_teleop_slave_ws/install/safe_teleop_core/include/safe_teleop_core/safe_teleop_core/msg/detail/collision_warning__type_support.cpp
-- Up-to-date: /workspaces/safe_teleop_slave_ws/install/safe_teleop_core/include/safe_teleop_core/safe_teleop_core/msg/detail/collision_warning__rosidl_typesupport_introspection_cpp.hpp
-- Up-to-date: /workspaces/safe_teleop_slave_ws/install/safe_teleop_core/include/safe_teleop_core/safe_teleop_core/srv
-- Up-to-date: /workspaces/safe_teleop_slave_ws/install/safe_teleop_core/include/safe_teleop_core/safe_teleop_core/srv/detail
-- Up-to-date: /workspaces/safe_teleop_slave_ws/install/safe_teleop_core/include/safe_teleop_core/safe_teleop_core/srv/detail/activate_object__rosidl_typesupport_introspection_cpp.hpp
-- Up-to-date: /workspaces/safe_teleop_slave_ws/install/safe_teleop_core/include/safe_teleop_core/safe_teleop_core/srv/detail/update_safety_map__rosidl_typesupport_introspection_cpp.hpp
-- Up-to-date: /workspaces/safe_teleop_slave_ws/install/safe_teleop_core/include/safe_teleop_core/safe_teleop_core/srv/detail/activate_object__type_support.cpp
-- Up-to-date: /workspaces/safe_teleop_slave_ws/install/safe_teleop_core/include/safe_teleop_core/safe_teleop_core/srv/detail/update_safety_map__type_support.cpp
-- Installing: /workspaces/safe_teleop_slave_ws/install/safe_teleop_core/lib/libsafe_teleop_core__rosidl_typesupport_introspection_cpp.so
-- Set non-toolchain portion of runtime path of "/workspaces/safe_teleop_slave_ws/install/safe_teleop_core/lib/libsafe_teleop_core__rosidl_typesupport_introspection_cpp.so" to ""
-- Installing: /workspaces/safe_teleop_slave_ws/install/safe_teleop_core/lib/libsafe_teleop_core__rosidl_typesupport_cpp.so
-- Set non-toolchain portion of runtime path of "/workspaces/safe_teleop_slave_ws/install/safe_teleop_core/lib/libsafe_teleop_core__rosidl_typesupport_cpp.so" to ""
-- Up-to-date: /workspaces/safe_teleop_slave_ws/install/safe_teleop_core/share/safe_teleop_core/environment/pythonpath.sh
-- Up-to-date: /workspaces/safe_teleop_slave_ws/install/safe_teleop_core/share/safe_teleop_core/environment/pythonpath.dsv
-- Up-to-date: /workspaces/safe_teleop_slave_ws/install/safe_teleop_core/lib/python3.12/site-packages/safe_teleop_core-0.1.0-py3.12.egg-info
-- Installing: /workspaces/safe_teleop_slave_ws/install/safe_teleop_core/lib/python3.12/site-packages/safe_teleop_core-0.1.0-py3.12.egg-info/dependency_links.txt
-- Installing: /workspaces/safe_teleop_slave_ws/install/safe_teleop_core/lib/python3.12/site-packages/safe_teleop_core-0.1.0-py3.12.egg-info/SOURCES.txt
-- Installing: /workspaces/safe_teleop_slave_ws/install/safe_teleop_core/lib/python3.12/site-packages/safe_teleop_core-0.1.0-py3.12.egg-info/top_level.txt
-- Installing: /workspaces/safe_teleop_slave_ws/install/safe_teleop_core/lib/python3.12/site-packages/safe_teleop_core-0.1.0-py3.12.egg-info/PKG-INFO
-- Up-to-date: /workspaces/safe_teleop_slave_ws/install/safe_teleop_core/lib/python3.12/site-packages/safe_teleop_core
-- Up-to-date: /workspaces/safe_teleop_slave_ws/install/safe_teleop_core/lib/python3.12/site-packages/safe_teleop_core/_safe_teleop_core_s.ep.rosidl_typesupport_fastrtps_c.c
-- Installing: /workspaces/safe_teleop_slave_ws/install/safe_teleop_core/lib/python3.12/site-packages/safe_teleop_core/safe_teleop_core_s__rosidl_typesupport_fastrtps_c.so
-- Installing: /workspaces/safe_teleop_slave_ws/install/safe_teleop_core/lib/python3.12/site-packages/safe_teleop_core/safe_teleop_core_s__rosidl_typesupport_c.so
-- Up-to-date: /workspaces/safe_teleop_slave_ws/install/safe_teleop_core/lib/python3.12/site-packages/safe_teleop_core/_safe_teleop_core_s.ep.rosidl_typesupport_c.c
-- Up-to-date: /workspaces/safe_teleop_slave_ws/install/safe_teleop_core/lib/python3.12/site-packages/safe_teleop_core/msg
-- Up-to-date: /workspaces/safe_teleop_slave_ws/install/safe_teleop_core/lib/python3.12/site-packages/safe_teleop_core/msg/_safety_zone_s.c
-- Up-to-date: /workspaces/safe_teleop_slave_ws/install/safe_teleop_core/lib/python3.12/site-packages/safe_teleop_core/msg/_dynamic_object.py
-- Up-to-date: /workspaces/safe_teleop_slave_ws/install/safe_teleop_core/lib/python3.12/site-packages/safe_teleop_core/msg/_dynamic_object_s.c
-- Up-to-date: /workspaces/safe_teleop_slave_ws/install/safe_teleop_core/lib/python3.12/site-packages/safe_teleop_core/msg/_safety_status.py
-- Up-to-date: /workspaces/safe_teleop_slave_ws/install/safe_teleop_core/lib/python3.12/site-packages/safe_teleop_core/msg/_safety_status_s.c
-- Up-to-date: /workspaces/safe_teleop_slave_ws/install/safe_teleop_core/lib/python3.12/site-packages/safe_teleop_core/msg/_collision_warning_s.c
-- Up-to-date: /workspaces/safe_teleop_slave_ws/install/safe_teleop_core/lib/python3.12/site-packages/safe_teleop_core/msg/__init__.py
-- Up-to-date: /workspaces/safe_teleop_slave_ws/install/safe_teleop_core/lib/python3.12/site-packages/safe_teleop_core/msg/_object_status.py
-- Up-to-date: /workspaces/safe_teleop_slave_ws/install/safe_teleop_core/lib/python3.12/site-packages/safe_teleop_core/msg/_safety_zone.py
-- Up-to-date: /workspaces/safe_teleop_slave_ws/install/safe_teleop_core/lib/python3.12/site-packages/safe_teleop_core/msg/_collision_warning.py
-- Up-to-date: /workspaces/safe_teleop_slave_ws/install/safe_teleop_core/lib/python3.12/site-packages/safe_teleop_core/msg/_object_status_s.c
-- Installing: /workspaces/safe_teleop_slave_ws/install/safe_teleop_core/lib/python3.12/site-packages/safe_teleop_core/__init__.py
-- Up-to-date: /workspaces/safe_teleop_slave_ws/install/safe_teleop_core/lib/python3.12/site-packages/safe_teleop_core/srv
-- Up-to-date: /workspaces/safe_teleop_slave_ws/install/safe_teleop_core/lib/python3.12/site-packages/safe_teleop_core/srv/_activate_object.py
-- Up-to-date: /workspaces/safe_teleop_slave_ws/install/safe_teleop_core/lib/python3.12/site-packages/safe_teleop_core/srv/_update_safety_map.py
-- Up-to-date: /workspaces/safe_teleop_slave_ws/install/safe_teleop_core/lib/python3.12/site-packages/safe_teleop_core/srv/_activate_object_s.c
-- Up-to-date: /workspaces/safe_teleop_slave_ws/install/safe_teleop_core/lib/python3.12/site-packages/safe_teleop_core/srv/__init__.py
-- Up-to-date: /workspaces/safe_teleop_slave_ws/install/safe_teleop_core/lib/python3.12/site-packages/safe_teleop_core/srv/_update_safety_map_s.c
-- Installing: /workspaces/safe_teleop_slave_ws/install/safe_teleop_core/lib/python3.12/site-packages/safe_teleop_core/safe_teleop_core_s__rosidl_typesupport_introspection_c.so
-- Up-to-date: /workspaces/safe_teleop_slave_ws/install/safe_teleop_core/lib/python3.12/site-packages/safe_teleop_core/_safe_teleop_core_s.ep.rosidl_typesupport_introspection_c.c
Listing '/workspaces/safe_teleop_slave_ws/install/safe_teleop_core/lib/python3.12/site-packages/safe_teleop_core'...
Compiling '/workspaces/safe_teleop_slave_ws/install/safe_teleop_core/lib/python3.12/site-packages/safe_teleop_core/__init__.py'...
Listing '/workspaces/safe_teleop_slave_ws/install/safe_teleop_core/lib/python3.12/site-packages/safe_teleop_core/msg'...
Listing '/workspaces/safe_teleop_slave_ws/install/safe_teleop_core/lib/python3.12/site-packages/safe_teleop_core/srv'...
-- Installing: /workspaces/safe_teleop_slave_ws/install/safe_teleop_core/lib/python3.12/site-packages/safe_teleop_core/safe_teleop_core_s__rosidl_typesupport_fastrtps_c.so
-- Set non-toolchain portion of runtime path of "/workspaces/safe_teleop_slave_ws/install/safe_teleop_core/lib/python3.12/site-packages/safe_teleop_core/safe_teleop_core_s__rosidl_typesupport_fastrtps_c.so" to ""
-- Installing: /workspaces/safe_teleop_slave_ws/install/safe_teleop_core/lib/python3.12/site-packages/safe_teleop_core/safe_teleop_core_s__rosidl_typesupport_introspection_c.so
-- Set non-toolchain portion of runtime path of "/workspaces/safe_teleop_slave_ws/install/safe_teleop_core/lib/python3.12/site-packages/safe_teleop_core/safe_teleop_core_s__rosidl_typesupport_introspection_c.so" to ""
-- Installing: /workspaces/safe_teleop_slave_ws/install/safe_teleop_core/lib/python3.12/site-packages/safe_teleop_core/safe_teleop_core_s__rosidl_typesupport_c.so
-- Set non-toolchain portion of runtime path of "/workspaces/safe_teleop_slave_ws/install/safe_teleop_core/lib/python3.12/site-packages/safe_teleop_core/safe_teleop_core_s__rosidl_typesupport_c.so" to ""
-- Installing: /workspaces/safe_teleop_slave_ws/install/safe_teleop_core/lib/libsafe_teleop_core__rosidl_generator_py.so
-- Set non-toolchain portion of runtime path of "/workspaces/safe_teleop_slave_ws/install/safe_teleop_core/lib/libsafe_teleop_core__rosidl_generator_py.so" to ""
-- Up-to-date: /workspaces/safe_teleop_slave_ws/install/safe_teleop_core/share/safe_teleop_core/msg/SafetyZone.idl
-- Up-to-date: /workspaces/safe_teleop_slave_ws/install/safe_teleop_core/share/safe_teleop_core/msg/ObjectStatus.idl
-- Up-to-date: /workspaces/safe_teleop_slave_ws/install/safe_teleop_core/share/safe_teleop_core/msg/CollisionWarning.idl
-- Up-to-date: /workspaces/safe_teleop_slave_ws/install/safe_teleop_core/share/safe_teleop_core/msg/DynamicObject.idl
-- Up-to-date: /workspaces/safe_teleop_slave_ws/install/safe_teleop_core/share/safe_teleop_core/msg/SafetyStatus.idl
-- Up-to-date: /workspaces/safe_teleop_slave_ws/install/safe_teleop_core/share/safe_teleop_core/srv/ActivateObject.idl
-- Up-to-date: /workspaces/safe_teleop_slave_ws/install/safe_teleop_core/share/safe_teleop_core/srv/UpdateSafetyMap.idl
-- Installing: /workspaces/safe_teleop_slave_ws/install/safe_teleop_core/share/safe_teleop_core/msg/SafetyZone.msg
-- Installing: /workspaces/safe_teleop_slave_ws/install/safe_teleop_core/share/safe_teleop_core/msg/ObjectStatus.msg
-- Installing: /workspaces/safe_teleop_slave_ws/install/safe_teleop_core/share/safe_teleop_core/msg/CollisionWarning.msg
-- Installing: /workspaces/safe_teleop_slave_ws/install/safe_teleop_core/share/safe_teleop_core/msg/DynamicObject.msg
-- Installing: /workspaces/safe_teleop_slave_ws/install/safe_teleop_core/share/safe_teleop_core/msg/SafetyStatus.msg
-- Installing: /workspaces/safe_teleop_slave_ws/install/safe_teleop_core/share/safe_teleop_core/srv/ActivateObject.srv
-- Installing: /workspaces/safe_teleop_slave_ws/install/safe_teleop_core/share/safe_teleop_core/srv/UpdateSafetyMap.srv
-- Up-to-date: /workspaces/safe_teleop_slave_ws/install/safe_teleop_core/include
-- Up-to-date: /workspaces/safe_teleop_slave_ws/install/safe_teleop_core/include/safe_teleop_core
-- Installing: /workspaces/safe_teleop_slave_ws/install/safe_teleop_core/include/safe_teleop_core/interfaces.hpp
-- Up-to-date: /workspaces/safe_teleop_slave_ws/install/safe_teleop_core/share/ament_index/resource_index/package_run_dependencies/safe_teleop_core
-- Up-to-date: /workspaces/safe_teleop_slave_ws/install/safe_teleop_core/share/ament_index/resource_index/parent_prefix_path/safe_teleop_core
-- Up-to-date: /workspaces/safe_teleop_slave_ws/install/safe_teleop_core/share/safe_teleop_core/environment/ament_prefix_path.sh
-- Up-to-date: /workspaces/safe_teleop_slave_ws/install/safe_teleop_core/share/safe_teleop_core/environment/ament_prefix_path.dsv
-- Up-to-date: /workspaces/safe_teleop_slave_ws/install/safe_teleop_core/share/safe_teleop_core/environment/path.sh
-- Up-to-date: /workspaces/safe_teleop_slave_ws/install/safe_teleop_core/share/safe_teleop_core/environment/path.dsv
-- Up-to-date: /workspaces/safe_teleop_slave_ws/install/safe_teleop_core/share/safe_teleop_core/local_setup.bash
-- Up-to-date: /workspaces/safe_teleop_slave_ws/install/safe_teleop_core/share/safe_teleop_core/local_setup.sh
-- Up-to-date: /workspaces/safe_teleop_slave_ws/install/safe_teleop_core/share/safe_teleop_core/local_setup.zsh
-- Up-to-date: /workspaces/safe_teleop_slave_ws/install/safe_teleop_core/share/safe_teleop_core/local_setup.dsv
-- Installing: /workspaces/safe_teleop_slave_ws/install/safe_teleop_core/share/safe_teleop_core/package.dsv
-- Up-to-date: /workspaces/safe_teleop_slave_ws/install/safe_teleop_core/share/ament_index/resource_index/packages/safe_teleop_core
-- Up-to-date: /workspaces/safe_teleop_slave_ws/install/safe_teleop_core/share/safe_teleop_core/cmake/export_safe_teleop_core__rosidl_generator_cExport.cmake
-- Installing: /workspaces/safe_teleop_slave_ws/install/safe_teleop_core/share/safe_teleop_core/cmake/export_safe_teleop_core__rosidl_generator_cExport-release.cmake
-- Up-to-date: /workspaces/safe_teleop_slave_ws/install/safe_teleop_core/share/safe_teleop_core/cmake/export_safe_teleop_core__rosidl_typesupport_fastrtps_cExport.cmake
-- Installing: /workspaces/safe_teleop_slave_ws/install/safe_teleop_core/share/safe_teleop_core/cmake/export_safe_teleop_core__rosidl_typesupport_fastrtps_cExport-release.cmake
-- Up-to-date: /workspaces/safe_teleop_slave_ws/install/safe_teleop_core/share/safe_teleop_core/cmake/safe_teleop_core__rosidl_typesupport_introspection_cExport.cmake
-- Installing: /workspaces/safe_teleop_slave_ws/install/safe_teleop_core/share/safe_teleop_core/cmake/safe_teleop_core__rosidl_typesupport_introspection_cExport-release.cmake
-- Up-to-date: /workspaces/safe_teleop_slave_ws/install/safe_teleop_core/share/safe_teleop_core/cmake/safe_teleop_core__rosidl_typesupport_cExport.cmake
-- Installing: /workspaces/safe_teleop_slave_ws/install/safe_teleop_core/share/safe_teleop_core/cmake/safe_teleop_core__rosidl_typesupport_cExport-release.cmake
-- Up-to-date: /workspaces/safe_teleop_slave_ws/install/safe_teleop_core/share/safe_teleop_core/cmake/export_safe_teleop_core__rosidl_generator_cppExport.cmake
-- Up-to-date: /workspaces/safe_teleop_slave_ws/install/safe_teleop_core/share/safe_teleop_core/cmake/export_safe_teleop_core__rosidl_typesupport_fastrtps_cppExport.cmake
-- Installing: /workspaces/safe_teleop_slave_ws/install/safe_teleop_core/share/safe_teleop_core/cmake/export_safe_teleop_core__rosidl_typesupport_fastrtps_cppExport-release.cmake
-- Up-to-date: /workspaces/safe_teleop_slave_ws/install/safe_teleop_core/share/safe_teleop_core/cmake/safe_teleop_core__rosidl_typesupport_introspection_cppExport.cmake
-- Installing: /workspaces/safe_teleop_slave_ws/install/safe_teleop_core/share/safe_teleop_core/cmake/safe_teleop_core__rosidl_typesupport_introspection_cppExport-release.cmake
-- Up-to-date: /workspaces/safe_teleop_slave_ws/install/safe_teleop_core/share/safe_teleop_core/cmake/safe_teleop_core__rosidl_typesupport_cppExport.cmake
-- Installing: /workspaces/safe_teleop_slave_ws/install/safe_teleop_core/share/safe_teleop_core/cmake/safe_teleop_core__rosidl_typesupport_cppExport-release.cmake
-- Up-to-date: /workspaces/safe_teleop_slave_ws/install/safe_teleop_core/share/safe_teleop_core/cmake/export_safe_teleop_core__rosidl_generator_pyExport.cmake
-- Installing: /workspaces/safe_teleop_slave_ws/install/safe_teleop_core/share/safe_teleop_core/cmake/export_safe_teleop_core__rosidl_generator_pyExport-release.cmake
-- Up-to-date: /workspaces/safe_teleop_slave_ws/install/safe_teleop_core/share/safe_teleop_core/cmake/rosidl_cmake-extras.cmake
-- Up-to-date: /workspaces/safe_teleop_slave_ws/install/safe_teleop_core/share/safe_teleop_core/cmake/ament_cmake_export_dependencies-extras.cmake
-- Up-to-date: /workspaces/safe_teleop_slave_ws/install/safe_teleop_core/share/safe_teleop_core/cmake/ament_cmake_export_include_directories-extras.cmake
-- Up-to-date: /workspaces/safe_teleop_slave_ws/install/safe_teleop_core/share/safe_teleop_core/cmake/ament_cmake_export_libraries-extras.cmake
-- Up-to-date: /workspaces/safe_teleop_slave_ws/install/safe_teleop_core/share/safe_teleop_core/cmake/ament_cmake_export_targets-extras.cmake
-- Up-to-date: /workspaces/safe_teleop_slave_ws/install/safe_teleop_core/share/safe_teleop_core/cmake/rosidl_cmake_export_typesupport_targets-extras.cmake
-- Up-to-date: /workspaces/safe_teleop_slave_ws/install/safe_teleop_core/share/safe_teleop_core/cmake/rosidl_cmake_export_typesupport_libraries-extras.cmake
-- Up-to-date: /workspaces/safe_teleop_slave_ws/install/safe_teleop_core/share/safe_teleop_core/cmake/safe_teleop_coreConfig.cmake
-- Up-to-date: /workspaces/safe_teleop_slave_ws/install/safe_teleop_core/share/safe_teleop_core/cmake/safe_teleop_coreConfig-version.cmake
-- Installing: /workspaces/safe_teleop_slave_ws/install/safe_teleop_core/share/safe_teleop_core/package.xml
