[0.006s] Invoking command in '/workspaces/safe_teleop_slave_ws/build/safe_teleop_core': CMAKE_PREFIX_PATH=/opt/ros/jazzy /usr/bin/cmake /workspaces/safe_teleop_slave_ws/src/safe_teleop_core -DCMAKE_BUILD_TYPE=Release -DCMAKE_INSTALL_PREFIX=/workspaces/safe_teleop_slave_ws/install/safe_teleop_core
[0.015s] -- Found ament_cmake: 2.5.5 (/opt/ros/jazzy/share/ament_cmake/cmake)
[0.031s] -- Found Python3: /usr/bin/python3 (found version "3.12.3") found components: Interpreter 
[0.081s] -- Found rosidl_default_generators: 1.6.0 (/opt/ros/jazzy/share/rosidl_default_generators/cmake)
[0.082s] -- Using all available rosidl_typesupport_c: rosidl_typesupport_fastrtps_c;rosidl_typesupport_introspection_c
[0.105s] -- Using all available rosidl_typesupport_cpp: rosidl_typesupport_fastrtps_cpp;rosidl_typesupport_introspection_cpp
[0.123s] -- Found rosidl_adapter: 4.6.7 (/opt/ros/jazzy/share/rosidl_adapter/cmake)
[0.124s] -- Found std_msgs: 5.3.6 (/opt/ros/jazzy/share/std_msgs/cmake)
[0.141s] -- Found geometry_msgs: 5.3.6 (/opt/ros/jazzy/share/geometry_msgs/cmake)
[0.150s] -- Found sensor_msgs: 5.3.6 (/opt/ros/jazzy/share/sensor_msgs/cmake)
[0.381s] -- Found ament_cmake_ros: 0.12.0 (/opt/ros/jazzy/share/ament_cmake_ros/cmake)
[0.506s] -- Using all available rosidl_typesupport_c: rosidl_typesupport_fastrtps_c;rosidl_typesupport_introspection_c
[0.667s] -- Using all available rosidl_typesupport_cpp: rosidl_typesupport_fastrtps_cpp;rosidl_typesupport_introspection_cpp
[0.668s] -- Found python_cmake_module: 0.11.1 (/opt/ros/jazzy/share/python_cmake_module/cmake)
[0.833s] -- Found Python3: /usr/bin/python3 (found version "3.12.3") found components: Interpreter Development NumPy Development.Module Development.Embed 
[0.867s] -- Configuring done (0.9s)
[0.905s] -- Generating done (0.0s)
[1.023s] -- Build files have been written to: /workspaces/safe_teleop_slave_ws/build/safe_teleop_core
[1.030s] Invoked command in '/workspaces/safe_teleop_slave_ws/build/safe_teleop_core' returned '0': CMAKE_PREFIX_PATH=/opt/ros/jazzy /usr/bin/cmake /workspaces/safe_teleop_slave_ws/src/safe_teleop_core -DCMAKE_BUILD_TYPE=Release -DCMAKE_INSTALL_PREFIX=/workspaces/safe_teleop_slave_ws/install/safe_teleop_core
[1.031s] Invoking command in '/workspaces/safe_teleop_slave_ws/build/safe_teleop_core': CMAKE_PREFIX_PATH=/opt/ros/jazzy /usr/bin/cmake --build /workspaces/safe_teleop_slave_ws/build/safe_teleop_core -- -j32 -l32
[1.070s] [  1%] Built target safe_teleop_core__rosidl_generator_type_description
[1.078s] [  1%] Built target ament_cmake_python_copy_safe_teleop_core
[1.085s] [  2%] Built target safe_teleop_core__cpp
[1.095s] [  3%] Building C object CMakeFiles/safe_teleop_core__rosidl_generator_c.dir/rosidl_generator_c/safe_teleop_core/msg/detail/safety_zone__description.c.o
[1.095s] [  4%] Building C object CMakeFiles/safe_teleop_core__rosidl_generator_c.dir/rosidl_generator_c/safe_teleop_core/msg/detail/object_status__description.c.o
[1.095s] [  6%] Building C object CMakeFiles/safe_teleop_core__rosidl_generator_c.dir/rosidl_generator_c/safe_teleop_core/msg/detail/collision_warning__description.c.o
[1.095s] [  6%] Building C object CMakeFiles/safe_teleop_core__rosidl_generator_c.dir/rosidl_generator_c/safe_teleop_core/msg/detail/object_status__functions.c.o
[1.095s] [  7%] Building C object CMakeFiles/safe_teleop_core__rosidl_generator_c.dir/rosidl_generator_c/safe_teleop_core/msg/detail/object_status__type_support.c.o
[1.096s] [ 11%] Building C object CMakeFiles/safe_teleop_core__rosidl_generator_c.dir/rosidl_generator_c/safe_teleop_core/msg/detail/dynamic_object__functions.c.o
[1.096s] [ 10%] Building C object CMakeFiles/safe_teleop_core__rosidl_generator_c.dir/rosidl_generator_c/safe_teleop_core/msg/detail/safety_zone__functions.c.o
[1.096s] [ 13%] Building C object CMakeFiles/safe_teleop_core__rosidl_generator_c.dir/rosidl_generator_c/safe_teleop_core/msg/detail/collision_warning__type_support.c.o
[1.096s] [ 14%] Building C object CMakeFiles/safe_teleop_core__rosidl_generator_c.dir/rosidl_generator_c/safe_teleop_core/msg/detail/dynamic_object__description.c.o
[1.097s] [ 11%] Building C object CMakeFiles/safe_teleop_core__rosidl_generator_c.dir/rosidl_generator_c/safe_teleop_core/msg/detail/safety_zone__type_support.c.o
[1.097s] [ 12%] Building C object CMakeFiles/safe_teleop_core__rosidl_generator_c.dir/rosidl_generator_c/safe_teleop_core/msg/detail/dynamic_object__type_support.c.o
[1.097s] [ 14%] Building C object CMakeFiles/safe_teleop_core__rosidl_generator_c.dir/rosidl_generator_c/safe_teleop_core/msg/detail/collision_warning__functions.c.o
[1.098s] [ 18%] Building C object CMakeFiles/safe_teleop_core__rosidl_generator_c.dir/rosidl_generator_c/safe_teleop_core/srv/detail/activate_object__description.c.o
[1.098s] [ 19%] Building C object CMakeFiles/safe_teleop_core__rosidl_generator_c.dir/rosidl_generator_c/safe_teleop_core/msg/detail/safety_status__functions.c.o
[1.098s] [ 19%] Building C object CMakeFiles/safe_teleop_core__rosidl_generator_c.dir/rosidl_generator_c/safe_teleop_core/msg/detail/safety_status__type_support.c.o
[1.098s] [ 18%] Building C object CMakeFiles/safe_teleop_core__rosidl_generator_c.dir/rosidl_generator_c/safe_teleop_core/msg/detail/safety_status__description.c.o
[1.098s] [ 20%] Building C object CMakeFiles/safe_teleop_core__rosidl_generator_c.dir/rosidl_generator_c/safe_teleop_core/srv/detail/activate_object__functions.c.o
[1.098s] [ 21%] Building C object CMakeFiles/safe_teleop_core__rosidl_generator_c.dir/rosidl_generator_c/safe_teleop_core/srv/detail/activate_object__type_support.c.o
[1.099s] [ 23%] Building C object CMakeFiles/safe_teleop_core__rosidl_generator_c.dir/rosidl_generator_c/safe_teleop_core/srv/detail/update_safety_map__type_support.c.o
[1.099s] [ 23%] Building C object CMakeFiles/safe_teleop_core__rosidl_generator_c.dir/rosidl_generator_c/safe_teleop_core/srv/detail/update_safety_map__functions.c.o
[1.100s] [ 24%] Building C object CMakeFiles/safe_teleop_core__rosidl_generator_c.dir/rosidl_generator_c/safe_teleop_core/srv/detail/update_safety_map__description.c.o
[1.196s] running egg_info
[1.205s] writing safe_teleop_core.egg-info/PKG-INFO
[1.206s] writing dependency_links to safe_teleop_core.egg-info/dependency_links.txt
[1.206s] writing top-level names to safe_teleop_core.egg-info/top_level.txt
[1.228s] reading manifest file 'safe_teleop_core.egg-info/SOURCES.txt'
[1.229s] writing manifest file 'safe_teleop_core.egg-info/SOURCES.txt'
[1.249s] [ 24%] Built target ament_cmake_python_build_safe_teleop_core_egg
[1.280s] [ 25%] Linking C shared library libsafe_teleop_core__rosidl_generator_c.so
[1.312s] [ 26%] Built target safe_teleop_core__rosidl_generator_c
[1.332s] [ 27%] Building CXX object CMakeFiles/safe_teleop_core__rosidl_typesupport_c.dir/rosidl_typesupport_c/safe_teleop_core/msg/safety_zone__type_support.cpp.o
[1.332s] [ 28%] Building CXX object CMakeFiles/safe_teleop_core__rosidl_typesupport_c.dir/rosidl_typesupport_c/safe_teleop_core/msg/object_status__type_support.cpp.o
[1.332s] [ 29%] Building CXX object CMakeFiles/safe_teleop_core__rosidl_typesupport_c.dir/rosidl_typesupport_c/safe_teleop_core/msg/dynamic_object__type_support.cpp.o
[1.333s] [ 30%] Building CXX object CMakeFiles/safe_teleop_core__rosidl_typesupport_c.dir/rosidl_typesupport_c/safe_teleop_core/msg/collision_warning__type_support.cpp.o
[1.334s] [ 32%] Building C object CMakeFiles/safe_teleop_core__rosidl_typesupport_introspection_c.dir/rosidl_typesupport_introspection_c/safe_teleop_core/msg/detail/collision_warning__type_support.c.o
[1.334s] [ 34%] Building C object CMakeFiles/safe_teleop_core__rosidl_typesupport_introspection_c.dir/rosidl_typesupport_introspection_c/safe_teleop_core/msg/detail/safety_status__type_support.c.o
[1.334s] [ 34%] Building CXX object CMakeFiles/safe_teleop_core__rosidl_typesupport_c.dir/rosidl_typesupport_c/safe_teleop_core/srv/activate_object__type_support.cpp.o
[1.335s] [ 35%] Building CXX object CMakeFiles/safe_teleop_core__rosidl_typesupport_c.dir/rosidl_typesupport_c/safe_teleop_core/msg/safety_status__type_support.cpp.o
[1.335s] [ 36%] Building C object CMakeFiles/safe_teleop_core__rosidl_typesupport_introspection_c.dir/rosidl_typesupport_introspection_c/safe_teleop_core/msg/detail/safety_zone__type_support.c.o
[1.335s] [ 37%] Building CXX object CMakeFiles/safe_teleop_core__rosidl_typesupport_c.dir/rosidl_typesupport_c/safe_teleop_core/srv/update_safety_map__type_support.cpp.o
[1.336s] [ 39%] Building C object CMakeFiles/safe_teleop_core__rosidl_typesupport_introspection_c.dir/rosidl_typesupport_introspection_c/safe_teleop_core/msg/detail/object_status__type_support.c.o
[1.336s] [ 39%] Building C object CMakeFiles/safe_teleop_core__rosidl_typesupport_introspection_c.dir/rosidl_typesupport_introspection_c/safe_teleop_core/msg/detail/dynamic_object__type_support.c.o
[1.336s] [ 40%] Building C object CMakeFiles/safe_teleop_core__rosidl_typesupport_introspection_c.dir/rosidl_typesupport_introspection_c/safe_teleop_core/srv/detail/update_safety_map__type_support.c.o
[1.336s] [ 41%] Building C object CMakeFiles/safe_teleop_core__rosidl_typesupport_introspection_c.dir/rosidl_typesupport_introspection_c/safe_teleop_core/srv/detail/activate_object__type_support.c.o
[1.339s] [ 43%] Building CXX object CMakeFiles/safe_teleop_core__rosidl_typesupport_introspection_cpp.dir/rosidl_typesupport_introspection_cpp/safe_teleop_core/msg/detail/object_status__type_support.cpp.o
[1.339s] [ 43%] Building CXX object CMakeFiles/safe_teleop_core__rosidl_typesupport_cpp.dir/rosidl_typesupport_cpp/safe_teleop_core/msg/safety_zone__type_support.cpp.o
[1.339s] [ 44%] Building CXX object CMakeFiles/safe_teleop_core__rosidl_typesupport_introspection_cpp.dir/rosidl_typesupport_introspection_cpp/safe_teleop_core/msg/detail/safety_zone__type_support.cpp.o
[1.340s] [ 45%] Building CXX object CMakeFiles/safe_teleop_core__rosidl_typesupport_introspection_cpp.dir/rosidl_typesupport_introspection_cpp/safe_teleop_core/msg/detail/collision_warning__type_support.cpp.o
[1.341s] [ 46%] Building CXX object CMakeFiles/safe_teleop_core__rosidl_typesupport_cpp.dir/rosidl_typesupport_cpp/safe_teleop_core/msg/dynamic_object__type_support.cpp.o
[1.341s] [ 47%] Building CXX object CMakeFiles/safe_teleop_core__rosidl_typesupport_introspection_cpp.dir/rosidl_typesupport_introspection_cpp/safe_teleop_core/srv/detail/activate_object__type_support.cpp.o
[1.342s] [ 48%] Building CXX object CMakeFiles/safe_teleop_core__rosidl_typesupport_introspection_cpp.dir/rosidl_typesupport_introspection_cpp/safe_teleop_core/msg/detail/dynamic_object__type_support.cpp.o
[1.343s] [ 50%] Building CXX object CMakeFiles/safe_teleop_core__rosidl_typesupport_cpp.dir/rosidl_typesupport_cpp/safe_teleop_core/msg/object_status__type_support.cpp.o
[1.343s] [ 51%] Building CXX object CMakeFiles/safe_teleop_core__rosidl_typesupport_cpp.dir/rosidl_typesupport_cpp/safe_teleop_core/msg/collision_warning__type_support.cpp.o
[1.343s] [ 54%] Building CXX object CMakeFiles/safe_teleop_core__rosidl_typesupport_fastrtps_cpp.dir/rosidl_typesupport_fastrtps_cpp/safe_teleop_core/msg/detail/dds_fastrtps/safety_zone__type_support.cpp.o
[1.343s] [ 54%] Building CXX object CMakeFiles/safe_teleop_core__rosidl_typesupport_introspection_cpp.dir/rosidl_typesupport_introspection_cpp/safe_teleop_core/srv/detail/update_safety_map__type_support.cpp.o
[1.343s] [ 52%] Building CXX object CMakeFiles/safe_teleop_core__rosidl_typesupport_introspection_cpp.dir/rosidl_typesupport_introspection_cpp/safe_teleop_core/msg/detail/safety_status__type_support.cpp.o
[1.343s] [ 55%] Building CXX object CMakeFiles/safe_teleop_core__rosidl_typesupport_fastrtps_c.dir/rosidl_typesupport_fastrtps_c/safe_teleop_core/msg/detail/safety_zone__type_support_c.cpp.o
[1.343s] [ 56%] Building CXX object CMakeFiles/safe_teleop_core__rosidl_typesupport_cpp.dir/rosidl_typesupport_cpp/safe_teleop_core/srv/update_safety_map__type_support.cpp.o
[1.344s] [ 57%] Building CXX object CMakeFiles/safe_teleop_core__rosidl_typesupport_cpp.dir/rosidl_typesupport_cpp/safe_teleop_core/msg/safety_status__type_support.cpp.o
[1.344s] [ 58%] Building CXX object CMakeFiles/safe_teleop_core__rosidl_typesupport_cpp.dir/rosidl_typesupport_cpp/safe_teleop_core/srv/activate_object__type_support.cpp.o
[1.345s] [ 59%] Building CXX object CMakeFiles/safe_teleop_core__rosidl_typesupport_fastrtps_c.dir/rosidl_typesupport_fastrtps_c/safe_teleop_core/msg/detail/object_status__type_support_c.cpp.o
[1.345s] [ 60%] Building CXX object CMakeFiles/safe_teleop_core__rosidl_typesupport_fastrtps_c.dir/rosidl_typesupport_fastrtps_c/safe_teleop_core/msg/detail/collision_warning__type_support_c.cpp.o
[1.402s] [ 61%] Building CXX object CMakeFiles/safe_teleop_core__rosidl_typesupport_fastrtps_c.dir/rosidl_typesupport_fastrtps_c/safe_teleop_core/msg/detail/safety_status__type_support_c.cpp.o
[1.403s] [ 62%] Building CXX object CMakeFiles/safe_teleop_core__rosidl_typesupport_fastrtps_c.dir/rosidl_typesupport_fastrtps_c/safe_teleop_core/msg/detail/dynamic_object__type_support_c.cpp.o
[1.408s] [ 63%] Building CXX object CMakeFiles/safe_teleop_core__rosidl_typesupport_fastrtps_cpp.dir/rosidl_typesupport_fastrtps_cpp/safe_teleop_core/msg/detail/dds_fastrtps/collision_warning__type_support.cpp.o
[1.412s] [ 64%] Building CXX object CMakeFiles/safe_teleop_core__rosidl_typesupport_fastrtps_cpp.dir/rosidl_typesupport_fastrtps_cpp/safe_teleop_core/msg/detail/dds_fastrtps/object_status__type_support.cpp.o
[1.413s] [ 65%] Building CXX object CMakeFiles/safe_teleop_core__rosidl_typesupport_fastrtps_cpp.dir/rosidl_typesupport_fastrtps_cpp/safe_teleop_core/msg/detail/dds_fastrtps/dynamic_object__type_support.cpp.o
[1.413s] [ 67%] Building CXX object CMakeFiles/safe_teleop_core__rosidl_typesupport_fastrtps_cpp.dir/rosidl_typesupport_fastrtps_cpp/safe_teleop_core/msg/detail/dds_fastrtps/safety_status__type_support.cpp.o
[1.414s] [ 69%] Building CXX object CMakeFiles/safe_teleop_core__rosidl_typesupport_fastrtps_c.dir/rosidl_typesupport_fastrtps_c/safe_teleop_core/srv/detail/update_safety_map__type_support_c.cpp.o
[1.414s] [ 68%] Building CXX object CMakeFiles/safe_teleop_core__rosidl_typesupport_fastrtps_c.dir/rosidl_typesupport_fastrtps_c/safe_teleop_core/srv/detail/activate_object__type_support_c.cpp.o
[1.422s] [ 70%] Building CXX object CMakeFiles/safe_teleop_core__rosidl_typesupport_fastrtps_cpp.dir/rosidl_typesupport_fastrtps_cpp/safe_teleop_core/srv/detail/dds_fastrtps/activate_object__type_support.cpp.o
[1.437s] [ 71%] Building CXX object CMakeFiles/safe_teleop_core__rosidl_typesupport_fastrtps_cpp.dir/rosidl_typesupport_fastrtps_cpp/safe_teleop_core/srv/detail/dds_fastrtps/update_safety_map__type_support.cpp.o
[1.442s] [ 72%] Linking C shared library libsafe_teleop_core__rosidl_typesupport_introspection_c.so
[1.442s] [ 73%] Linking CXX shared library libsafe_teleop_core__rosidl_typesupport_c.so
[1.497s] [ 74%] Built target safe_teleop_core__rosidl_typesupport_introspection_c
[1.498s] [ 75%] Built target safe_teleop_core__rosidl_typesupport_c
[1.865s] [ 76%] Linking CXX shared library libsafe_teleop_core__rosidl_typesupport_cpp.so
[1.920s] [ 77%] Built target safe_teleop_core__rosidl_typesupport_cpp
[1.977s] [ 78%] Linking CXX shared library libsafe_teleop_core__rosidl_typesupport_introspection_cpp.so
[2.017s] [ 79%] Linking CXX shared library libsafe_teleop_core__rosidl_typesupport_fastrtps_c.so
[2.030s] [ 80%] Built target safe_teleop_core__rosidl_typesupport_introspection_cpp
[2.073s] [ 81%] Built target safe_teleop_core__rosidl_typesupport_fastrtps_c
[2.169s] [ 82%] Linking CXX shared library libsafe_teleop_core__rosidl_typesupport_fastrtps_cpp.so
[2.226s] [ 84%] Built target safe_teleop_core__rosidl_typesupport_fastrtps_cpp
[2.241s] [ 84%] Built target safe_teleop_core
[2.255s] [ 85%] Built target safe_teleop_core__py
[2.279s] [ 87%] Building C object CMakeFiles/safe_teleop_core__rosidl_generator_py.dir/rosidl_generator_py/safe_teleop_core/msg/_collision_warning_s.c.o
[2.279s] [ 87%] Building C object CMakeFiles/safe_teleop_core__rosidl_generator_py.dir/rosidl_generator_py/safe_teleop_core/msg/_object_status_s.c.o
[2.279s] [ 88%] Building C object CMakeFiles/safe_teleop_core__rosidl_generator_py.dir/rosidl_generator_py/safe_teleop_core/msg/_safety_status_s.c.o
[2.279s] [ 90%] Building C object CMakeFiles/safe_teleop_core__rosidl_generator_py.dir/rosidl_generator_py/safe_teleop_core/msg/_safety_zone_s.c.o
[2.279s] [ 90%] Building C object CMakeFiles/safe_teleop_core__rosidl_generator_py.dir/rosidl_generator_py/safe_teleop_core/msg/_dynamic_object_s.c.o
[2.280s] [ 91%] Building C object CMakeFiles/safe_teleop_core__rosidl_generator_py.dir/rosidl_generator_py/safe_teleop_core/srv/_activate_object_s.c.o
[2.280s] [ 92%] Building C object CMakeFiles/safe_teleop_core__rosidl_generator_py.dir/rosidl_generator_py/safe_teleop_core/srv/_update_safety_map_s.c.o
[2.443s] [ 93%] Linking C shared library libsafe_teleop_core__rosidl_generator_py.so
[2.477s] [ 93%] Built target safe_teleop_core__rosidl_generator_py
[2.494s] [ 94%] Building C object CMakeFiles/safe_teleop_core_s__rosidl_typesupport_introspection_c.dir/rosidl_generator_py/safe_teleop_core/_safe_teleop_core_s.ep.rosidl_typesupport_introspection_c.c.o
[2.494s] [ 96%] Building C object CMakeFiles/safe_teleop_core_s__rosidl_typesupport_fastrtps_c.dir/rosidl_generator_py/safe_teleop_core/_safe_teleop_core_s.ep.rosidl_typesupport_fastrtps_c.c.o
[2.494s] [ 96%] Building C object CMakeFiles/safe_teleop_core_s__rosidl_typesupport_c.dir/rosidl_generator_py/safe_teleop_core/_safe_teleop_core_s.ep.rosidl_typesupport_c.c.o
[2.644s] [ 97%] Linking C shared module rosidl_generator_py/safe_teleop_core/safe_teleop_core_s__rosidl_typesupport_c.so
[2.645s] [ 98%] Linking C shared module rosidl_generator_py/safe_teleop_core/safe_teleop_core_s__rosidl_typesupport_introspection_c.so
[2.653s] [100%] Linking C shared module rosidl_generator_py/safe_teleop_core/safe_teleop_core_s__rosidl_typesupport_fastrtps_c.so
[2.669s] [100%] Built target safe_teleop_core_s__rosidl_typesupport_c
[2.671s] [100%] Built target safe_teleop_core_s__rosidl_typesupport_introspection_c
[2.682s] [100%] Built target safe_teleop_core_s__rosidl_typesupport_fastrtps_c
[2.692s] Invoked command in '/workspaces/safe_teleop_slave_ws/build/safe_teleop_core' returned '0': CMAKE_PREFIX_PATH=/opt/ros/jazzy /usr/bin/cmake --build /workspaces/safe_teleop_slave_ws/build/safe_teleop_core -- -j32 -l32
[2.699s] Invoking command in '/workspaces/safe_teleop_slave_ws/build/safe_teleop_core': CMAKE_PREFIX_PATH=/opt/ros/jazzy /usr/bin/cmake --install /workspaces/safe_teleop_slave_ws/build/safe_teleop_core
[2.705s] -- Install configuration: "Release"
[2.705s] -- Up-to-date: /workspaces/safe_teleop_slave_ws/install/safe_teleop_core/share/ament_index/resource_index/rosidl_interfaces/safe_teleop_core
[2.705s] -- Up-to-date: /workspaces/safe_teleop_slave_ws/install/safe_teleop_core/share/safe_teleop_core/msg/SafetyZone.json
[2.705s] -- Up-to-date: /workspaces/safe_teleop_slave_ws/install/safe_teleop_core/share/safe_teleop_core/msg/ObjectStatus.json
[2.706s] -- Up-to-date: /workspaces/safe_teleop_slave_ws/install/safe_teleop_core/share/safe_teleop_core/msg/CollisionWarning.json
[2.706s] -- Up-to-date: /workspaces/safe_teleop_slave_ws/install/safe_teleop_core/share/safe_teleop_core/msg/DynamicObject.json
[2.706s] -- Up-to-date: /workspaces/safe_teleop_slave_ws/install/safe_teleop_core/share/safe_teleop_core/msg/SafetyStatus.json
[2.706s] -- Up-to-date: /workspaces/safe_teleop_slave_ws/install/safe_teleop_core/share/safe_teleop_core/srv/ActivateObject.json
[2.706s] -- Up-to-date: /workspaces/safe_teleop_slave_ws/install/safe_teleop_core/share/safe_teleop_core/srv/UpdateSafetyMap.json
[2.707s] -- Up-to-date: /workspaces/safe_teleop_slave_ws/install/safe_teleop_core/include/safe_teleop_core/safe_teleop_core
[2.707s] -- Up-to-date: /workspaces/safe_teleop_slave_ws/install/safe_teleop_core/include/safe_teleop_core/safe_teleop_core/msg
[2.707s] -- Up-to-date: /workspaces/safe_teleop_slave_ws/install/safe_teleop_core/include/safe_teleop_core/safe_teleop_core/msg/dynamic_object.h
[2.707s] -- Up-to-date: /workspaces/safe_teleop_slave_ws/install/safe_teleop_core/include/safe_teleop_core/safe_teleop_core/msg/safety_status.h
[2.707s] -- Up-to-date: /workspaces/safe_teleop_slave_ws/install/safe_teleop_core/include/safe_teleop_core/safe_teleop_core/msg/detail
[2.707s] -- Up-to-date: /workspaces/safe_teleop_slave_ws/install/safe_teleop_core/include/safe_teleop_core/safe_teleop_core/msg/detail/dynamic_object__description.c
[2.707s] -- Up-to-date: /workspaces/safe_teleop_slave_ws/install/safe_teleop_core/include/safe_teleop_core/safe_teleop_core/msg/detail/safety_zone__struct.h
[2.707s] -- Up-to-date: /workspaces/safe_teleop_slave_ws/install/safe_teleop_core/include/safe_teleop_core/safe_teleop_core/msg/detail/safety_zone__functions.h
[2.707s] -- Up-to-date: /workspaces/safe_teleop_slave_ws/install/safe_teleop_core/include/safe_teleop_core/safe_teleop_core/msg/detail/safety_status__type_support.h
[2.707s] -- Up-to-date: /workspaces/safe_teleop_slave_ws/install/safe_teleop_core/include/safe_teleop_core/safe_teleop_core/msg/detail/safety_status__functions.h
[2.707s] -- Up-to-date: /workspaces/safe_teleop_slave_ws/install/safe_teleop_core/include/safe_teleop_core/safe_teleop_core/msg/detail/object_status__functions.h
[2.707s] -- Up-to-date: /workspaces/safe_teleop_slave_ws/install/safe_teleop_core/include/safe_teleop_core/safe_teleop_core/msg/detail/dynamic_object__functions.c
[2.707s] -- Up-to-date: /workspaces/safe_teleop_slave_ws/install/safe_teleop_core/include/safe_teleop_core/safe_teleop_core/msg/detail/object_status__description.c
[2.707s] -- Up-to-date: /workspaces/safe_teleop_slave_ws/install/safe_teleop_core/include/safe_teleop_core/safe_teleop_core/msg/detail/dynamic_object__functions.h
[2.707s] -- Up-to-date: /workspaces/safe_teleop_slave_ws/install/safe_teleop_core/include/safe_teleop_core/safe_teleop_core/msg/detail/safety_zone__type_support.c
[2.707s] -- Up-to-date: /workspaces/safe_teleop_slave_ws/install/safe_teleop_core/include/safe_teleop_core/safe_teleop_core/msg/detail/dynamic_object__struct.h
[2.707s] -- Up-to-date: /workspaces/safe_teleop_slave_ws/install/safe_teleop_core/include/safe_teleop_core/safe_teleop_core/msg/detail/safety_zone__functions.c
[2.708s] -- Up-to-date: /workspaces/safe_teleop_slave_ws/install/safe_teleop_core/include/safe_teleop_core/safe_teleop_core/msg/detail/safety_zone__description.c
[2.708s] -- Up-to-date: /workspaces/safe_teleop_slave_ws/install/safe_teleop_core/include/safe_teleop_core/safe_teleop_core/msg/detail/safety_status__description.c
[2.708s] -- Up-to-date: /workspaces/safe_teleop_slave_ws/install/safe_teleop_core/include/safe_teleop_core/safe_teleop_core/msg/detail/collision_warning__description.c
[2.708s] -- Up-to-date: /workspaces/safe_teleop_slave_ws/install/safe_teleop_core/include/safe_teleop_core/safe_teleop_core/msg/detail/dynamic_object__type_support.c
[2.708s] -- Up-to-date: /workspaces/safe_teleop_slave_ws/install/safe_teleop_core/include/safe_teleop_core/safe_teleop_core/msg/detail/object_status__type_support.h
[2.708s] -- Up-to-date: /workspaces/safe_teleop_slave_ws/install/safe_teleop_core/include/safe_teleop_core/safe_teleop_core/msg/detail/object_status__type_support.c
[2.708s] -- Up-to-date: /workspaces/safe_teleop_slave_ws/install/safe_teleop_core/include/safe_teleop_core/safe_teleop_core/msg/detail/safety_status__struct.h
[2.708s] -- Up-to-date: /workspaces/safe_teleop_slave_ws/install/safe_teleop_core/include/safe_teleop_core/safe_teleop_core/msg/detail/collision_warning__functions.c
[2.708s] -- Up-to-date: /workspaces/safe_teleop_slave_ws/install/safe_teleop_core/include/safe_teleop_core/safe_teleop_core/msg/detail/object_status__functions.c
[2.708s] -- Up-to-date: /workspaces/safe_teleop_slave_ws/install/safe_teleop_core/include/safe_teleop_core/safe_teleop_core/msg/detail/safety_status__functions.c
[2.708s] -- Up-to-date: /workspaces/safe_teleop_slave_ws/install/safe_teleop_core/include/safe_teleop_core/safe_teleop_core/msg/detail/collision_warning__type_support.h
[2.708s] -- Up-to-date: /workspaces/safe_teleop_slave_ws/install/safe_teleop_core/include/safe_teleop_core/safe_teleop_core/msg/detail/safety_zone__type_support.h
[2.708s] -- Up-to-date: /workspaces/safe_teleop_slave_ws/install/safe_teleop_core/include/safe_teleop_core/safe_teleop_core/msg/detail/safety_status__type_support.c
[2.708s] -- Up-to-date: /workspaces/safe_teleop_slave_ws/install/safe_teleop_core/include/safe_teleop_core/safe_teleop_core/msg/detail/collision_warning__type_support.c
[2.708s] -- Up-to-date: /workspaces/safe_teleop_slave_ws/install/safe_teleop_core/include/safe_teleop_core/safe_teleop_core/msg/detail/collision_warning__functions.h
[2.708s] -- Up-to-date: /workspaces/safe_teleop_slave_ws/install/safe_teleop_core/include/safe_teleop_core/safe_teleop_core/msg/detail/dynamic_object__type_support.h
[2.708s] -- Up-to-date: /workspaces/safe_teleop_slave_ws/install/safe_teleop_core/include/safe_teleop_core/safe_teleop_core/msg/detail/collision_warning__struct.h
[2.708s] -- Up-to-date: /workspaces/safe_teleop_slave_ws/install/safe_teleop_core/include/safe_teleop_core/safe_teleop_core/msg/detail/object_status__struct.h
[2.708s] -- Up-to-date: /workspaces/safe_teleop_slave_ws/install/safe_teleop_core/include/safe_teleop_core/safe_teleop_core/msg/object_status.h
[2.708s] -- Up-to-date: /workspaces/safe_teleop_slave_ws/install/safe_teleop_core/include/safe_teleop_core/safe_teleop_core/msg/collision_warning.h
[2.709s] -- Up-to-date: /workspaces/safe_teleop_slave_ws/install/safe_teleop_core/include/safe_teleop_core/safe_teleop_core/msg/rosidl_generator_c__visibility_control.h
[2.709s] -- Up-to-date: /workspaces/safe_teleop_slave_ws/install/safe_teleop_core/include/safe_teleop_core/safe_teleop_core/msg/safety_zone.h
[2.709s] -- Up-to-date: /workspaces/safe_teleop_slave_ws/install/safe_teleop_core/include/safe_teleop_core/safe_teleop_core/srv
[2.709s] -- Up-to-date: /workspaces/safe_teleop_slave_ws/install/safe_teleop_core/include/safe_teleop_core/safe_teleop_core/srv/activate_object.h
[2.709s] -- Up-to-date: /workspaces/safe_teleop_slave_ws/install/safe_teleop_core/include/safe_teleop_core/safe_teleop_core/srv/update_safety_map.h
[2.709s] -- Up-to-date: /workspaces/safe_teleop_slave_ws/install/safe_teleop_core/include/safe_teleop_core/safe_teleop_core/srv/detail
[2.709s] -- Up-to-date: /workspaces/safe_teleop_slave_ws/install/safe_teleop_core/include/safe_teleop_core/safe_teleop_core/srv/detail/activate_object__type_support.h
[2.709s] -- Up-to-date: /workspaces/safe_teleop_slave_ws/install/safe_teleop_core/include/safe_teleop_core/safe_teleop_core/srv/detail/update_safety_map__struct.h
[2.709s] -- Up-to-date: /workspaces/safe_teleop_slave_ws/install/safe_teleop_core/include/safe_teleop_core/safe_teleop_core/srv/detail/activate_object__functions.c
[2.709s] -- Up-to-date: /workspaces/safe_teleop_slave_ws/install/safe_teleop_core/include/safe_teleop_core/safe_teleop_core/srv/detail/activate_object__struct.h
[2.709s] -- Up-to-date: /workspaces/safe_teleop_slave_ws/install/safe_teleop_core/include/safe_teleop_core/safe_teleop_core/srv/detail/update_safety_map__description.c
[2.709s] -- Up-to-date: /workspaces/safe_teleop_slave_ws/install/safe_teleop_core/include/safe_teleop_core/safe_teleop_core/srv/detail/update_safety_map__functions.h
[2.709s] -- Up-to-date: /workspaces/safe_teleop_slave_ws/install/safe_teleop_core/include/safe_teleop_core/safe_teleop_core/srv/detail/update_safety_map__functions.c
[2.709s] -- Up-to-date: /workspaces/safe_teleop_slave_ws/install/safe_teleop_core/include/safe_teleop_core/safe_teleop_core/srv/detail/activate_object__functions.h
[2.709s] -- Up-to-date: /workspaces/safe_teleop_slave_ws/install/safe_teleop_core/include/safe_teleop_core/safe_teleop_core/srv/detail/update_safety_map__type_support.c
[2.709s] -- Up-to-date: /workspaces/safe_teleop_slave_ws/install/safe_teleop_core/include/safe_teleop_core/safe_teleop_core/srv/detail/update_safety_map__type_support.h
[2.709s] -- Up-to-date: /workspaces/safe_teleop_slave_ws/install/safe_teleop_core/include/safe_teleop_core/safe_teleop_core/srv/detail/activate_object__description.c
[2.709s] -- Up-to-date: /workspaces/safe_teleop_slave_ws/install/safe_teleop_core/include/safe_teleop_core/safe_teleop_core/srv/detail/activate_object__type_support.c
[2.709s] -- Up-to-date: /workspaces/safe_teleop_slave_ws/install/safe_teleop_core/share/safe_teleop_core/environment/library_path.sh
[2.709s] -- Up-to-date: /workspaces/safe_teleop_slave_ws/install/safe_teleop_core/share/safe_teleop_core/environment/library_path.dsv
[2.709s] -- Installing: /workspaces/safe_teleop_slave_ws/install/safe_teleop_core/lib/libsafe_teleop_core__rosidl_generator_c.so
[2.710s] -- Set non-toolchain portion of runtime path of "/workspaces/safe_teleop_slave_ws/install/safe_teleop_core/lib/libsafe_teleop_core__rosidl_generator_c.so" to ""
[2.710s] -- Up-to-date: /workspaces/safe_teleop_slave_ws/install/safe_teleop_core/include/safe_teleop_core/safe_teleop_core
[2.710s] -- Up-to-date: /workspaces/safe_teleop_slave_ws/install/safe_teleop_core/include/safe_teleop_core/safe_teleop_core/msg
[2.710s] -- Up-to-date: /workspaces/safe_teleop_slave_ws/install/safe_teleop_core/include/safe_teleop_core/safe_teleop_core/msg/detail
[2.710s] -- Up-to-date: /workspaces/safe_teleop_slave_ws/install/safe_teleop_core/include/safe_teleop_core/safe_teleop_core/msg/detail/dynamic_object__rosidl_typesupport_fastrtps_c.h
[2.710s] -- Up-to-date: /workspaces/safe_teleop_slave_ws/install/safe_teleop_core/include/safe_teleop_core/safe_teleop_core/msg/detail/collision_warning__rosidl_typesupport_fastrtps_c.h
[2.710s] -- Up-to-date: /workspaces/safe_teleop_slave_ws/install/safe_teleop_core/include/safe_teleop_core/safe_teleop_core/msg/detail/object_status__rosidl_typesupport_fastrtps_c.h
[2.710s] -- Up-to-date: /workspaces/safe_teleop_slave_ws/install/safe_teleop_core/include/safe_teleop_core/safe_teleop_core/msg/detail/safety_zone__rosidl_typesupport_fastrtps_c.h
[2.710s] -- Up-to-date: /workspaces/safe_teleop_slave_ws/install/safe_teleop_core/include/safe_teleop_core/safe_teleop_core/msg/detail/safety_status__rosidl_typesupport_fastrtps_c.h
[2.710s] -- Up-to-date: /workspaces/safe_teleop_slave_ws/install/safe_teleop_core/include/safe_teleop_core/safe_teleop_core/msg/rosidl_typesupport_fastrtps_c__visibility_control.h
[2.710s] -- Up-to-date: /workspaces/safe_teleop_slave_ws/install/safe_teleop_core/include/safe_teleop_core/safe_teleop_core/srv
[2.710s] -- Up-to-date: /workspaces/safe_teleop_slave_ws/install/safe_teleop_core/include/safe_teleop_core/safe_teleop_core/srv/detail
[2.710s] -- Up-to-date: /workspaces/safe_teleop_slave_ws/install/safe_teleop_core/include/safe_teleop_core/safe_teleop_core/srv/detail/update_safety_map__rosidl_typesupport_fastrtps_c.h
[2.710s] -- Up-to-date: /workspaces/safe_teleop_slave_ws/install/safe_teleop_core/include/safe_teleop_core/safe_teleop_core/srv/detail/activate_object__rosidl_typesupport_fastrtps_c.h
[2.710s] -- Installing: /workspaces/safe_teleop_slave_ws/install/safe_teleop_core/lib/libsafe_teleop_core__rosidl_typesupport_fastrtps_c.so
[2.710s] -- Set non-toolchain portion of runtime path of "/workspaces/safe_teleop_slave_ws/install/safe_teleop_core/lib/libsafe_teleop_core__rosidl_typesupport_fastrtps_c.so" to ""
[2.710s] -- Up-to-date: /workspaces/safe_teleop_slave_ws/install/safe_teleop_core/include/safe_teleop_core/safe_teleop_core
[2.710s] -- Up-to-date: /workspaces/safe_teleop_slave_ws/install/safe_teleop_core/include/safe_teleop_core/safe_teleop_core/msg
[2.710s] -- Up-to-date: /workspaces/safe_teleop_slave_ws/install/safe_teleop_core/include/safe_teleop_core/safe_teleop_core/msg/detail
[2.710s] -- Up-to-date: /workspaces/safe_teleop_slave_ws/install/safe_teleop_core/include/safe_teleop_core/safe_teleop_core/msg/detail/safety_zone__rosidl_typesupport_introspection_c.h
[2.710s] -- Up-to-date: /workspaces/safe_teleop_slave_ws/install/safe_teleop_core/include/safe_teleop_core/safe_teleop_core/msg/detail/dynamic_object__rosidl_typesupport_introspection_c.h
[2.710s] -- Up-to-date: /workspaces/safe_teleop_slave_ws/install/safe_teleop_core/include/safe_teleop_core/safe_teleop_core/msg/detail/safety_zone__type_support.c
[2.710s] -- Up-to-date: /workspaces/safe_teleop_slave_ws/install/safe_teleop_core/include/safe_teleop_core/safe_teleop_core/msg/detail/collision_warning__rosidl_typesupport_introspection_c.h
[2.710s] -- Up-to-date: /workspaces/safe_teleop_slave_ws/install/safe_teleop_core/include/safe_teleop_core/safe_teleop_core/msg/detail/safety_status__rosidl_typesupport_introspection_c.h
[2.710s] -- Up-to-date: /workspaces/safe_teleop_slave_ws/install/safe_teleop_core/include/safe_teleop_core/safe_teleop_core/msg/detail/dynamic_object__type_support.c
[2.710s] -- Up-to-date: /workspaces/safe_teleop_slave_ws/install/safe_teleop_core/include/safe_teleop_core/safe_teleop_core/msg/detail/object_status__type_support.c
[2.710s] -- Up-to-date: /workspaces/safe_teleop_slave_ws/install/safe_teleop_core/include/safe_teleop_core/safe_teleop_core/msg/detail/safety_status__type_support.c
[2.710s] -- Up-to-date: /workspaces/safe_teleop_slave_ws/install/safe_teleop_core/include/safe_teleop_core/safe_teleop_core/msg/detail/collision_warning__type_support.c
[2.710s] -- Up-to-date: /workspaces/safe_teleop_slave_ws/install/safe_teleop_core/include/safe_teleop_core/safe_teleop_core/msg/detail/object_status__rosidl_typesupport_introspection_c.h
[2.710s] -- Up-to-date: /workspaces/safe_teleop_slave_ws/install/safe_teleop_core/include/safe_teleop_core/safe_teleop_core/msg/rosidl_typesupport_introspection_c__visibility_control.h
[2.711s] -- Up-to-date: /workspaces/safe_teleop_slave_ws/install/safe_teleop_core/include/safe_teleop_core/safe_teleop_core/srv
[2.711s] -- Up-to-date: /workspaces/safe_teleop_slave_ws/install/safe_teleop_core/include/safe_teleop_core/safe_teleop_core/srv/detail
[2.711s] -- Up-to-date: /workspaces/safe_teleop_slave_ws/install/safe_teleop_core/include/safe_teleop_core/safe_teleop_core/srv/detail/update_safety_map__type_support.c
[2.711s] -- Up-to-date: /workspaces/safe_teleop_slave_ws/install/safe_teleop_core/include/safe_teleop_core/safe_teleop_core/srv/detail/activate_object__rosidl_typesupport_introspection_c.h
[2.711s] -- Up-to-date: /workspaces/safe_teleop_slave_ws/install/safe_teleop_core/include/safe_teleop_core/safe_teleop_core/srv/detail/update_safety_map__rosidl_typesupport_introspection_c.h
[2.711s] -- Up-to-date: /workspaces/safe_teleop_slave_ws/install/safe_teleop_core/include/safe_teleop_core/safe_teleop_core/srv/detail/activate_object__type_support.c
[2.711s] -- Installing: /workspaces/safe_teleop_slave_ws/install/safe_teleop_core/lib/libsafe_teleop_core__rosidl_typesupport_introspection_c.so
[2.711s] -- Set non-toolchain portion of runtime path of "/workspaces/safe_teleop_slave_ws/install/safe_teleop_core/lib/libsafe_teleop_core__rosidl_typesupport_introspection_c.so" to ""
[2.711s] -- Installing: /workspaces/safe_teleop_slave_ws/install/safe_teleop_core/lib/libsafe_teleop_core__rosidl_typesupport_c.so
[2.711s] -- Set non-toolchain portion of runtime path of "/workspaces/safe_teleop_slave_ws/install/safe_teleop_core/lib/libsafe_teleop_core__rosidl_typesupport_c.so" to ""
[2.711s] -- Up-to-date: /workspaces/safe_teleop_slave_ws/install/safe_teleop_core/include/safe_teleop_core/safe_teleop_core
[2.711s] -- Up-to-date: /workspaces/safe_teleop_slave_ws/install/safe_teleop_core/include/safe_teleop_core/safe_teleop_core/msg
[2.711s] -- Up-to-date: /workspaces/safe_teleop_slave_ws/install/safe_teleop_core/include/safe_teleop_core/safe_teleop_core/msg/safety_status.hpp
[2.711s] -- Up-to-date: /workspaces/safe_teleop_slave_ws/install/safe_teleop_core/include/safe_teleop_core/safe_teleop_core/msg/rosidl_generator_cpp__visibility_control.hpp
[2.711s] -- Up-to-date: /workspaces/safe_teleop_slave_ws/install/safe_teleop_core/include/safe_teleop_core/safe_teleop_core/msg/object_status.hpp
[2.711s] -- Up-to-date: /workspaces/safe_teleop_slave_ws/install/safe_teleop_core/include/safe_teleop_core/safe_teleop_core/msg/detail
[2.711s] -- Up-to-date: /workspaces/safe_teleop_slave_ws/install/safe_teleop_core/include/safe_teleop_core/safe_teleop_core/msg/detail/safety_zone__type_support.hpp
[2.711s] -- Up-to-date: /workspaces/safe_teleop_slave_ws/install/safe_teleop_core/include/safe_teleop_core/safe_teleop_core/msg/detail/safety_status__struct.hpp
[2.711s] -- Up-to-date: /workspaces/safe_teleop_slave_ws/install/safe_teleop_core/include/safe_teleop_core/safe_teleop_core/msg/detail/dynamic_object__builder.hpp
[2.711s] -- Up-to-date: /workspaces/safe_teleop_slave_ws/install/safe_teleop_core/include/safe_teleop_core/safe_teleop_core/msg/detail/safety_zone__struct.hpp
[2.711s] -- Up-to-date: /workspaces/safe_teleop_slave_ws/install/safe_teleop_core/include/safe_teleop_core/safe_teleop_core/msg/detail/collision_warning__builder.hpp
[2.711s] -- Up-to-date: /workspaces/safe_teleop_slave_ws/install/safe_teleop_core/include/safe_teleop_core/safe_teleop_core/msg/detail/collision_warning__traits.hpp
[2.711s] -- Up-to-date: /workspaces/safe_teleop_slave_ws/install/safe_teleop_core/include/safe_teleop_core/safe_teleop_core/msg/detail/safety_status__builder.hpp
[2.711s] -- Up-to-date: /workspaces/safe_teleop_slave_ws/install/safe_teleop_core/include/safe_teleop_core/safe_teleop_core/msg/detail/safety_status__type_support.hpp
[2.711s] -- Up-to-date: /workspaces/safe_teleop_slave_ws/install/safe_teleop_core/include/safe_teleop_core/safe_teleop_core/msg/detail/object_status__struct.hpp
[2.712s] -- Up-to-date: /workspaces/safe_teleop_slave_ws/install/safe_teleop_core/include/safe_teleop_core/safe_teleop_core/msg/detail/object_status__type_support.hpp
[2.712s] -- Up-to-date: /workspaces/safe_teleop_slave_ws/install/safe_teleop_core/include/safe_teleop_core/safe_teleop_core/msg/detail/object_status__traits.hpp
[2.712s] -- Up-to-date: /workspaces/safe_teleop_slave_ws/install/safe_teleop_core/include/safe_teleop_core/safe_teleop_core/msg/detail/collision_warning__struct.hpp
[2.712s] -- Up-to-date: /workspaces/safe_teleop_slave_ws/install/safe_teleop_core/include/safe_teleop_core/safe_teleop_core/msg/detail/object_status__builder.hpp
[2.712s] -- Up-to-date: /workspaces/safe_teleop_slave_ws/install/safe_teleop_core/include/safe_teleop_core/safe_teleop_core/msg/detail/safety_zone__builder.hpp
[2.712s] -- Up-to-date: /workspaces/safe_teleop_slave_ws/install/safe_teleop_core/include/safe_teleop_core/safe_teleop_core/msg/detail/safety_status__traits.hpp
[2.712s] -- Up-to-date: /workspaces/safe_teleop_slave_ws/install/safe_teleop_core/include/safe_teleop_core/safe_teleop_core/msg/detail/dynamic_object__struct.hpp
[2.712s] -- Up-to-date: /workspaces/safe_teleop_slave_ws/install/safe_teleop_core/include/safe_teleop_core/safe_teleop_core/msg/detail/safety_zone__traits.hpp
[2.712s] -- Up-to-date: /workspaces/safe_teleop_slave_ws/install/safe_teleop_core/include/safe_teleop_core/safe_teleop_core/msg/detail/dynamic_object__type_support.hpp
[2.712s] -- Up-to-date: /workspaces/safe_teleop_slave_ws/install/safe_teleop_core/include/safe_teleop_core/safe_teleop_core/msg/detail/collision_warning__type_support.hpp
[2.712s] -- Up-to-date: /workspaces/safe_teleop_slave_ws/install/safe_teleop_core/include/safe_teleop_core/safe_teleop_core/msg/detail/dynamic_object__traits.hpp
[2.712s] -- Up-to-date: /workspaces/safe_teleop_slave_ws/install/safe_teleop_core/include/safe_teleop_core/safe_teleop_core/msg/collision_warning.hpp
[2.712s] -- Up-to-date: /workspaces/safe_teleop_slave_ws/install/safe_teleop_core/include/safe_teleop_core/safe_teleop_core/msg/safety_zone.hpp
[2.712s] -- Up-to-date: /workspaces/safe_teleop_slave_ws/install/safe_teleop_core/include/safe_teleop_core/safe_teleop_core/msg/dynamic_object.hpp
[2.712s] -- Up-to-date: /workspaces/safe_teleop_slave_ws/install/safe_teleop_core/include/safe_teleop_core/safe_teleop_core/srv
[2.712s] -- Up-to-date: /workspaces/safe_teleop_slave_ws/install/safe_teleop_core/include/safe_teleop_core/safe_teleop_core/srv/detail
[2.712s] -- Up-to-date: /workspaces/safe_teleop_slave_ws/install/safe_teleop_core/include/safe_teleop_core/safe_teleop_core/srv/detail/update_safety_map__struct.hpp
[2.712s] -- Up-to-date: /workspaces/safe_teleop_slave_ws/install/safe_teleop_core/include/safe_teleop_core/safe_teleop_core/srv/detail/update_safety_map__builder.hpp
[2.712s] -- Up-to-date: /workspaces/safe_teleop_slave_ws/install/safe_teleop_core/include/safe_teleop_core/safe_teleop_core/srv/detail/update_safety_map__type_support.hpp
[2.712s] -- Up-to-date: /workspaces/safe_teleop_slave_ws/install/safe_teleop_core/include/safe_teleop_core/safe_teleop_core/srv/detail/activate_object__traits.hpp
[2.712s] -- Up-to-date: /workspaces/safe_teleop_slave_ws/install/safe_teleop_core/include/safe_teleop_core/safe_teleop_core/srv/detail/activate_object__builder.hpp
[2.712s] -- Up-to-date: /workspaces/safe_teleop_slave_ws/install/safe_teleop_core/include/safe_teleop_core/safe_teleop_core/srv/detail/update_safety_map__traits.hpp
[2.712s] -- Up-to-date: /workspaces/safe_teleop_slave_ws/install/safe_teleop_core/include/safe_teleop_core/safe_teleop_core/srv/detail/activate_object__struct.hpp
[2.712s] -- Up-to-date: /workspaces/safe_teleop_slave_ws/install/safe_teleop_core/include/safe_teleop_core/safe_teleop_core/srv/detail/activate_object__type_support.hpp
[2.712s] -- Up-to-date: /workspaces/safe_teleop_slave_ws/install/safe_teleop_core/include/safe_teleop_core/safe_teleop_core/srv/activate_object.hpp
[2.712s] -- Up-to-date: /workspaces/safe_teleop_slave_ws/install/safe_teleop_core/include/safe_teleop_core/safe_teleop_core/srv/update_safety_map.hpp
[2.712s] -- Up-to-date: /workspaces/safe_teleop_slave_ws/install/safe_teleop_core/include/safe_teleop_core/safe_teleop_core
[2.712s] -- Up-to-date: /workspaces/safe_teleop_slave_ws/install/safe_teleop_core/include/safe_teleop_core/safe_teleop_core/msg
[2.712s] -- Up-to-date: /workspaces/safe_teleop_slave_ws/install/safe_teleop_core/include/safe_teleop_core/safe_teleop_core/msg/detail
[2.713s] -- Up-to-date: /workspaces/safe_teleop_slave_ws/install/safe_teleop_core/include/safe_teleop_core/safe_teleop_core/msg/detail/collision_warning__rosidl_typesupport_fastrtps_cpp.hpp
[2.713s] -- Up-to-date: /workspaces/safe_teleop_slave_ws/install/safe_teleop_core/include/safe_teleop_core/safe_teleop_core/msg/detail/safety_status__rosidl_typesupport_fastrtps_cpp.hpp
[2.713s] -- Up-to-date: /workspaces/safe_teleop_slave_ws/install/safe_teleop_core/include/safe_teleop_core/safe_teleop_core/msg/detail/dds_fastrtps
[2.713s] -- Up-to-date: /workspaces/safe_teleop_slave_ws/install/safe_teleop_core/include/safe_teleop_core/safe_teleop_core/msg/detail/safety_zone__rosidl_typesupport_fastrtps_cpp.hpp
[2.713s] -- Up-to-date: /workspaces/safe_teleop_slave_ws/install/safe_teleop_core/include/safe_teleop_core/safe_teleop_core/msg/detail/dynamic_object__rosidl_typesupport_fastrtps_cpp.hpp
[2.713s] -- Up-to-date: /workspaces/safe_teleop_slave_ws/install/safe_teleop_core/include/safe_teleop_core/safe_teleop_core/msg/detail/object_status__rosidl_typesupport_fastrtps_cpp.hpp
[2.713s] -- Up-to-date: /workspaces/safe_teleop_slave_ws/install/safe_teleop_core/include/safe_teleop_core/safe_teleop_core/msg/rosidl_typesupport_fastrtps_cpp__visibility_control.h
[2.713s] -- Up-to-date: /workspaces/safe_teleop_slave_ws/install/safe_teleop_core/include/safe_teleop_core/safe_teleop_core/srv
[2.713s] -- Up-to-date: /workspaces/safe_teleop_slave_ws/install/safe_teleop_core/include/safe_teleop_core/safe_teleop_core/srv/detail
[2.713s] -- Up-to-date: /workspaces/safe_teleop_slave_ws/install/safe_teleop_core/include/safe_teleop_core/safe_teleop_core/srv/detail/dds_fastrtps
[2.713s] -- Up-to-date: /workspaces/safe_teleop_slave_ws/install/safe_teleop_core/include/safe_teleop_core/safe_teleop_core/srv/detail/update_safety_map__rosidl_typesupport_fastrtps_cpp.hpp
[2.713s] -- Up-to-date: /workspaces/safe_teleop_slave_ws/install/safe_teleop_core/include/safe_teleop_core/safe_teleop_core/srv/detail/activate_object__rosidl_typesupport_fastrtps_cpp.hpp
[2.713s] -- Installing: /workspaces/safe_teleop_slave_ws/install/safe_teleop_core/lib/libsafe_teleop_core__rosidl_typesupport_fastrtps_cpp.so
[2.713s] -- Set non-toolchain portion of runtime path of "/workspaces/safe_teleop_slave_ws/install/safe_teleop_core/lib/libsafe_teleop_core__rosidl_typesupport_fastrtps_cpp.so" to ""
[2.713s] -- Up-to-date: /workspaces/safe_teleop_slave_ws/install/safe_teleop_core/include/safe_teleop_core/safe_teleop_core
[2.713s] -- Up-to-date: /workspaces/safe_teleop_slave_ws/install/safe_teleop_core/include/safe_teleop_core/safe_teleop_core/msg
[2.713s] -- Up-to-date: /workspaces/safe_teleop_slave_ws/install/safe_teleop_core/include/safe_teleop_core/safe_teleop_core/msg/detail
[2.713s] -- Up-to-date: /workspaces/safe_teleop_slave_ws/install/safe_teleop_core/include/safe_teleop_core/safe_teleop_core/msg/detail/safety_zone__type_support.cpp
[2.713s] -- Up-to-date: /workspaces/safe_teleop_slave_ws/install/safe_teleop_core/include/safe_teleop_core/safe_teleop_core/msg/detail/safety_status__rosidl_typesupport_introspection_cpp.hpp
[2.713s] -- Up-to-date: /workspaces/safe_teleop_slave_ws/install/safe_teleop_core/include/safe_teleop_core/safe_teleop_core/msg/detail/dynamic_object__type_support.cpp
[2.714s] -- Up-to-date: /workspaces/safe_teleop_slave_ws/install/safe_teleop_core/include/safe_teleop_core/safe_teleop_core/msg/detail/safety_status__type_support.cpp
[2.714s] -- Up-to-date: /workspaces/safe_teleop_slave_ws/install/safe_teleop_core/include/safe_teleop_core/safe_teleop_core/msg/detail/object_status__type_support.cpp
[2.714s] -- Up-to-date: /workspaces/safe_teleop_slave_ws/install/safe_teleop_core/include/safe_teleop_core/safe_teleop_core/msg/detail/safety_zone__rosidl_typesupport_introspection_cpp.hpp
[2.714s] -- Up-to-date: /workspaces/safe_teleop_slave_ws/install/safe_teleop_core/include/safe_teleop_core/safe_teleop_core/msg/detail/dynamic_object__rosidl_typesupport_introspection_cpp.hpp
[2.714s] -- Up-to-date: /workspaces/safe_teleop_slave_ws/install/safe_teleop_core/include/safe_teleop_core/safe_teleop_core/msg/detail/object_status__rosidl_typesupport_introspection_cpp.hpp
[2.714s] -- Up-to-date: /workspaces/safe_teleop_slave_ws/install/safe_teleop_core/include/safe_teleop_core/safe_teleop_core/msg/detail/collision_warning__type_support.cpp
[2.714s] -- Up-to-date: /workspaces/safe_teleop_slave_ws/install/safe_teleop_core/include/safe_teleop_core/safe_teleop_core/msg/detail/collision_warning__rosidl_typesupport_introspection_cpp.hpp
[2.714s] -- Up-to-date: /workspaces/safe_teleop_slave_ws/install/safe_teleop_core/include/safe_teleop_core/safe_teleop_core/srv
[2.714s] -- Up-to-date: /workspaces/safe_teleop_slave_ws/install/safe_teleop_core/include/safe_teleop_core/safe_teleop_core/srv/detail
[2.714s] -- Up-to-date: /workspaces/safe_teleop_slave_ws/install/safe_teleop_core/include/safe_teleop_core/safe_teleop_core/srv/detail/activate_object__rosidl_typesupport_introspection_cpp.hpp
[2.714s] -- Up-to-date: /workspaces/safe_teleop_slave_ws/install/safe_teleop_core/include/safe_teleop_core/safe_teleop_core/srv/detail/update_safety_map__rosidl_typesupport_introspection_cpp.hpp
[2.714s] -- Up-to-date: /workspaces/safe_teleop_slave_ws/install/safe_teleop_core/include/safe_teleop_core/safe_teleop_core/srv/detail/activate_object__type_support.cpp
[2.714s] -- Up-to-date: /workspaces/safe_teleop_slave_ws/install/safe_teleop_core/include/safe_teleop_core/safe_teleop_core/srv/detail/update_safety_map__type_support.cpp
[2.714s] -- Installing: /workspaces/safe_teleop_slave_ws/install/safe_teleop_core/lib/libsafe_teleop_core__rosidl_typesupport_introspection_cpp.so
[2.714s] -- Set non-toolchain portion of runtime path of "/workspaces/safe_teleop_slave_ws/install/safe_teleop_core/lib/libsafe_teleop_core__rosidl_typesupport_introspection_cpp.so" to ""
[2.714s] -- Installing: /workspaces/safe_teleop_slave_ws/install/safe_teleop_core/lib/libsafe_teleop_core__rosidl_typesupport_cpp.so
[2.714s] -- Set non-toolchain portion of runtime path of "/workspaces/safe_teleop_slave_ws/install/safe_teleop_core/lib/libsafe_teleop_core__rosidl_typesupport_cpp.so" to ""
[2.714s] -- Up-to-date: /workspaces/safe_teleop_slave_ws/install/safe_teleop_core/share/safe_teleop_core/environment/pythonpath.sh
[2.714s] -- Up-to-date: /workspaces/safe_teleop_slave_ws/install/safe_teleop_core/share/safe_teleop_core/environment/pythonpath.dsv
[2.714s] -- Up-to-date: /workspaces/safe_teleop_slave_ws/install/safe_teleop_core/lib/python3.12/site-packages/safe_teleop_core-0.1.0-py3.12.egg-info
[2.715s] -- Installing: /workspaces/safe_teleop_slave_ws/install/safe_teleop_core/lib/python3.12/site-packages/safe_teleop_core-0.1.0-py3.12.egg-info/dependency_links.txt
[2.715s] -- Installing: /workspaces/safe_teleop_slave_ws/install/safe_teleop_core/lib/python3.12/site-packages/safe_teleop_core-0.1.0-py3.12.egg-info/SOURCES.txt
[2.715s] -- Installing: /workspaces/safe_teleop_slave_ws/install/safe_teleop_core/lib/python3.12/site-packages/safe_teleop_core-0.1.0-py3.12.egg-info/top_level.txt
[2.715s] -- Installing: /workspaces/safe_teleop_slave_ws/install/safe_teleop_core/lib/python3.12/site-packages/safe_teleop_core-0.1.0-py3.12.egg-info/PKG-INFO
[2.715s] -- Up-to-date: /workspaces/safe_teleop_slave_ws/install/safe_teleop_core/lib/python3.12/site-packages/safe_teleop_core
[2.715s] -- Up-to-date: /workspaces/safe_teleop_slave_ws/install/safe_teleop_core/lib/python3.12/site-packages/safe_teleop_core/_safe_teleop_core_s.ep.rosidl_typesupport_fastrtps_c.c
[2.715s] -- Installing: /workspaces/safe_teleop_slave_ws/install/safe_teleop_core/lib/python3.12/site-packages/safe_teleop_core/safe_teleop_core_s__rosidl_typesupport_fastrtps_c.so
[2.715s] -- Installing: /workspaces/safe_teleop_slave_ws/install/safe_teleop_core/lib/python3.12/site-packages/safe_teleop_core/safe_teleop_core_s__rosidl_typesupport_c.so
[2.715s] -- Up-to-date: /workspaces/safe_teleop_slave_ws/install/safe_teleop_core/lib/python3.12/site-packages/safe_teleop_core/_safe_teleop_core_s.ep.rosidl_typesupport_c.c
[2.715s] -- Up-to-date: /workspaces/safe_teleop_slave_ws/install/safe_teleop_core/lib/python3.12/site-packages/safe_teleop_core/msg
[2.715s] -- Up-to-date: /workspaces/safe_teleop_slave_ws/install/safe_teleop_core/lib/python3.12/site-packages/safe_teleop_core/msg/_safety_zone_s.c
[2.715s] -- Up-to-date: /workspaces/safe_teleop_slave_ws/install/safe_teleop_core/lib/python3.12/site-packages/safe_teleop_core/msg/_dynamic_object.py
[2.715s] -- Up-to-date: /workspaces/safe_teleop_slave_ws/install/safe_teleop_core/lib/python3.12/site-packages/safe_teleop_core/msg/_dynamic_object_s.c
[2.715s] -- Up-to-date: /workspaces/safe_teleop_slave_ws/install/safe_teleop_core/lib/python3.12/site-packages/safe_teleop_core/msg/_safety_status.py
[2.716s] -- Up-to-date: /workspaces/safe_teleop_slave_ws/install/safe_teleop_core/lib/python3.12/site-packages/safe_teleop_core/msg/_safety_status_s.c
[2.716s] -- Up-to-date: /workspaces/safe_teleop_slave_ws/install/safe_teleop_core/lib/python3.12/site-packages/safe_teleop_core/msg/_collision_warning_s.c
[2.716s] -- Up-to-date: /workspaces/safe_teleop_slave_ws/install/safe_teleop_core/lib/python3.12/site-packages/safe_teleop_core/msg/__init__.py
[2.716s] -- Up-to-date: /workspaces/safe_teleop_slave_ws/install/safe_teleop_core/lib/python3.12/site-packages/safe_teleop_core/msg/_object_status.py
[2.716s] -- Up-to-date: /workspaces/safe_teleop_slave_ws/install/safe_teleop_core/lib/python3.12/site-packages/safe_teleop_core/msg/_safety_zone.py
[2.716s] -- Up-to-date: /workspaces/safe_teleop_slave_ws/install/safe_teleop_core/lib/python3.12/site-packages/safe_teleop_core/msg/_collision_warning.py
[2.716s] -- Up-to-date: /workspaces/safe_teleop_slave_ws/install/safe_teleop_core/lib/python3.12/site-packages/safe_teleop_core/msg/_object_status_s.c
[2.716s] -- Installing: /workspaces/safe_teleop_slave_ws/install/safe_teleop_core/lib/python3.12/site-packages/safe_teleop_core/__init__.py
[2.716s] -- Up-to-date: /workspaces/safe_teleop_slave_ws/install/safe_teleop_core/lib/python3.12/site-packages/safe_teleop_core/srv
[2.716s] -- Up-to-date: /workspaces/safe_teleop_slave_ws/install/safe_teleop_core/lib/python3.12/site-packages/safe_teleop_core/srv/_activate_object.py
[2.716s] -- Up-to-date: /workspaces/safe_teleop_slave_ws/install/safe_teleop_core/lib/python3.12/site-packages/safe_teleop_core/srv/_update_safety_map.py
[2.716s] -- Up-to-date: /workspaces/safe_teleop_slave_ws/install/safe_teleop_core/lib/python3.12/site-packages/safe_teleop_core/srv/_activate_object_s.c
[2.716s] -- Up-to-date: /workspaces/safe_teleop_slave_ws/install/safe_teleop_core/lib/python3.12/site-packages/safe_teleop_core/srv/__init__.py
[2.716s] -- Up-to-date: /workspaces/safe_teleop_slave_ws/install/safe_teleop_core/lib/python3.12/site-packages/safe_teleop_core/srv/_update_safety_map_s.c
[2.716s] -- Installing: /workspaces/safe_teleop_slave_ws/install/safe_teleop_core/lib/python3.12/site-packages/safe_teleop_core/safe_teleop_core_s__rosidl_typesupport_introspection_c.so
[2.716s] -- Up-to-date: /workspaces/safe_teleop_slave_ws/install/safe_teleop_core/lib/python3.12/site-packages/safe_teleop_core/_safe_teleop_core_s.ep.rosidl_typesupport_introspection_c.c
[2.739s] Listing '/workspaces/safe_teleop_slave_ws/install/safe_teleop_core/lib/python3.12/site-packages/safe_teleop_core'...
[2.739s] Compiling '/workspaces/safe_teleop_slave_ws/install/safe_teleop_core/lib/python3.12/site-packages/safe_teleop_core/__init__.py'...
[2.739s] Listing '/workspaces/safe_teleop_slave_ws/install/safe_teleop_core/lib/python3.12/site-packages/safe_teleop_core/msg'...
[2.739s] Listing '/workspaces/safe_teleop_slave_ws/install/safe_teleop_core/lib/python3.12/site-packages/safe_teleop_core/srv'...
[2.743s] -- Installing: /workspaces/safe_teleop_slave_ws/install/safe_teleop_core/lib/python3.12/site-packages/safe_teleop_core/safe_teleop_core_s__rosidl_typesupport_fastrtps_c.so
[2.743s] -- Set non-toolchain portion of runtime path of "/workspaces/safe_teleop_slave_ws/install/safe_teleop_core/lib/python3.12/site-packages/safe_teleop_core/safe_teleop_core_s__rosidl_typesupport_fastrtps_c.so" to ""
[2.744s] -- Installing: /workspaces/safe_teleop_slave_ws/install/safe_teleop_core/lib/python3.12/site-packages/safe_teleop_core/safe_teleop_core_s__rosidl_typesupport_introspection_c.so
[2.744s] -- Set non-toolchain portion of runtime path of "/workspaces/safe_teleop_slave_ws/install/safe_teleop_core/lib/python3.12/site-packages/safe_teleop_core/safe_teleop_core_s__rosidl_typesupport_introspection_c.so" to ""
[2.744s] -- Installing: /workspaces/safe_teleop_slave_ws/install/safe_teleop_core/lib/python3.12/site-packages/safe_teleop_core/safe_teleop_core_s__rosidl_typesupport_c.so
[2.745s] -- Set non-toolchain portion of runtime path of "/workspaces/safe_teleop_slave_ws/install/safe_teleop_core/lib/python3.12/site-packages/safe_teleop_core/safe_teleop_core_s__rosidl_typesupport_c.so" to ""
[2.745s] -- Installing: /workspaces/safe_teleop_slave_ws/install/safe_teleop_core/lib/libsafe_teleop_core__rosidl_generator_py.so
[2.745s] -- Set non-toolchain portion of runtime path of "/workspaces/safe_teleop_slave_ws/install/safe_teleop_core/lib/libsafe_teleop_core__rosidl_generator_py.so" to ""
[2.745s] -- Up-to-date: /workspaces/safe_teleop_slave_ws/install/safe_teleop_core/share/safe_teleop_core/msg/SafetyZone.idl
[2.745s] -- Up-to-date: /workspaces/safe_teleop_slave_ws/install/safe_teleop_core/share/safe_teleop_core/msg/ObjectStatus.idl
[2.745s] -- Up-to-date: /workspaces/safe_teleop_slave_ws/install/safe_teleop_core/share/safe_teleop_core/msg/CollisionWarning.idl
[2.745s] -- Up-to-date: /workspaces/safe_teleop_slave_ws/install/safe_teleop_core/share/safe_teleop_core/msg/DynamicObject.idl
[2.745s] -- Up-to-date: /workspaces/safe_teleop_slave_ws/install/safe_teleop_core/share/safe_teleop_core/msg/SafetyStatus.idl
[2.745s] -- Up-to-date: /workspaces/safe_teleop_slave_ws/install/safe_teleop_core/share/safe_teleop_core/srv/ActivateObject.idl
[2.745s] -- Up-to-date: /workspaces/safe_teleop_slave_ws/install/safe_teleop_core/share/safe_teleop_core/srv/UpdateSafetyMap.idl
[2.745s] -- Installing: /workspaces/safe_teleop_slave_ws/install/safe_teleop_core/share/safe_teleop_core/msg/SafetyZone.msg
[2.745s] -- Installing: /workspaces/safe_teleop_slave_ws/install/safe_teleop_core/share/safe_teleop_core/msg/ObjectStatus.msg
[2.746s] -- Installing: /workspaces/safe_teleop_slave_ws/install/safe_teleop_core/share/safe_teleop_core/msg/CollisionWarning.msg
[2.746s] -- Installing: /workspaces/safe_teleop_slave_ws/install/safe_teleop_core/share/safe_teleop_core/msg/DynamicObject.msg
[2.746s] -- Installing: /workspaces/safe_teleop_slave_ws/install/safe_teleop_core/share/safe_teleop_core/msg/SafetyStatus.msg
[2.746s] -- Installing: /workspaces/safe_teleop_slave_ws/install/safe_teleop_core/share/safe_teleop_core/srv/ActivateObject.srv
[2.746s] -- Installing: /workspaces/safe_teleop_slave_ws/install/safe_teleop_core/share/safe_teleop_core/srv/UpdateSafetyMap.srv
[2.746s] -- Up-to-date: /workspaces/safe_teleop_slave_ws/install/safe_teleop_core/include
[2.746s] -- Up-to-date: /workspaces/safe_teleop_slave_ws/install/safe_teleop_core/include/safe_teleop_core
[2.746s] -- Installing: /workspaces/safe_teleop_slave_ws/install/safe_teleop_core/include/safe_teleop_core/interfaces.hpp
[2.747s] -- Up-to-date: /workspaces/safe_teleop_slave_ws/install/safe_teleop_core/share/ament_index/resource_index/package_run_dependencies/safe_teleop_core
[2.747s] -- Up-to-date: /workspaces/safe_teleop_slave_ws/install/safe_teleop_core/share/ament_index/resource_index/parent_prefix_path/safe_teleop_core
[2.747s] -- Up-to-date: /workspaces/safe_teleop_slave_ws/install/safe_teleop_core/share/safe_teleop_core/environment/ament_prefix_path.sh
[2.747s] -- Up-to-date: /workspaces/safe_teleop_slave_ws/install/safe_teleop_core/share/safe_teleop_core/environment/ament_prefix_path.dsv
[2.747s] -- Up-to-date: /workspaces/safe_teleop_slave_ws/install/safe_teleop_core/share/safe_teleop_core/environment/path.sh
[2.747s] -- Up-to-date: /workspaces/safe_teleop_slave_ws/install/safe_teleop_core/share/safe_teleop_core/environment/path.dsv
[2.747s] -- Up-to-date: /workspaces/safe_teleop_slave_ws/install/safe_teleop_core/share/safe_teleop_core/local_setup.bash
[2.747s] -- Up-to-date: /workspaces/safe_teleop_slave_ws/install/safe_teleop_core/share/safe_teleop_core/local_setup.sh
[2.747s] -- Up-to-date: /workspaces/safe_teleop_slave_ws/install/safe_teleop_core/share/safe_teleop_core/local_setup.zsh
[2.747s] -- Up-to-date: /workspaces/safe_teleop_slave_ws/install/safe_teleop_core/share/safe_teleop_core/local_setup.dsv
[2.747s] -- Installing: /workspaces/safe_teleop_slave_ws/install/safe_teleop_core/share/safe_teleop_core/package.dsv
[2.747s] -- Up-to-date: /workspaces/safe_teleop_slave_ws/install/safe_teleop_core/share/ament_index/resource_index/packages/safe_teleop_core
[2.748s] -- Up-to-date: /workspaces/safe_teleop_slave_ws/install/safe_teleop_core/share/safe_teleop_core/cmake/export_safe_teleop_core__rosidl_generator_cExport.cmake
[2.748s] -- Installing: /workspaces/safe_teleop_slave_ws/install/safe_teleop_core/share/safe_teleop_core/cmake/export_safe_teleop_core__rosidl_generator_cExport-release.cmake
[2.748s] -- Up-to-date: /workspaces/safe_teleop_slave_ws/install/safe_teleop_core/share/safe_teleop_core/cmake/export_safe_teleop_core__rosidl_typesupport_fastrtps_cExport.cmake
[2.748s] -- Installing: /workspaces/safe_teleop_slave_ws/install/safe_teleop_core/share/safe_teleop_core/cmake/export_safe_teleop_core__rosidl_typesupport_fastrtps_cExport-release.cmake
[2.748s] -- Up-to-date: /workspaces/safe_teleop_slave_ws/install/safe_teleop_core/share/safe_teleop_core/cmake/safe_teleop_core__rosidl_typesupport_introspection_cExport.cmake
[2.748s] -- Installing: /workspaces/safe_teleop_slave_ws/install/safe_teleop_core/share/safe_teleop_core/cmake/safe_teleop_core__rosidl_typesupport_introspection_cExport-release.cmake
[2.748s] -- Up-to-date: /workspaces/safe_teleop_slave_ws/install/safe_teleop_core/share/safe_teleop_core/cmake/safe_teleop_core__rosidl_typesupport_cExport.cmake
[2.748s] -- Installing: /workspaces/safe_teleop_slave_ws/install/safe_teleop_core/share/safe_teleop_core/cmake/safe_teleop_core__rosidl_typesupport_cExport-release.cmake
[2.749s] -- Up-to-date: /workspaces/safe_teleop_slave_ws/install/safe_teleop_core/share/safe_teleop_core/cmake/export_safe_teleop_core__rosidl_generator_cppExport.cmake
[2.749s] -- Up-to-date: /workspaces/safe_teleop_slave_ws/install/safe_teleop_core/share/safe_teleop_core/cmake/export_safe_teleop_core__rosidl_typesupport_fastrtps_cppExport.cmake
[2.749s] -- Installing: /workspaces/safe_teleop_slave_ws/install/safe_teleop_core/share/safe_teleop_core/cmake/export_safe_teleop_core__rosidl_typesupport_fastrtps_cppExport-release.cmake
[2.749s] -- Up-to-date: /workspaces/safe_teleop_slave_ws/install/safe_teleop_core/share/safe_teleop_core/cmake/safe_teleop_core__rosidl_typesupport_introspection_cppExport.cmake
[2.749s] -- Installing: /workspaces/safe_teleop_slave_ws/install/safe_teleop_core/share/safe_teleop_core/cmake/safe_teleop_core__rosidl_typesupport_introspection_cppExport-release.cmake
[2.749s] -- Up-to-date: /workspaces/safe_teleop_slave_ws/install/safe_teleop_core/share/safe_teleop_core/cmake/safe_teleop_core__rosidl_typesupport_cppExport.cmake
[2.749s] -- Installing: /workspaces/safe_teleop_slave_ws/install/safe_teleop_core/share/safe_teleop_core/cmake/safe_teleop_core__rosidl_typesupport_cppExport-release.cmake
[2.750s] -- Up-to-date: /workspaces/safe_teleop_slave_ws/install/safe_teleop_core/share/safe_teleop_core/cmake/export_safe_teleop_core__rosidl_generator_pyExport.cmake
[2.750s] -- Installing: /workspaces/safe_teleop_slave_ws/install/safe_teleop_core/share/safe_teleop_core/cmake/export_safe_teleop_core__rosidl_generator_pyExport-release.cmake
[2.750s] -- Up-to-date: /workspaces/safe_teleop_slave_ws/install/safe_teleop_core/share/safe_teleop_core/cmake/rosidl_cmake-extras.cmake
[2.750s] -- Up-to-date: /workspaces/safe_teleop_slave_ws/install/safe_teleop_core/share/safe_teleop_core/cmake/ament_cmake_export_dependencies-extras.cmake
[2.750s] -- Up-to-date: /workspaces/safe_teleop_slave_ws/install/safe_teleop_core/share/safe_teleop_core/cmake/ament_cmake_export_include_directories-extras.cmake
[2.750s] -- Up-to-date: /workspaces/safe_teleop_slave_ws/install/safe_teleop_core/share/safe_teleop_core/cmake/ament_cmake_export_libraries-extras.cmake
[2.750s] -- Up-to-date: /workspaces/safe_teleop_slave_ws/install/safe_teleop_core/share/safe_teleop_core/cmake/ament_cmake_export_targets-extras.cmake
[2.750s] -- Up-to-date: /workspaces/safe_teleop_slave_ws/install/safe_teleop_core/share/safe_teleop_core/cmake/rosidl_cmake_export_typesupport_targets-extras.cmake
[2.750s] -- Up-to-date: /workspaces/safe_teleop_slave_ws/install/safe_teleop_core/share/safe_teleop_core/cmake/rosidl_cmake_export_typesupport_libraries-extras.cmake
[2.750s] -- Up-to-date: /workspaces/safe_teleop_slave_ws/install/safe_teleop_core/share/safe_teleop_core/cmake/safe_teleop_coreConfig.cmake
[2.750s] -- Up-to-date: /workspaces/safe_teleop_slave_ws/install/safe_teleop_core/share/safe_teleop_core/cmake/safe_teleop_coreConfig-version.cmake
[2.750s] -- Installing: /workspaces/safe_teleop_slave_ws/install/safe_teleop_core/share/safe_teleop_core/package.xml
[2.752s] Invoked command in '/workspaces/safe_teleop_slave_ws/build/safe_teleop_core' returned '0': CMAKE_PREFIX_PATH=/opt/ros/jazzy /usr/bin/cmake --install /workspaces/safe_teleop_slave_ws/build/safe_teleop_core
